{"meta": {"format": 3, "version": "7.13.4", "timestamp": "2026-03-16T13:44:18.890248", "branch_coverage": false, "show_contexts": false}, "files": {"src\\howimetyourcorpus\\__init__.py": {"executed_lines": [3], "summary": {"covered_lines": 1, "num_statements": 1, "percent_covered": 100.0, "percent_covered_display": "100", "missing_lines": 0, "excluded_lines": 0, "percent_statements_covered": 100.0, "percent_statements_covered_display": "100"}, "missing_lines": [], "excluded_lines": [], "functions": {"": {"executed_lines": [3], "summary": {"covered_lines": 1, "num_statements": 1, "percent_covered": 100.0, "percent_covered_display": "100", "missing_lines": 0, "excluded_lines": 0, "percent_statements_covered": 100.0, "percent_statements_covered_display": "100"}, "missing_lines": [], "excluded_lines": [], "start_line": 1}}, "classes": {"": {"executed_lines": [3], "summary": {"covered_lines": 1, "num_statements": 1, "percent_covered": 100.0, "percent_covered_display": "100", "missing_lines": 0, "excluded_lines": 0, "percent_statements_covered": 100.0, "percent_statements_covered_display": "100"}, "missing_lines": [], "excluded_lines": [], "start_line": 1}}}, "src\\howimetyourcorpus\\app\\__init__.py": {"executed_lines": [], "summary": {"covered_lines": 0, "num_statements": 0, "percent_covered": 100.0, "percent_covered_display": "100", "missing_lines": 0, "excluded_lines": 0, "percent_statements_covered": 100.0, "percent_statements_covered_display": "100"}, "missing_lines": [], "excluded_lines": [], "functions": {"": {"executed_lines": [], "summary": {"covered_lines": 0, "num_statements": 0, "percent_covered": 100.0, "percent_covered_display": "100", "missing_lines": 0, "excluded_lines": 0, "percent_statements_covered": 100.0, "percent_statements_covered_display": "100"}, "missing_lines": [], "excluded_lines": [], "start_line": 1}}, "classes": {"": {"executed_lines": [], "summary": {"covered_lines": 0, "num_statements": 0, "percent_covered": 100.0, "percent_covered_display": "100", "missing_lines": 0, "excluded_lines": 0, "percent_statements_covered": 100.0, "percent_statements_covered_display": "100"}, "missing_lines": [], "excluded_lines": [], "start_line": 1}}}, "src\\howimetyourcorpus\\app\\dialogs\\__init__.py": {"executed_lines": [3, 4, 5, 6, 7, 9], "summary": {"covered_lines": 6, "num_statements": 6, "percent_covered": 100.0, "percent_covered_display": "100", "missing_lines": 0, "excluded_lines": 0, "percent_statements_covered": 100.0, "percent_statements_covered_display": "100"}, "missing_lines": [], "excluded_lines": [], "functions": {"": {"executed_lines": [3, 4, 5, 6, 7, 9], "summary": {"covered_lines": 6, "num_statements": 6, "percent_covered": 100.0, "percent_covered_display": "100", "missing_lines": 0, "excluded_lines": 0, "percent_statements_covered": 100.0, "percent_statements_covered_display": "100"}, "missing_lines": [], "excluded_lines": [], "start_line": 1}}, "classes": {"": {"executed_lines": [3, 4, 5, 6, 7, 9], "summary": {"covered_lines": 6, "num_statements": 6, "percent_covered": 100.0, "percent_covered_display": "100", "missing_lines": 0, "excluded_lines": 0, "percent_statements_covered": 100.0, "percent_statements_covered_display": "100"}, "missing_lines": [], "excluded_lines": [], "start_line": 1}}}, "src\\howimetyourcorpus\\app\\dialogs\\edit_align_link.py": {"executed_lines": [3, 5, 7, 17, 26, 29, 82, 86, 89, 94], "summary": {"covered_lines": 10, "num_statements": 59, "percent_covered": 16.949152542372882, "percent_covered_display": "17", "missing_lines": 49, "excluded_lines": 0, "percent_statements_covered": 16.949152542372882, "percent_statements_covered_display": "17"}, "missing_lines": [19, 20, 21, 22, 23, 36, 37, 38, 39, 40, 41, 42, 43, 45, 46, 47, 48, 49, 50, 54, 55, 57, 58, 59, 60, 61, 62, 63, 64, 65, 73, 74, 75, 77, 78, 79, 80, 83, 84, 87, 90, 91, 92, 96, 97, 98, 99, 100, 101], "excluded_lines": [], "functions": {"_cue_display": {"executed_lines": [], "summary": {"covered_lines": 0, "num_statements": 5, "percent_covered": 0.0, "percent_covered_display": "0", "missing_lines": 5, "excluded_lines": 0, "percent_statements_covered": 0.0, "percent_statements_covered_display": "0"}, "missing_lines": [19, 20, 21, 22, 23], "excluded_lines": [], "start_line": 17}, "EditAlignLinkDialog.__init__": {"executed_lines": [], "summary": {"covered_lines": 0, "num_statements": 32, "percent_covered": 0.0, "percent_covered_display": "0", "missing_lines": 32, "excluded_lines": 0, "percent_statements_covered": 0.0, "percent_statements_covered_display": "0"}, "missing_lines": [36, 37, 38, 39, 40, 41, 42, 43, 45, 46, 47, 48, 49, 50, 54, 55, 57, 58, 59, 60, 61, 62, 63, 64, 65, 73, 74, 75, 77, 78, 79, 80], "excluded_lines": [], "start_line": 29}, "EditAlignLinkDialog._on_ok": {"executed_lines": [], "summary": {"covered_lines": 0, "num_statements": 2, "percent_covered": 0.0, "percent_covered_display": "0", "missing_lines": 2, "excluded_lines": 0, "percent_statements_covered": 0.0, "percent_statements_covered_display": "0"}, "missing_lines": [83, 84], "excluded_lines": [], "start_line": 82}, "EditAlignLinkDialog.selected_cue_id": {"executed_lines": [], "summary": {"covered_lines": 0, "num_statements": 1, "percent_covered": 0.0, "percent_covered_display": "0", "missing_lines": 1, "excluded_lines": 0, "percent_statements_covered": 0.0, "percent_statements_covered_display": "0"}, "missing_lines": [87], "excluded_lines": [], "start_line": 86}, "EditAlignLinkDialog.selected_cue_id_target": {"executed_lines": [], "summary": {"covered_lines": 0, "num_statements": 3, "percent_covered": 0.0, "percent_covered_display": "0", "missing_lines": 3, "excluded_lines": 0, "percent_statements_covered": 0.0, "percent_statements_covered_display": "0"}, "missing_lines": [90, 91, 92], "excluded_lines": [], "start_line": 89}, "EditAlignLinkDialog.apply": {"executed_lines": [], "summary": {"covered_lines": 0, "num_statements": 6, "percent_covered": 0.0, "percent_covered_display": "0", "missing_lines": 6, "excluded_lines": 0, "percent_statements_covered": 0.0, "percent_statements_covered_display": "0"}, "missing_lines": [96, 97, 98, 99, 100, 101], "excluded_lines": [], "start_line": 94}, "": {"executed_lines": [3, 5, 7, 17, 26, 29, 82, 86, 89, 94], "summary": {"covered_lines": 10, "num_statements": 10, "percent_covered": 100.0, "percent_covered_display": "100", "missing_lines": 0, "excluded_lines": 0, "percent_statements_covered": 100.0, "percent_statements_covered_display": "100"}, "missing_lines": [], "excluded_lines": [], "start_line": 1}}, "classes": {"EditAlignLinkDialog": {"executed_lines": [], "summary": {"covered_lines": 0, "num_statements": 44, "percent_covered": 0.0, "percent_covered_display": "0", "missing_lines": 44, "excluded_lines": 0, "percent_statements_covered": 0.0, "percent_statements_covered_display": "0"}, "missing_lines": [36, 37, 38, 39, 40, 41, 42, 43, 45, 46, 47, 48, 49, 50, 54, 55, 57, 58, 59, 60, 61, 62, 63, 64, 65, 73, 74, 75, 77, 78, 79, 80, 83, 84, 87, 90, 91, 92, 96, 97, 98, 99, 100, 101], "excluded_lines": [], "start_line": 26}, "": {"executed_lines": [3, 5, 7, 17, 26, 29, 82, 86, 89, 94], "summary": {"covered_lines": 10, "num_statements": 15, "percent_covered": 66.66666666666667, "percent_covered_display": "67", "missing_lines": 5, "excluded_lines": 0, "percent_statements_covered": 66.66666666666667, "percent_statements_covered_display": "67"}, "missing_lines": [19, 20, 21, 22, 23], "excluded_lines": [], "start_line": 1}}}, "src\\howimetyourcorpus\\app\\dialogs\\normalize_options.py": {"executed_lines": [3, 5, 7, 18, 21, 24, 31, 32, 33, 34, 36, 37, 41, 42, 44, 45, 46, 47, 49, 50, 52, 53, 55, 56, 58, 59, 61, 62, 64, 65, 67, 68, 69, 71, 72, 73, 74, 75, 76, 77, 78, 80, 81, 83, 86, 87, 88, 90, 91, 92, 94, 95, 96, 97, 98, 99, 100, 101, 102, 103, 105, 107], "summary": {"covered_lines": 62, "num_statements": 63, "percent_covered": 98.41269841269842, "percent_covered_display": "98", "missing_lines": 1, "excluded_lines": 0, "percent_statements_covered": 98.41269841269842, "percent_statements_covered_display": "98"}, "missing_lines": [93], "excluded_lines": [], "functions": {"NormalizeOptionsDialog.__init__": {"executed_lines": [31, 32, 33, 34, 36, 37, 41, 42, 44, 45, 46, 47, 49, 50, 52, 53, 55, 56, 58, 59, 61, 62, 64, 65, 67, 68, 69, 71, 72, 73, 74, 75, 76, 77, 78, 80, 81, 83, 86, 87, 88], "summary": {"covered_lines": 41, "num_statements": 41, "percent_covered": 100.0, "percent_covered_display": "100", "missing_lines": 0, "excluded_lines": 0, "percent_statements_covered": 100.0, "percent_statements_covered_display": "100"}, "missing_lines": [], "excluded_lines": [], "start_line": 24}, "NormalizeOptionsDialog._load_profile_defaults": {"executed_lines": [91, 92, 94, 95, 96, 97, 98, 99, 100, 101, 102, 103], "summary": {"covered_lines": 12, "num_statements": 13, "percent_covered": 92.3076923076923, "percent_covered_display": "92", "missing_lines": 1, "excluded_lines": 0, "percent_statements_covered": 92.3076923076923, "percent_statements_covered_display": "92"}, "missing_lines": [93], "excluded_lines": [], "start_line": 90}, "NormalizeOptionsDialog.get_options": {"executed_lines": [107], "summary": {"covered_lines": 1, "num_statements": 1, "percent_covered": 100.0, "percent_covered_display": "100", "missing_lines": 0, "excluded_lines": 0, "percent_statements_covered": 100.0, "percent_statements_covered_display": "100"}, "missing_lines": [], "excluded_lines": [], "start_line": 105}, "": {"executed_lines": [3, 5, 7, 18, 21, 24, 90, 105], "summary": {"covered_lines": 8, "num_statements": 8, "percent_covered": 100.0, "percent_covered_display": "100", "missing_lines": 0, "excluded_lines": 0, "percent_statements_covered": 100.0, "percent_statements_covered_display": "100"}, "missing_lines": [], "excluded_lines": [], "start_line": 1}}, "classes": {"NormalizeOptionsDialog": {"executed_lines": [31, 32, 33, 34, 36, 37, 41, 42, 44, 45, 46, 47, 49, 50, 52, 53, 55, 56, 58, 59, 61, 62, 64, 65, 67, 68, 69, 71, 72, 73, 74, 75, 76, 77, 78, 80, 81, 83, 86, 87, 88, 91, 92, 94, 95, 96, 97, 98, 99, 100, 101, 102, 103, 107], "summary": {"covered_lines": 54, "num_statements": 55, "percent_covered": 98.18181818181819, "percent_covered_display": "98", "missing_lines": 1, "excluded_lines": 0, "percent_statements_covered": 98.18181818181819, "percent_statements_covered_display": "98"}, "missing_lines": [93], "excluded_lines": [], "start_line": 21}, "": {"executed_lines": [3, 5, 7, 18, 21, 24, 90, 105], "summary": {"covered_lines": 8, "num_statements": 8, "percent_covered": 100.0, "percent_covered_display": "100", "missing_lines": 0, "excluded_lines": 0, "percent_statements_covered": 100.0, "percent_statements_covered_display": "100"}, "missing_lines": [], "excluded_lines": [], "start_line": 1}}}, "src\\howimetyourcorpus\\app\\dialogs\\opensubtitles_download.py": {"executed_lines": [3, 6, 7, 23, 29, 37, 38, 39, 40, 42, 43, 45, 46, 47, 48, 49, 50, 53, 55, 56, 57, 58, 59, 61, 62, 63, 64, 66, 67, 68, 69, 70, 71, 72, 73, 75, 76, 77, 79, 80, 81, 82, 84, 85, 86, 88, 89, 90, 91, 92, 93, 94, 95, 96, 97, 98, 99, 100, 101, 102, 103, 104, 105, 106, 107, 108, 109], "summary": {"covered_lines": 67, "num_statements": 67, "percent_covered": 100.0, "percent_covered_display": "100", "missing_lines": 0, "excluded_lines": 0, "percent_statements_covered": 100.0, "percent_statements_covered_display": "100"}, "missing_lines": [], "excluded_lines": [], "functions": {"OpenSubtitlesDownloadDialog.__init__": {"executed_lines": [37, 38, 39, 40, 42, 43, 45, 46, 47, 48, 49, 50, 53, 55, 56, 57, 58, 59, 61, 62, 63, 64, 66, 67, 68, 69, 70, 71, 72, 73, 75, 76, 77, 79, 80, 81, 82], "summary": {"covered_lines": 37, "num_statements": 37, "percent_covered": 100.0, "percent_covered_display": "100", "missing_lines": 0, "excluded_lines": 0, "percent_statements_covered": 100.0, "percent_statements_covered_display": "100"}, "missing_lines": [], "excluded_lines": [], "start_line": 29}, "OpenSubtitlesDownloadDialog._on_select_all": {"executed_lines": [85, 86], "summary": {"covered_lines": 2, "num_statements": 2, "percent_covered": 100.0, "percent_covered_display": "100", "missing_lines": 0, "excluded_lines": 0, "percent_statements_covered": 100.0, "percent_statements_covered_display": "100"}, "missing_lines": [], "excluded_lines": [], "start_line": 84}, "OpenSubtitlesDownloadDialog._accept": {"executed_lines": [89, 90, 91, 92, 93, 94, 95, 96, 97, 98, 99, 100, 101, 102, 103, 104, 105, 106, 107, 108, 109], "summary": {"covered_lines": 21, "num_statements": 21, "percent_covered": 100.0, "percent_covered_display": "100", "missing_lines": 0, "excluded_lines": 0, "percent_statements_covered": 100.0, "percent_statements_covered_display": "100"}, "missing_lines": [], "excluded_lines": [], "start_line": 88}, "": {"executed_lines": [3, 6, 7, 23, 29, 84, 88], "summary": {"covered_lines": 7, "num_statements": 7, "percent_covered": 100.0, "percent_covered_display": "100", "missing_lines": 0, "excluded_lines": 0, "percent_statements_covered": 100.0, "percent_statements_covered_display": "100"}, "missing_lines": [], "excluded_lines": [], "start_line": 1}}, "classes": {"OpenSubtitlesDownloadDialog": {"executed_lines": [37, 38, 39, 40, 42, 43, 45, 46, 47, 48, 49, 50, 53, 55, 56, 57, 58, 59, 61, 62, 63, 64, 66, 67, 68, 69, 70, 71, 72, 73, 75, 76, 77, 79, 80, 81, 82, 85, 86, 89, 90, 91, 92, 93, 94, 95, 96, 97, 98, 99, 100, 101, 102, 103, 104, 105, 106, 107, 108, 109], "summary": {"covered_lines": 60, "num_statements": 60, "percent_covered": 100.0, "percent_covered_display": "100", "missing_lines": 0, "excluded_lines": 0, "percent_statements_covered": 100.0, "percent_statements_covered_display": "100"}, "missing_lines": [], "excluded_lines": [], "start_line": 23}, "": {"executed_lines": [3, 6, 7, 23, 29, 84, 88], "summary": {"covered_lines": 7, "num_statements": 7, "percent_covered": 100.0, "percent_covered_display": "100", "missing_lines": 0, "excluded_lines": 0, "percent_statements_covered": 100.0, "percent_statements_covered_display": "100"}, "missing_lines": [], "excluded_lines": [], "start_line": 1}}}, "src\\howimetyourcorpus\\app\\dialogs\\profiles.py": {"executed_lines": [3, 5, 6, 8, 9, 32, 33, 34, 37, 40, 41, 42, 43, 44, 45, 46, 47, 48, 49, 50, 51, 52, 53, 54, 55, 56, 57, 58, 59, 60, 61, 62, 66, 67, 68, 69, 70, 71, 72, 73, 74, 75, 76, 77, 78, 79, 80, 81, 82, 83, 84, 85, 87, 88, 89, 90, 91, 92, 93, 119, 120, 121, 122, 123, 124, 125, 126, 127, 128, 130, 131, 132, 133, 134, 135, 136, 137, 139, 150, 151, 152, 153, 154, 155, 158, 159, 160, 164, 182, 199, 200, 201, 203, 204, 205, 206, 207, 208, 209, 210, 211, 212, 213, 214, 215, 216, 217, 218, 219, 220, 222, 223, 224, 225, 226, 227, 228, 229, 230, 231, 232, 234, 239, 240, 242, 243, 244, 245, 246, 247, 248, 249, 250, 251, 253, 258, 261, 480, 489, 532, 580, 591, 621, 716], "summary": {"covered_lines": 144, "num_statements": 488, "percent_covered": 29.508196721311474, "percent_covered_display": "30", "missing_lines": 344, "excluded_lines": 0, "percent_statements_covered": 29.508196721311474, "percent_statements_covered_display": "30"}, "missing_lines": [111, 113, 118, 140, 141, 142, 143, 144, 145, 146, 147, 148, 156, 157, 161, 162, 165, 166, 167, 168, 169, 170, 171, 172, 173, 174, 175, 176, 178, 179, 180, 183, 184, 185, 186, 187, 188, 189, 195, 196, 197, 202, 235, 236, 237, 241, 254, 255, 262, 263, 264, 265, 266, 268, 271, 274, 275, 278, 279, 280, 281, 282, 283, 285, 286, 287, 290, 291, 292, 293, 294, 295, 296, 297, 298, 299, 300, 301, 304, 305, 307, 308, 309, 310, 312, 313, 314, 315, 317, 318, 319, 320, 322, 323, 324, 325, 327, 328, 329, 330, 332, 335, 336, 337, 338, 339, 340, 341, 342, 343, 351, 352, 355, 356, 357, 360, 361, 362, 365, 366, 367, 368, 369, 370, 371, 372, 373, 374, 375, 376, 378, 381, 382, 383, 384, 385, 386, 387, 388, 391, 392, 393, 395, 398, 399, 400, 403, 406, 407, 408, 409, 410, 411, 413, 422, 423, 425, 426, 427, 428, 429, 432, 433, 434, 435, 436, 437, 438, 439, 442, 443, 444, 445, 446, 447, 448, 450, 453, 454, 457, 458, 459, 460, 463, 464, 465, 466, 469, 472, 473, 474, 475, 476, 477, 478, 482, 483, 484, 485, 486, 487, 491, 492, 493, 495, 496, 497, 499, 500, 501, 503, 505, 506, 507, 508, 510, 511, 513, 514, 516, 517, 518, 521, 522, 523, 524, 525, 526, 528, 529, 530, 534, 535, 536, 537, 539, 541, 542, 543, 545, 546, 547, 549, 550, 551, 553, 554, 555, 556, 558, 559, 561, 562, 564, 565, 566, 569, 570, 571, 572, 573, 574, 576, 577, 578, 582, 583, 584, 585, 587, 588, 589, 597, 598, 600, 601, 603, 604, 605, 606, 607, 608, 609, 610, 611, 612, 613, 614, 615, 616, 617, 619, 623, 624, 625, 626, 627, 628, 629, 632, 646, 649, 652, 653, 656, 657, 660, 661, 662, 663, 664, 665, 666, 669, 670, 671, 674, 675, 676, 677, 678, 679, 682, 683, 684, 687, 688, 689, 690, 691, 692, 693, 694, 695, 696, 698, 699, 701, 704, 705, 706, 714, 719, 724], "excluded_lines": [], "functions": {"ProfilesDialog.__init__": {"executed_lines": [41, 42, 43, 44, 45, 46, 47, 48, 49, 50, 51, 52, 53, 54, 55, 56, 57, 58, 59, 60, 61, 62, 66, 67, 68, 69, 70, 71, 72, 73, 74, 75, 76, 77, 78, 79, 80, 81, 82, 83, 84, 85], "summary": {"covered_lines": 42, "num_statements": 42, "percent_covered": 100.0, "percent_covered_display": "100", "missing_lines": 0, "excluded_lines": 0, "percent_statements_covered": 100.0, "percent_statements_covered_display": "100"}, "missing_lines": [], "excluded_lines": [], "start_line": 40}, "ProfilesDialog._load_list": {"executed_lines": [88, 89, 90, 91, 92, 93, 119, 120, 121, 122, 123, 124, 125, 126, 127, 128], "summary": {"covered_lines": 16, "num_statements": 19, "percent_covered": 84.21052631578948, "percent_covered_display": "84", "missing_lines": 3, "excluded_lines": 0, "percent_statements_covered": 84.21052631578948, "percent_statements_covered_display": "84"}, "missing_lines": [111, 113, 118], "excluded_lines": [], "start_line": 87}, "ProfilesDialog._on_selection_changed": {"executed_lines": [131, 132, 133, 134, 135, 136, 137], "summary": {"covered_lines": 7, "num_statements": 7, "percent_covered": 100.0, "percent_covered_display": "100", "missing_lines": 0, "excluded_lines": 0, "percent_statements_covered": 100.0, "percent_statements_covered_display": "100"}, "missing_lines": [], "excluded_lines": [], "start_line": 130}, "ProfilesDialog._save_custom": {"executed_lines": [], "summary": {"covered_lines": 0, "num_statements": 9, "percent_covered": 0.0, "percent_covered_display": "0", "missing_lines": 9, "excluded_lines": 0, "percent_statements_covered": 0.0, "percent_statements_covered_display": "0"}, "missing_lines": [140, 141, 142, 143, 144, 145, 146, 147, 148], "excluded_lines": [], "start_line": 139}, "ProfilesDialog._new_profile": {"executed_lines": [151, 152, 153, 154, 155, 158, 159, 160], "summary": {"covered_lines": 8, "num_statements": 12, "percent_covered": 66.66666666666667, "percent_covered_display": "67", "missing_lines": 4, "excluded_lines": 0, "percent_statements_covered": 66.66666666666667, "percent_statements_covered_display": "67"}, "missing_lines": [156, 157, 161, 162], "excluded_lines": [], "start_line": 150}, "ProfilesDialog._edit_profile": {"executed_lines": [], "summary": {"covered_lines": 0, "num_statements": 15, "percent_covered": 0.0, "percent_covered_display": "0", "missing_lines": 15, "excluded_lines": 0, "percent_statements_covered": 0.0, "percent_statements_covered_display": "0"}, "missing_lines": [165, 166, 167, 168, 169, 170, 171, 172, 173, 174, 175, 176, 178, 179, 180], "excluded_lines": [], "start_line": 164}, "ProfilesDialog._delete_profile": {"executed_lines": [], "summary": {"covered_lines": 0, "num_statements": 10, "percent_covered": 0.0, "percent_covered_display": "0", "missing_lines": 10, "excluded_lines": 0, "percent_statements_covered": 0.0, "percent_statements_covered_display": "0"}, "missing_lines": [183, 184, 185, 186, 187, 188, 189, 195, 196, 197], "excluded_lines": [], "start_line": 182}, "ProfilesDialog._load_source_profile_table": {"executed_lines": [200, 201, 203, 204, 205, 206, 207, 208, 209, 210, 211, 212, 213, 214, 215, 216, 217, 218, 219, 220], "summary": {"covered_lines": 20, "num_statements": 21, "percent_covered": 95.23809523809524, "percent_covered_display": "95", "missing_lines": 1, "excluded_lines": 0, "percent_statements_covered": 95.23809523809524, "percent_statements_covered_display": "95"}, "missing_lines": [202], "excluded_lines": [], "start_line": 199}, "ProfilesDialog._add_source_profile_row": {"executed_lines": [223, 224, 225, 226, 227, 228, 229, 230, 231, 232], "summary": {"covered_lines": 10, "num_statements": 10, "percent_covered": 100.0, "percent_covered_display": "100", "missing_lines": 0, "excluded_lines": 0, "percent_statements_covered": 100.0, "percent_statements_covered_display": "100"}, "missing_lines": [], "excluded_lines": [], "start_line": 222}, "ProfilesDialog._remove_source_profile_row": {"executed_lines": [], "summary": {"covered_lines": 0, "num_statements": 3, "percent_covered": 0.0, "percent_covered_display": "0", "missing_lines": 3, "excluded_lines": 0, "percent_statements_covered": 0.0, "percent_statements_covered_display": "0"}, "missing_lines": [235, 236, 237], "excluded_lines": [], "start_line": 234}, "ProfilesDialog._save_source_profile_defaults": {"executed_lines": [240, 242, 243, 244, 245, 246, 247, 248, 249, 250, 251], "summary": {"covered_lines": 11, "num_statements": 12, "percent_covered": 91.66666666666667, "percent_covered_display": "92", "missing_lines": 1, "excluded_lines": 0, "percent_statements_covered": 91.66666666666667, "percent_statements_covered_display": "92"}, "missing_lines": [241], "excluded_lines": [], "start_line": 239}, "ProfilesDialog._close_profiles_dialog": {"executed_lines": [], "summary": {"covered_lines": 0, "num_statements": 2, "percent_covered": 0.0, "percent_covered_display": "0", "missing_lines": 2, "excluded_lines": 0, "percent_statements_covered": 0.0, "percent_statements_covered_display": "0"}, "missing_lines": [254, 255], "excluded_lines": [], "start_line": 253}, "ProfileEditorDialog.__init__": {"executed_lines": [], "summary": {"covered_lines": 0, "num_statements": 147, "percent_covered": 0.0, "percent_covered_display": "0", "missing_lines": 147, "excluded_lines": 0, "percent_statements_covered": 0.0, "percent_statements_covered_display": "0"}, "missing_lines": [262, 263, 264, 265, 266, 268, 271, 274, 275, 278, 279, 280, 281, 282, 283, 285, 286, 287, 290, 291, 292, 293, 294, 295, 296, 297, 298, 299, 300, 301, 304, 305, 307, 308, 309, 310, 312, 313, 314, 315, 317, 318, 319, 320, 322, 323, 324, 325, 327, 328, 329, 330, 332, 335, 336, 337, 338, 339, 340, 341, 342, 343, 351, 352, 355, 356, 357, 360, 361, 362, 365, 366, 367, 368, 369, 370, 371, 372, 373, 374, 375, 376, 378, 381, 382, 383, 384, 385, 386, 387, 388, 391, 392, 393, 395, 398, 399, 400, 403, 406, 407, 408, 409, 410, 411, 413, 422, 423, 425, 426, 427, 428, 429, 432, 433, 434, 435, 436, 437, 438, 439, 442, 443, 444, 445, 446, 447, 448, 450, 453, 454, 457, 458, 459, 460, 463, 464, 465, 466, 469, 472, 473, 474, 475, 476, 477, 478], "excluded_lines": [], "start_line": 261}, "ProfileEditorDialog._refresh_regex_list": {"executed_lines": [], "summary": {"covered_lines": 0, "num_statements": 6, "percent_covered": 0.0, "percent_covered_display": "0", "missing_lines": 6, "excluded_lines": 0, "percent_statements_covered": 0.0, "percent_statements_covered_display": "0"}, "missing_lines": [482, 483, 484, 485, 486, 487], "excluded_lines": [], "start_line": 480}, "ProfileEditorDialog._add_regex_rule": {"executed_lines": [], "summary": {"covered_lines": 0, "num_statements": 30, "percent_covered": 0.0, "percent_covered_display": "0", "missing_lines": 30, "excluded_lines": 0, "percent_statements_covered": 0.0, "percent_statements_covered_display": "0"}, "missing_lines": [491, 492, 493, 495, 496, 497, 499, 500, 501, 503, 505, 506, 507, 508, 510, 511, 513, 514, 516, 517, 518, 521, 522, 523, 524, 525, 526, 528, 529, 530], "excluded_lines": [], "start_line": 489}, "ProfileEditorDialog._edit_regex_rule": {"executed_lines": [], "summary": {"covered_lines": 0, "num_statements": 34, "percent_covered": 0.0, "percent_covered_display": "0", "missing_lines": 34, "excluded_lines": 0, "percent_statements_covered": 0.0, "percent_statements_covered_display": "0"}, "missing_lines": [534, 535, 536, 537, 539, 541, 542, 543, 545, 546, 547, 549, 550, 551, 553, 554, 555, 556, 558, 559, 561, 562, 564, 565, 566, 569, 570, 571, 572, 573, 574, 576, 577, 578], "excluded_lines": [], "start_line": 532}, "ProfileEditorDialog._remove_regex_rule": {"executed_lines": [], "summary": {"covered_lines": 0, "num_statements": 7, "percent_covered": 0.0, "percent_covered_display": "0", "missing_lines": 7, "excluded_lines": 0, "percent_statements_covered": 0.0, "percent_statements_covered_display": "0"}, "missing_lines": [582, 583, 584, 585, 587, 588, 589], "excluded_lines": [], "start_line": 580}, "ProfileEditorDialog._compute_diff": {"executed_lines": [], "summary": {"covered_lines": 0, "num_statements": 20, "percent_covered": 0.0, "percent_covered_display": "0", "missing_lines": 20, "excluded_lines": 0, "percent_statements_covered": 0.0, "percent_statements_covered_display": "0"}, "missing_lines": [597, 598, 600, 601, 603, 604, 605, 606, 607, 608, 609, 610, 611, 612, 613, 614, 615, 616, 617, 619], "excluded_lines": [], "start_line": 591}, "ProfileEditorDialog._update_preview": {"executed_lines": [], "summary": {"covered_lines": 0, "num_statements": 50, "percent_covered": 0.0, "percent_covered_display": "0", "missing_lines": 50, "excluded_lines": 0, "percent_statements_covered": 0.0, "percent_statements_covered_display": "0"}, "missing_lines": [623, 624, 625, 626, 627, 628, 629, 632, 646, 649, 652, 653, 656, 657, 660, 661, 662, 663, 664, 665, 666, 669, 670, 671, 674, 675, 676, 677, 678, 679, 682, 683, 684, 687, 688, 689, 690, 691, 692, 693, 694, 695, 696, 698, 699, 701, 704, 705, 706, 714], "excluded_lines": [], "start_line": 621}, "ProfileEditorDialog.get_profile_data": {"executed_lines": [], "summary": {"covered_lines": 0, "num_statements": 2, "percent_covered": 0.0, "percent_covered_display": "0", "missing_lines": 2, "excluded_lines": 0, "percent_statements_covered": 0.0, "percent_statements_covered_display": "0"}, "missing_lines": [719, 724], "excluded_lines": [], "start_line": 716}, "": {"executed_lines": [3, 5, 6, 8, 9, 32, 33, 34, 37, 40, 87, 130, 139, 150, 164, 182, 199, 222, 234, 239, 253, 258, 261, 480, 489, 532, 580, 591, 621, 716], "summary": {"covered_lines": 30, "num_statements": 30, "percent_covered": 100.0, "percent_covered_display": "100", "missing_lines": 0, "excluded_lines": 0, "percent_statements_covered": 100.0, "percent_statements_covered_display": "100"}, "missing_lines": [], "excluded_lines": [], "start_line": 1}}, "classes": {"ProfilesDialog": {"executed_lines": [41, 42, 43, 44, 45, 46, 47, 48, 49, 50, 51, 52, 53, 54, 55, 56, 57, 58, 59, 60, 61, 62, 66, 67, 68, 69, 70, 71, 72, 73, 74, 75, 76, 77, 78, 79, 80, 81, 82, 83, 84, 85, 88, 89, 90, 91, 92, 93, 119, 120, 121, 122, 123, 124, 125, 126, 127, 128, 131, 132, 133, 134, 135, 136, 137, 151, 152, 153, 154, 155, 158, 159, 160, 200, 201, 203, 204, 205, 206, 207, 208, 209, 210, 211, 212, 213, 214, 215, 216, 217, 218, 219, 220, 223, 224, 225, 226, 227, 228, 229, 230, 231, 232, 240, 242, 243, 244, 245, 246, 247, 248, 249, 250, 251], "summary": {"covered_lines": 114, "num_statements": 162, "percent_covered": 70.37037037037037, "percent_covered_display": "70", "missing_lines": 48, "excluded_lines": 0, "percent_statements_covered": 70.37037037037037, "percent_statements_covered_display": "70"}, "missing_lines": [111, 113, 118, 140, 141, 142, 143, 144, 145, 146, 147, 148, 156, 157, 161, 162, 165, 166, 167, 168, 169, 170, 171, 172, 173, 174, 175, 176, 178, 179, 180, 183, 184, 185, 186, 187, 188, 189, 195, 196, 197, 202, 235, 236, 237, 241, 254, 255], "excluded_lines": [], "start_line": 37}, "ProfileEditorDialog": {"executed_lines": [], "summary": {"covered_lines": 0, "num_statements": 296, "percent_covered": 0.0, "percent_covered_display": "0", "missing_lines": 296, "excluded_lines": 0, "percent_statements_covered": 0.0, "percent_statements_covered_display": "0"}, "missing_lines": [262, 263, 264, 265, 266, 268, 271, 274, 275, 278, 279, 280, 281, 282, 283, 285, 286, 287, 290, 291, 292, 293, 294, 295, 296, 297, 298, 299, 300, 301, 304, 305, 307, 308, 309, 310, 312, 313, 314, 315, 317, 318, 319, 320, 322, 323, 324, 325, 327, 328, 329, 330, 332, 335, 336, 337, 338, 339, 340, 341, 342, 343, 351, 352, 355, 356, 357, 360, 361, 362, 365, 366, 367, 368, 369, 370, 371, 372, 373, 374, 375, 376, 378, 381, 382, 383, 384, 385, 386, 387, 388, 391, 392, 393, 395, 398, 399, 400, 403, 406, 407, 408, 409, 410, 411, 413, 422, 423, 425, 426, 427, 428, 429, 432, 433, 434, 435, 436, 437, 438, 439, 442, 443, 444, 445, 446, 447, 448, 450, 453, 454, 457, 458, 459, 460, 463, 464, 465, 466, 469, 472, 473, 474, 475, 476, 477, 478, 482, 483, 484, 485, 486, 487, 491, 492, 493, 495, 496, 497, 499, 500, 501, 503, 505, 506, 507, 508, 510, 511, 513, 514, 516, 517, 518, 521, 522, 523, 524, 525, 526, 528, 529, 530, 534, 535, 536, 537, 539, 541, 542, 543, 545, 546, 547, 549, 550, 551, 553, 554, 555, 556, 558, 559, 561, 562, 564, 565, 566, 569, 570, 571, 572, 573, 574, 576, 577, 578, 582, 583, 584, 585, 587, 588, 589, 597, 598, 600, 601, 603, 604, 605, 606, 607, 608, 609, 610, 611, 612, 613, 614, 615, 616, 617, 619, 623, 624, 625, 626, 627, 628, 629, 632, 646, 649, 652, 653, 656, 657, 660, 661, 662, 663, 664, 665, 666, 669, 670, 671, 674, 675, 676, 677, 678, 679, 682, 683, 684, 687, 688, 689, 690, 691, 692, 693, 694, 695, 696, 698, 699, 701, 704, 705, 706, 714, 719, 724], "excluded_lines": [], "start_line": 258}, "": {"executed_lines": [3, 5, 6, 8, 9, 32, 33, 34, 37, 40, 87, 130, 139, 150, 164, 182, 199, 222, 234, 239, 253, 258, 261, 480, 489, 532, 580, 591, 621, 716], "summary": {"covered_lines": 30, "num_statements": 30, "percent_covered": 100.0, "percent_covered_display": "100", "missing_lines": 0, "excluded_lines": 0, "percent_statements_covered": 100.0, "percent_statements_covered_display": "100"}, "missing_lines": [], "excluded_lines": [], "start_line": 1}}}, "src\\howimetyourcorpus\\app\\dialogs\\search_replace.py": {"executed_lines": [3, 5, 17, 20, 21, 22, 23, 25, 26, 27, 28, 29, 31, 32, 33, 34, 35, 37, 38, 39, 40, 41, 42, 43, 45, 48, 49, 50, 52, 53], "summary": {"covered_lines": 30, "num_statements": 30, "percent_covered": 100.0, "percent_covered_display": "100", "missing_lines": 0, "excluded_lines": 0, "percent_statements_covered": 100.0, "percent_statements_covered_display": "100"}, "missing_lines": [], "excluded_lines": [], "functions": {"SearchReplaceDialog.__init__": {"executed_lines": [21, 22, 23, 25, 26, 27, 28, 29, 31, 32, 33, 34, 35, 37, 38, 39, 40, 41, 42, 43, 45, 48, 49, 50], "summary": {"covered_lines": 24, "num_statements": 24, "percent_covered": 100.0, "percent_covered_display": "100", "missing_lines": 0, "excluded_lines": 0, "percent_statements_covered": 100.0, "percent_statements_covered_display": "100"}, "missing_lines": [], "excluded_lines": [], "start_line": 20}, "SearchReplaceDialog.get_params": {"executed_lines": [53], "summary": {"covered_lines": 1, "num_statements": 1, "percent_covered": 100.0, "percent_covered_display": "100", "missing_lines": 0, "excluded_lines": 0, "percent_statements_covered": 100.0, "percent_statements_covered_display": "100"}, "missing_lines": [], "excluded_lines": [], "start_line": 52}, "": {"executed_lines": [3, 5, 17, 20, 52], "summary": {"covered_lines": 5, "num_statements": 5, "percent_covered": 100.0, "percent_covered_display": "100", "missing_lines": 0, "excluded_lines": 0, "percent_statements_covered": 100.0, "percent_statements_covered_display": "100"}, "missing_lines": [], "excluded_lines": [], "start_line": 1}}, "classes": {"SearchReplaceDialog": {"executed_lines": [21, 22, 23, 25, 26, 27, 28, 29, 31, 32, 33, 34, 35, 37, 38, 39, 40, 41, 42, 43, 45, 48, 49, 50, 53], "summary": {"covered_lines": 25, "num_statements": 25, "percent_covered": 100.0, "percent_covered_display": "100", "missing_lines": 0, "excluded_lines": 0, "percent_statements_covered": 100.0, "percent_statements_covered_display": "100"}, "missing_lines": [], "excluded_lines": [], "start_line": 17}, "": {"executed_lines": [3, 5, 17, 20, 52], "summary": {"covered_lines": 5, "num_statements": 5, "percent_covered": 100.0, "percent_covered_display": "100", "missing_lines": 0, "excluded_lines": 0, "percent_statements_covered": 100.0, "percent_statements_covered_display": "100"}, "missing_lines": [], "excluded_lines": [], "start_line": 1}}}, "src\\howimetyourcorpus\\app\\dialogs\\segmentation_options.py": {"executed_lines": [3, 5, 7, 21, 28, 31, 37, 38, 39, 40, 42, 43, 44, 48, 49, 50, 52, 53, 54, 57, 59, 60, 62, 63, 64, 66, 67, 68, 70, 71, 73, 74, 76, 78, 79, 80, 81, 82, 83, 85, 88, 89, 90, 92, 93, 94, 95, 96, 97, 98, 99, 101, 104, 105, 113, 115, 116, 117, 118, 119, 120, 121, 122], "summary": {"covered_lines": 63, "num_statements": 64, "percent_covered": 98.4375, "percent_covered_display": "98", "missing_lines": 1, "excluded_lines": 0, "percent_statements_covered": 98.4375, "percent_statements_covered_display": "98"}, "missing_lines": [102], "excluded_lines": [], "functions": {"SegmentationOptionsDialog.__init__": {"executed_lines": [37, 38, 39, 40], "summary": {"covered_lines": 4, "num_statements": 4, "percent_covered": 100.0, "percent_covered_display": "100", "missing_lines": 0, "excluded_lines": 0, "percent_statements_covered": 100.0, "percent_statements_covered_display": "100"}, "missing_lines": [], "excluded_lines": [], "start_line": 31}, "SegmentationOptionsDialog._build_ui": {"executed_lines": [43, 44, 48, 49, 50, 52, 53, 54, 57, 59, 60, 62, 63, 64, 66, 67, 68, 70, 71, 73, 74, 76, 78, 79, 80, 81, 82, 83, 85, 88, 89, 90], "summary": {"covered_lines": 32, "num_statements": 32, "percent_covered": 100.0, "percent_covered_display": "100", "missing_lines": 0, "excluded_lines": 0, "percent_statements_covered": 100.0, "percent_statements_covered_display": "100"}, "missing_lines": [], "excluded_lines": [], "start_line": 42}, "SegmentationOptionsDialog._set_options": {"executed_lines": [93, 94, 95, 96, 97, 98, 99], "summary": {"covered_lines": 7, "num_statements": 7, "percent_covered": 100.0, "percent_covered_display": "100", "missing_lines": 0, "excluded_lines": 0, "percent_statements_covered": 100.0, "percent_statements_covered_display": "100"}, "missing_lines": [], "excluded_lines": [], "start_line": 92}, "SegmentationOptionsDialog._reset_defaults": {"executed_lines": [], "summary": {"covered_lines": 0, "num_statements": 1, "percent_covered": 0.0, "percent_covered_display": "0", "missing_lines": 1, "excluded_lines": 0, "percent_statements_covered": 0.0, "percent_statements_covered_display": "0"}, "missing_lines": [102], "excluded_lines": [], "start_line": 101}, "SegmentationOptionsDialog.get_options": {"executed_lines": [105, 113], "summary": {"covered_lines": 2, "num_statements": 2, "percent_covered": 100.0, "percent_covered_display": "100", "missing_lines": 0, "excluded_lines": 0, "percent_statements_covered": 100.0, "percent_statements_covered_display": "100"}, "missing_lines": [], "excluded_lines": [], "start_line": 104}, "SegmentationOptionsDialog._accept_with_validation": {"executed_lines": [116, 117, 118, 119, 120, 121, 122], "summary": {"covered_lines": 7, "num_statements": 7, "percent_covered": 100.0, "percent_covered_display": "100", "missing_lines": 0, "excluded_lines": 0, "percent_statements_covered": 100.0, "percent_statements_covered_display": "100"}, "missing_lines": [], "excluded_lines": [], "start_line": 115}, "": {"executed_lines": [3, 5, 7, 21, 28, 31, 42, 92, 101, 104, 115], "summary": {"covered_lines": 11, "num_statements": 11, "percent_covered": 100.0, "percent_covered_display": "100", "missing_lines": 0, "excluded_lines": 0, "percent_statements_covered": 100.0, "percent_statements_covered_display": "100"}, "missing_lines": [], "excluded_lines": [], "start_line": 1}}, "classes": {"SegmentationOptionsDialog": {"executed_lines": [37, 38, 39, 40, 43, 44, 48, 49, 50, 52, 53, 54, 57, 59, 60, 62, 63, 64, 66, 67, 68, 70, 71, 73, 74, 76, 78, 79, 80, 81, 82, 83, 85, 88, 89, 90, 93, 94, 95, 96, 97, 98, 99, 105, 113, 116, 117, 118, 119, 120, 121, 122], "summary": {"covered_lines": 52, "num_statements": 53, "percent_covered": 98.11320754716981, "percent_covered_display": "98", "missing_lines": 1, "excluded_lines": 0, "percent_statements_covered": 98.11320754716981, "percent_statements_covered_display": "98"}, "missing_lines": [102], "excluded_lines": [], "start_line": 28}, "": {"executed_lines": [3, 5, 7, 21, 28, 31, 42, 92, 101, 104, 115], "summary": {"covered_lines": 11, "num_statements": 11, "percent_covered": 100.0, "percent_covered_display": "100", "missing_lines": 0, "excluded_lines": 0, "percent_statements_covered": 100.0, "percent_statements_covered_display": "100"}, "missing_lines": [], "excluded_lines": [], "start_line": 1}}}, "src\\howimetyourcorpus\\app\\dialogs\\subtitle_batch_import.py": {"executed_lines": [3, 5, 7, 8, 24, 27, 35, 36, 37, 38, 39, 40, 41, 42, 43, 44, 45, 46, 47, 48, 49, 50, 52, 53, 54, 55, 56, 57, 58, 59, 60, 61, 62, 63, 64, 65, 66, 67, 68, 69, 71, 72, 73, 74, 75, 76, 79, 80, 81, 82, 83, 84, 85, 86, 87, 88, 89, 90, 92, 93, 94, 98, 99, 100, 101, 102, 103, 104, 106, 107, 108, 109, 110, 111, 112, 113, 114, 115], "summary": {"covered_lines": 78, "num_statements": 85, "percent_covered": 91.76470588235294, "percent_covered_display": "92", "missing_lines": 7, "excluded_lines": 0, "percent_statements_covered": 91.76470588235294, "percent_statements_covered_display": "92"}, "missing_lines": [51, 70, 78, 95, 96, 97, 105], "excluded_lines": [], "functions": {"SubtitleBatchImportDialog.__init__": {"executed_lines": [35, 36, 37, 38, 39, 40, 41, 42, 43, 44, 45, 46, 47, 48, 49, 50, 52, 53, 54, 55, 56, 57, 58, 59, 60, 61, 62, 63, 64, 65, 66, 67, 68, 69, 71, 72, 73, 74, 75, 76, 79, 80, 81, 82, 83, 84, 85, 86, 87, 88, 89, 90], "summary": {"covered_lines": 52, "num_statements": 55, "percent_covered": 94.54545454545455, "percent_covered_display": "95", "missing_lines": 3, "excluded_lines": 0, "percent_statements_covered": 94.54545454545455, "percent_statements_covered_display": "95"}, "missing_lines": [51, 70, 78], "excluded_lines": [], "start_line": 27}, "SubtitleBatchImportDialog._accept": {"executed_lines": [93, 94, 98, 99, 100, 101, 102, 103, 104, 106, 107, 108, 109, 110, 111, 112, 113, 114, 115], "summary": {"covered_lines": 19, "num_statements": 23, "percent_covered": 82.6086956521739, "percent_covered_display": "83", "missing_lines": 4, "excluded_lines": 0, "percent_statements_covered": 82.6086956521739, "percent_statements_covered_display": "83"}, "missing_lines": [95, 96, 97, 105], "excluded_lines": [], "start_line": 92}, "": {"executed_lines": [3, 5, 7, 8, 24, 27, 92], "summary": {"covered_lines": 7, "num_statements": 7, "percent_covered": 100.0, "percent_covered_display": "100", "missing_lines": 0, "excluded_lines": 0, "percent_statements_covered": 100.0, "percent_statements_covered_display": "100"}, "missing_lines": [], "excluded_lines": [], "start_line": 1}}, "classes": {"SubtitleBatchImportDialog": {"executed_lines": [35, 36, 37, 38, 39, 40, 41, 42, 43, 44, 45, 46, 47, 48, 49, 50, 52, 53, 54, 55, 56, 57, 58, 59, 60, 61, 62, 63, 64, 65, 66, 67, 68, 69, 71, 72, 73, 74, 75, 76, 79, 80, 81, 82, 83, 84, 85, 86, 87, 88, 89, 90, 93, 94, 98, 99, 100, 101, 102, 103, 104, 106, 107, 108, 109, 110, 111, 112, 113, 114, 115], "summary": {"covered_lines": 71, "num_statements": 78, "percent_covered": 91.02564102564102, "percent_covered_display": "91", "missing_lines": 7, "excluded_lines": 0, "percent_statements_covered": 91.02564102564102, "percent_statements_covered_display": "91"}, "missing_lines": [51, 70, 78, 95, 96, 97, 105], "excluded_lines": [], "start_line": 24}, "": {"executed_lines": [3, 5, 7, 8, 24, 27, 92], "summary": {"covered_lines": 7, "num_statements": 7, "percent_covered": 100.0, "percent_covered_display": "100", "missing_lines": 0, "excluded_lines": 0, "percent_statements_covered": 100.0, "percent_statements_covered_display": "100"}, "missing_lines": [], "excluded_lines": [], "start_line": 1}}}, "src\\howimetyourcorpus\\app\\main.py": {"executed_lines": [], "summary": {"covered_lines": 0, "num_statements": 16, "percent_covered": 0.0, "percent_covered_display": "0", "missing_lines": 16, "excluded_lines": 0, "percent_statements_covered": 0.0, "percent_statements_covered_display": "0"}, "missing_lines": [3, 5, 6, 8, 10, 11, 14, 15, 16, 17, 18, 19, 20, 21, 24, 25], "excluded_lines": [], "functions": {"main": {"executed_lines": [], "summary": {"covered_lines": 0, "num_statements": 7, "percent_covered": 0.0, "percent_covered_display": "0", "missing_lines": 7, "excluded_lines": 0, "percent_statements_covered": 0.0, "percent_statements_covered_display": "0"}, "missing_lines": [15, 16, 17, 18, 19, 20, 21], "excluded_lines": [], "start_line": 14}, "": {"executed_lines": [], "summary": {"covered_lines": 0, "num_statements": 9, "percent_covered": 0.0, "percent_covered_display": "0", "missing_lines": 9, "excluded_lines": 0, "percent_statements_covered": 0.0, "percent_statements_covered_display": "0"}, "missing_lines": [3, 5, 6, 8, 10, 11, 14, 24, 25], "excluded_lines": [], "start_line": 1}}, "classes": {"": {"executed_lines": [], "summary": {"covered_lines": 0, "num_statements": 16, "percent_covered": 0.0, "percent_covered_display": "0", "missing_lines": 16, "excluded_lines": 0, "percent_statements_covered": 0.0, "percent_statements_covered_display": "0"}, "missing_lines": [3, 5, 6, 8, 10, 11, 14, 15, 16, 17, 18, 19, 20, 21, 24, 25], "excluded_lines": [], "start_line": 1}}}, "src\\howimetyourcorpus\\app\\mainwindow_jobs.py": {"executed_lines": [3, 5, 6, 8, 10, 13, 16, 17, 18, 20, 44, 49, 60, 61, 62, 64, 65, 67, 68, 69, 71, 72, 74, 75, 76, 77, 78, 79, 80, 81, 82, 83, 84, 85, 86, 87, 88, 89, 92, 94, 96, 97, 102, 110, 112, 113, 114, 120, 121, 122, 123, 124, 125, 126, 127, 128, 129, 130, 131, 132, 138, 144, 167], "summary": {"covered_lines": 63, "num_statements": 126, "percent_covered": 50.0, "percent_covered_display": "50", "missing_lines": 63, "excluded_lines": 0, "percent_statements_covered": 50.0, "percent_statements_covered_display": "50"}, "missing_lines": [21, 22, 23, 24, 25, 27, 34, 35, 36, 37, 38, 39, 40, 41, 42, 45, 46, 47, 50, 51, 52, 53, 54, 55, 56, 57, 58, 63, 66, 90, 91, 111, 115, 116, 117, 118, 133, 134, 135, 136, 139, 140, 141, 142, 145, 146, 152, 153, 154, 155, 156, 157, 158, 159, 160, 161, 162, 163, 164, 165, 168, 169, 170], "excluded_lines": [], "functions": {"MainWindowJobsController.__init__": {"executed_lines": [17, 18], "summary": {"covered_lines": 2, "num_statements": 2, "percent_covered": 100.0, "percent_covered_display": "100", "missing_lines": 0, "excluded_lines": 0, "percent_statements_covered": 100.0, "percent_statements_covered_display": "100"}, "missing_lines": [], "excluded_lines": [], "start_line": 16}, "MainWindowJobsController.run_job": {"executed_lines": [], "summary": {"covered_lines": 0, "num_statements": 15, "percent_covered": 0.0, "percent_covered_display": "0", "missing_lines": 15, "excluded_lines": 0, "percent_statements_covered": 0.0, "percent_statements_covered_display": "0"}, "missing_lines": [21, 22, 23, 24, 25, 27, 34, 35, 36, 37, 38, 39, 40, 41, 42], "excluded_lines": [], "start_line": 20}, "MainWindowJobsController.on_job_progress": {"executed_lines": [], "summary": {"covered_lines": 0, "num_statements": 3, "percent_covered": 0.0, "percent_covered_display": "0", "missing_lines": 3, "excluded_lines": 0, "percent_statements_covered": 0.0, "percent_statements_covered_display": "0"}, "missing_lines": [45, 46, 47], "excluded_lines": [], "start_line": 44}, "MainWindowJobsController.on_job_log": {"executed_lines": [], "summary": {"covered_lines": 0, "num_statements": 9, "percent_covered": 0.0, "percent_covered_display": "0", "missing_lines": 9, "excluded_lines": 0, "percent_statements_covered": 0.0, "percent_statements_covered_display": "0"}, "missing_lines": [50, 51, 52, 53, 54, 55, 56, 57, 58], "excluded_lines": [], "start_line": 49}, "MainWindowJobsController.append_job_summary_to_log": {"executed_lines": [61, 62, 64, 65, 67, 68, 69], "summary": {"covered_lines": 7, "num_statements": 9, "percent_covered": 77.77777777777777, "percent_covered_display": "78", "missing_lines": 2, "excluded_lines": 0, "percent_statements_covered": 77.77777777777777, "percent_statements_covered_display": "78"}, "missing_lines": [63, 66], "excluded_lines": [], "start_line": 60}, "MainWindowJobsController.build_job_summary_message": {"executed_lines": [74, 75, 76, 77, 78, 79, 80, 81, 82, 83, 84, 85, 86, 87, 88, 89, 92], "summary": {"covered_lines": 17, "num_statements": 19, "percent_covered": 89.47368421052632, "percent_covered_display": "89", "missing_lines": 2, "excluded_lines": 0, "percent_statements_covered": 89.47368421052632, "percent_statements_covered_display": "89"}, "missing_lines": [90, 91], "excluded_lines": [], "start_line": 72}, "MainWindowJobsController.refresh_tabs_after_job": {"executed_lines": [96, 97, 102, 110, 112, 113, 114], "summary": {"covered_lines": 7, "num_statements": 12, "percent_covered": 58.333333333333336, "percent_covered_display": "58", "missing_lines": 5, "excluded_lines": 0, "percent_statements_covered": 58.333333333333336, "percent_statements_covered_display": "58"}, "missing_lines": [111, 115, 116, 117, 118], "excluded_lines": [], "start_line": 94}, "MainWindowJobsController.on_job_finished": {"executed_lines": [121, 122, 123, 124, 125, 126, 127, 128, 129, 130, 131, 132], "summary": {"covered_lines": 12, "num_statements": 16, "percent_covered": 75.0, "percent_covered_display": "75", "missing_lines": 4, "excluded_lines": 0, "percent_statements_covered": 75.0, "percent_statements_covered_display": "75"}, "missing_lines": [133, 134, 135, 136], "excluded_lines": [], "start_line": 120}, "MainWindowJobsController.on_job_cancelled": {"executed_lines": [], "summary": {"covered_lines": 0, "num_statements": 4, "percent_covered": 0.0, "percent_covered_display": "0", "missing_lines": 4, "excluded_lines": 0, "percent_statements_covered": 0.0, "percent_statements_covered_display": "0"}, "missing_lines": [139, 140, 141, 142], "excluded_lines": [], "start_line": 138}, "MainWindowJobsController.on_job_error": {"executed_lines": [], "summary": {"covered_lines": 0, "num_statements": 16, "percent_covered": 0.0, "percent_covered_display": "0", "missing_lines": 16, "excluded_lines": 0, "percent_statements_covered": 0.0, "percent_statements_covered_display": "0"}, "missing_lines": [145, 146, 152, 153, 154, 155, 156, 157, 158, 159, 160, 161, 162, 163, 164, 165], "excluded_lines": [], "start_line": 144}, "MainWindowJobsController.cancel_job": {"executed_lines": [], "summary": {"covered_lines": 0, "num_statements": 3, "percent_covered": 0.0, "percent_covered_display": "0", "missing_lines": 3, "excluded_lines": 0, "percent_statements_covered": 0.0, "percent_statements_covered_display": "0"}, "missing_lines": [168, 169, 170], "excluded_lines": [], "start_line": 167}, "": {"executed_lines": [3, 5, 6, 8, 10, 13, 16, 20, 44, 49, 60, 71, 72, 94, 120, 138, 144, 167], "summary": {"covered_lines": 18, "num_statements": 18, "percent_covered": 100.0, "percent_covered_display": "100", "missing_lines": 0, "excluded_lines": 0, "percent_statements_covered": 100.0, "percent_statements_covered_display": "100"}, "missing_lines": [], "excluded_lines": [], "start_line": 1}}, "classes": {"MainWindowJobsController": {"executed_lines": [17, 18, 61, 62, 64, 65, 67, 68, 69, 74, 75, 76, 77, 78, 79, 80, 81, 82, 83, 84, 85, 86, 87, 88, 89, 92, 96, 97, 102, 110, 112, 113, 114, 121, 122, 123, 124, 125, 126, 127, 128, 129, 130, 131, 132], "summary": {"covered_lines": 45, "num_statements": 108, "percent_covered": 41.666666666666664, "percent_covered_display": "42", "missing_lines": 63, "excluded_lines": 0, "percent_statements_covered": 41.666666666666664, "percent_statements_covered_display": "42"}, "missing_lines": [21, 22, 23, 24, 25, 27, 34, 35, 36, 37, 38, 39, 40, 41, 42, 45, 46, 47, 50, 51, 52, 53, 54, 55, 56, 57, 58, 63, 66, 90, 91, 111, 115, 116, 117, 118, 133, 134, 135, 136, 139, 140, 141, 142, 145, 146, 152, 153, 154, 155, 156, 157, 158, 159, 160, 161, 162, 163, 164, 165, 168, 169, 170], "excluded_lines": [], "start_line": 13}, "": {"executed_lines": [3, 5, 6, 8, 10, 13, 16, 20, 44, 49, 60, 71, 72, 94, 120, 138, 144, 167], "summary": {"covered_lines": 18, "num_statements": 18, "percent_covered": 100.0, "percent_covered_display": "100", "missing_lines": 0, "excluded_lines": 0, "percent_statements_covered": 100.0, "percent_statements_covered_display": "100"}, "missing_lines": [], "excluded_lines": [], "start_line": 1}}}, "src\\howimetyourcorpus\\app\\mainwindow_project.py": {"executed_lines": [3, 5, 6, 7, 9, 10, 11, 12, 13, 16, 19, 20, 21, 23, 25, 26, 27, 28, 29, 30, 31, 32, 33, 34, 35, 36, 37, 38, 39, 41, 82, 110, 112, 113, 119, 120, 121, 122, 124, 125, 127, 131, 133, 152, 184], "summary": {"covered_lines": 45, "num_statements": 130, "percent_covered": 34.61538461538461, "percent_covered_display": "35", "missing_lines": 85, "excluded_lines": 0, "percent_statements_covered": 34.61538461538461, "percent_statements_covered_display": "35"}, "missing_lines": [43, 44, 45, 46, 47, 48, 49, 50, 51, 52, 53, 54, 55, 64, 65, 66, 67, 68, 69, 70, 71, 72, 73, 74, 75, 76, 77, 78, 79, 80, 84, 85, 86, 95, 96, 97, 98, 99, 101, 102, 103, 104, 105, 106, 107, 108, 123, 129, 130, 135, 136, 137, 138, 139, 140, 141, 142, 143, 144, 145, 146, 147, 148, 149, 150, 158, 159, 160, 161, 162, 163, 164, 165, 166, 167, 173, 182, 186, 187, 188, 189, 190, 191, 192, 193], "excluded_lines": [], "functions": {"MainWindowProjectController.__init__": {"executed_lines": [20, 21], "summary": {"covered_lines": 2, "num_statements": 2, "percent_covered": 100.0, "percent_covered_display": "100", "missing_lines": 0, "excluded_lines": 0, "percent_statements_covered": 100.0, "percent_statements_covered_display": "100"}, "missing_lines": [], "excluded_lines": [], "start_line": 19}, "MainWindowProjectController.refresh_language_combos": {"executed_lines": [25, 26, 27, 28, 29, 30, 31, 32, 33, 34, 35, 36, 37, 38, 39], "summary": {"covered_lines": 15, "num_statements": 15, "percent_covered": 100.0, "percent_covered_display": "100", "missing_lines": 0, "excluded_lines": 0, "percent_statements_covered": 100.0, "percent_statements_covered_display": "100"}, "missing_lines": [], "excluded_lines": [], "start_line": 23}, "MainWindowProjectController.validate_and_init_project_from_tab": {"executed_lines": [], "summary": {"covered_lines": 0, "num_statements": 30, "percent_covered": 0.0, "percent_covered_display": "0", "missing_lines": 30, "excluded_lines": 0, "percent_statements_covered": 0.0, "percent_statements_covered_display": "0"}, "missing_lines": [43, 44, 45, 46, 47, 48, 49, 50, 51, 52, 53, 54, 55, 64, 65, 66, 67, 68, 69, 70, 71, 72, 73, 74, 75, 76, 77, 78, 79, 80], "excluded_lines": [], "start_line": 41}, "MainWindowProjectController.load_existing_project": {"executed_lines": [], "summary": {"covered_lines": 0, "num_statements": 16, "percent_covered": 0.0, "percent_covered_display": "0", "missing_lines": 16, "excluded_lines": 0, "percent_statements_covered": 0.0, "percent_statements_covered_display": "0"}, "missing_lines": [84, 85, 86, 95, 96, 97, 98, 99, 101, 102, 103, 104, 105, 106, 107, 108], "excluded_lines": [], "start_line": 82}, "MainWindowProjectController._refresh_tabs_after_project_open": {"executed_lines": [112, 113, 119, 127, 131], "summary": {"covered_lines": 5, "num_statements": 7, "percent_covered": 71.42857142857143, "percent_covered_display": "71", "missing_lines": 2, "excluded_lines": 0, "percent_statements_covered": 71.42857142857143, "percent_statements_covered_display": "71"}, "missing_lines": [129, 130], "excluded_lines": [], "start_line": 110}, "MainWindowProjectController._refresh_tabs_after_project_open._refresh": {"executed_lines": [120, 121, 122, 124, 125], "summary": {"covered_lines": 5, "num_statements": 6, "percent_covered": 83.33333333333333, "percent_covered_display": "83", "missing_lines": 1, "excluded_lines": 0, "percent_statements_covered": 83.33333333333333, "percent_statements_covered_display": "83"}, "missing_lines": [123], "excluded_lines": [], "start_line": 119}, "MainWindowProjectController.setup_logging_for_project": {"executed_lines": [], "summary": {"covered_lines": 0, "num_statements": 16, "percent_covered": 0.0, "percent_covered_display": "0", "missing_lines": 16, "excluded_lines": 0, "percent_statements_covered": 0.0, "percent_statements_covered_display": "0"}, "missing_lines": [135, 136, 137, 138, 139, 140, 141, 142, 143, 144, 145, 146, 147, 148, 149, 150], "excluded_lines": [], "start_line": 133}, "MainWindowProjectController.sync_config_from_project_tab": {"executed_lines": [], "summary": {"covered_lines": 0, "num_statements": 12, "percent_covered": 0.0, "percent_covered_display": "0", "missing_lines": 12, "excluded_lines": 0, "percent_statements_covered": 0.0, "percent_statements_covered_display": "0"}, "missing_lines": [158, 159, 160, 161, 162, 163, 164, 165, 166, 167, 173, 182], "excluded_lines": [], "start_line": 152}, "MainWindowProjectController.refresh_profile_combos": {"executed_lines": [], "summary": {"covered_lines": 0, "num_statements": 8, "percent_covered": 0.0, "percent_covered_display": "0", "missing_lines": 8, "excluded_lines": 0, "percent_statements_covered": 0.0, "percent_statements_covered_display": "0"}, "missing_lines": [186, 187, 188, 189, 190, 191, 192, 193], "excluded_lines": [], "start_line": 184}, "": {"executed_lines": [3, 5, 6, 7, 9, 10, 11, 12, 13, 16, 19, 23, 41, 82, 110, 133, 152, 184], "summary": {"covered_lines": 18, "num_statements": 18, "percent_covered": 100.0, "percent_covered_display": "100", "missing_lines": 0, "excluded_lines": 0, "percent_statements_covered": 100.0, "percent_statements_covered_display": "100"}, "missing_lines": [], "excluded_lines": [], "start_line": 1}}, "classes": {"MainWindowProjectController": {"executed_lines": [20, 21, 25, 26, 27, 28, 29, 30, 31, 32, 33, 34, 35, 36, 37, 38, 39, 112, 113, 119, 120, 121, 122, 124, 125, 127, 131], "summary": {"covered_lines": 27, "num_statements": 112, "percent_covered": 24.107142857142858, "percent_covered_display": "24", "missing_lines": 85, "excluded_lines": 0, "percent_statements_covered": 24.107142857142858, "percent_statements_covered_display": "24"}, "missing_lines": [43, 44, 45, 46, 47, 48, 49, 50, 51, 52, 53, 54, 55, 64, 65, 66, 67, 68, 69, 70, 71, 72, 73, 74, 75, 76, 77, 78, 79, 80, 84, 85, 86, 95, 96, 97, 98, 99, 101, 102, 103, 104, 105, 106, 107, 108, 123, 129, 130, 135, 136, 137, 138, 139, 140, 141, 142, 143, 144, 145, 146, 147, 148, 149, 150, 158, 159, 160, 161, 162, 163, 164, 165, 166, 167, 173, 182, 186, 187, 188, 189, 190, 191, 192, 193], "excluded_lines": [], "start_line": 16}, "": {"executed_lines": [3, 5, 6, 7, 9, 10, 11, 12, 13, 16, 19, 23, 41, 82, 110, 133, 152, 184], "summary": {"covered_lines": 18, "num_statements": 18, "percent_covered": 100.0, "percent_covered_display": "100", "missing_lines": 0, "excluded_lines": 0, "percent_statements_covered": 100.0, "percent_statements_covered_display": "100"}, "missing_lines": [], "excluded_lines": [], "start_line": 1}}}, "src\\howimetyourcorpus\\app\\mainwindow_tabs.py": {"executed_lines": [3, 5, 6, 8, 20, 23, 36, 37, 38, 39, 40, 41, 42, 43, 44, 46, 47, 48, 56, 58, 59, 60, 75, 76, 81, 86, 87, 88, 97, 98, 103, 104, 105, 112, 113, 118, 119, 120, 126, 127, 132, 133, 134, 138, 139, 144, 145, 146, 151, 152, 157, 158, 159, 160, 162, 163, 164, 165, 167, 168, 169, 170, 172, 177, 178, 179, 181, 182, 183, 187, 188, 190, 191, 192, 193, 195, 196, 197, 198, 200, 201, 202, 203, 205, 206, 207, 208, 209, 213, 214, 215, 216, 217, 218, 219, 220, 221, 223, 224, 225, 226, 227, 228], "summary": {"covered_lines": 103, "num_statements": 109, "percent_covered": 94.4954128440367, "percent_covered_display": "94", "missing_lines": 6, "excluded_lines": 0, "percent_statements_covered": 94.4954128440367, "percent_statements_covered_display": "94"}, "missing_lines": [173, 174, 175, 180, 210, 211], "excluded_lines": [], "functions": {"MainWindowTabsController.__init__": {"executed_lines": [36, 37, 38, 39, 40, 41, 42, 43, 44], "summary": {"covered_lines": 9, "num_statements": 9, "percent_covered": 100.0, "percent_covered_display": "100", "missing_lines": 0, "excluded_lines": 0, "percent_statements_covered": 100.0, "percent_statements_covered_display": "100"}, "missing_lines": [], "excluded_lines": [], "start_line": 23}, "MainWindowTabsController.build_tab_projet": {"executed_lines": [47, 48, 56], "summary": {"covered_lines": 3, "num_statements": 3, "percent_covered": 100.0, "percent_covered_display": "100", "missing_lines": 0, "excluded_lines": 0, "percent_statements_covered": 100.0, "percent_statements_covered_display": "100"}, "missing_lines": [], "excluded_lines": [], "start_line": 46}, "MainWindowTabsController.build_tab_corpus": {"executed_lines": [59, 60, 75, 76, 81], "summary": {"covered_lines": 5, "num_statements": 5, "percent_covered": 100.0, "percent_covered_display": "100", "missing_lines": 0, "excluded_lines": 0, "percent_statements_covered": 100.0, "percent_statements_covered_display": "100"}, "missing_lines": [], "excluded_lines": [], "start_line": 58}, "MainWindowTabsController.build_tab_inspecteur": {"executed_lines": [87, 88, 97, 98], "summary": {"covered_lines": 4, "num_statements": 4, "percent_covered": 100.0, "percent_covered_display": "100", "missing_lines": 0, "excluded_lines": 0, "percent_statements_covered": 100.0, "percent_statements_covered_display": "100"}, "missing_lines": [], "excluded_lines": [], "start_line": 86}, "MainWindowTabsController.build_tab_preparer": {"executed_lines": [104, 105, 112, 113], "summary": {"covered_lines": 4, "num_statements": 4, "percent_covered": 100.0, "percent_covered_display": "100", "missing_lines": 0, "excluded_lines": 0, "percent_statements_covered": 100.0, "percent_statements_covered_display": "100"}, "missing_lines": [], "excluded_lines": [], "start_line": 103}, "MainWindowTabsController.build_tab_alignement": {"executed_lines": [119, 120, 126, 127], "summary": {"covered_lines": 4, "num_statements": 4, "percent_covered": 100.0, "percent_covered_display": "100", "missing_lines": 0, "excluded_lines": 0, "percent_statements_covered": 100.0, "percent_statements_covered_display": "100"}, "missing_lines": [], "excluded_lines": [], "start_line": 118}, "MainWindowTabsController.build_tab_concordance": {"executed_lines": [133, 134, 138, 139], "summary": {"covered_lines": 4, "num_statements": 4, "percent_covered": 100.0, "percent_covered_display": "100", "missing_lines": 0, "excluded_lines": 0, "percent_statements_covered": 100.0, "percent_statements_covered_display": "100"}, "missing_lines": [], "excluded_lines": [], "start_line": 132}, "MainWindowTabsController.build_tab_personnages": {"executed_lines": [145, 146, 151, 152], "summary": {"covered_lines": 4, "num_statements": 4, "percent_covered": 100.0, "percent_covered_display": "100", "missing_lines": 0, "excluded_lines": 0, "percent_statements_covered": 100.0, "percent_statements_covered_display": "100"}, "missing_lines": [], "excluded_lines": [], "start_line": 144}, "MainWindowTabsController.build_tab_logs": {"executed_lines": [158, 159, 160], "summary": {"covered_lines": 3, "num_statements": 3, "percent_covered": 100.0, "percent_covered_display": "100", "missing_lines": 0, "excluded_lines": 0, "percent_statements_covered": 100.0, "percent_statements_covered_display": "100"}, "missing_lines": [], "excluded_lines": [], "start_line": 157}, "MainWindowTabsController.refresh_episodes_from_store": {"executed_lines": [163, 164, 165], "summary": {"covered_lines": 3, "num_statements": 3, "percent_covered": 100.0, "percent_covered_display": "100", "missing_lines": 0, "excluded_lines": 0, "percent_statements_covered": 100.0, "percent_statements_covered_display": "100"}, "missing_lines": [], "excluded_lines": [], "start_line": 162}, "MainWindowTabsController.refresh_inspecteur_episodes": {"executed_lines": [168, 169, 170], "summary": {"covered_lines": 3, "num_statements": 3, "percent_covered": 100.0, "percent_covered_display": "100", "missing_lines": 0, "excluded_lines": 0, "percent_statements_covered": 100.0, "percent_statements_covered_display": "100"}, "missing_lines": [], "excluded_lines": [], "start_line": 167}, "MainWindowTabsController.refresh_subs_tracks": {"executed_lines": [], "summary": {"covered_lines": 0, "num_statements": 3, "percent_covered": 0.0, "percent_covered_display": "0", "missing_lines": 3, "excluded_lines": 0, "percent_statements_covered": 0.0, "percent_statements_covered_display": "0"}, "missing_lines": [173, 174, 175], "excluded_lines": [], "start_line": 172}, "MainWindowTabsController.refresh_preparer": {"executed_lines": [178, 179, 181, 182, 183, 187, 188], "summary": {"covered_lines": 7, "num_statements": 8, "percent_covered": 87.5, "percent_covered_display": "88", "missing_lines": 1, "excluded_lines": 0, "percent_statements_covered": 87.5, "percent_statements_covered_display": "88"}, "missing_lines": [180], "excluded_lines": [], "start_line": 177}, "MainWindowTabsController.refresh_align_runs": {"executed_lines": [191, 192, 193], "summary": {"covered_lines": 3, "num_statements": 3, "percent_covered": 100.0, "percent_covered_display": "100", "missing_lines": 0, "excluded_lines": 0, "percent_statements_covered": 100.0, "percent_statements_covered_display": "100"}, "missing_lines": [], "excluded_lines": [], "start_line": 190}, "MainWindowTabsController.refresh_personnages": {"executed_lines": [196, 197, 198], "summary": {"covered_lines": 3, "num_statements": 3, "percent_covered": 100.0, "percent_covered_display": "100", "missing_lines": 0, "excluded_lines": 0, "percent_statements_covered": 100.0, "percent_statements_covered_display": "100"}, "missing_lines": [], "excluded_lines": [], "start_line": 195}, "MainWindowTabsController.refresh_concordance": {"executed_lines": [201, 202, 203], "summary": {"covered_lines": 3, "num_statements": 3, "percent_covered": 100.0, "percent_covered_display": "100", "missing_lines": 0, "excluded_lines": 0, "percent_statements_covered": 100.0, "percent_statements_covered_display": "100"}, "missing_lines": [], "excluded_lines": [], "start_line": 200}, "MainWindowTabsController.kwic_open_inspector": {"executed_lines": [206, 207, 208, 209], "summary": {"covered_lines": 4, "num_statements": 6, "percent_covered": 66.66666666666667, "percent_covered_display": "67", "missing_lines": 2, "excluded_lines": 0, "percent_statements_covered": 66.66666666666667, "percent_statements_covered_display": "67"}, "missing_lines": [210, 211], "excluded_lines": [], "start_line": 205}, "MainWindowTabsController.open_preparer_for_episode": {"executed_lines": [214, 215, 216, 217, 218, 219, 220, 221], "summary": {"covered_lines": 8, "num_statements": 8, "percent_covered": 100.0, "percent_covered_display": "100", "missing_lines": 0, "excluded_lines": 0, "percent_statements_covered": 100.0, "percent_statements_covered_display": "100"}, "missing_lines": [], "excluded_lines": [], "start_line": 213}, "MainWindowTabsController.open_alignement_for_episode": {"executed_lines": [224, 225, 226, 227, 228], "summary": {"covered_lines": 5, "num_statements": 5, "percent_covered": 100.0, "percent_covered_display": "100", "missing_lines": 0, "excluded_lines": 0, "percent_statements_covered": 100.0, "percent_statements_covered_display": "100"}, "missing_lines": [], "excluded_lines": [], "start_line": 223}, "": {"executed_lines": [3, 5, 6, 8, 20, 23, 46, 58, 86, 103, 118, 132, 144, 157, 162, 167, 172, 177, 190, 195, 200, 205, 213, 223], "summary": {"covered_lines": 24, "num_statements": 24, "percent_covered": 100.0, "percent_covered_display": "100", "missing_lines": 0, "excluded_lines": 0, "percent_statements_covered": 100.0, "percent_statements_covered_display": "100"}, "missing_lines": [], "excluded_lines": [], "start_line": 1}}, "classes": {"MainWindowTabsController": {"executed_lines": [36, 37, 38, 39, 40, 41, 42, 43, 44, 47, 48, 56, 59, 60, 75, 76, 81, 87, 88, 97, 98, 104, 105, 112, 113, 119, 120, 126, 127, 133, 134, 138, 139, 145, 146, 151, 152, 158, 159, 160, 163, 164, 165, 168, 169, 170, 178, 179, 181, 182, 183, 187, 188, 191, 192, 193, 196, 197, 198, 201, 202, 203, 206, 207, 208, 209, 214, 215, 216, 217, 218, 219, 220, 221, 224, 225, 226, 227, 228], "summary": {"covered_lines": 79, "num_statements": 85, "percent_covered": 92.94117647058823, "percent_covered_display": "93", "missing_lines": 6, "excluded_lines": 0, "percent_statements_covered": 92.94117647058823, "percent_statements_covered_display": "93"}, "missing_lines": [173, 174, 175, 180, 210, 211], "excluded_lines": [], "start_line": 20}, "": {"executed_lines": [3, 5, 6, 8, 20, 23, 46, 58, 86, 103, 118, 132, 144, 157, 162, 167, 172, 177, 190, 195, 200, 205, 213, 223], "summary": {"covered_lines": 24, "num_statements": 24, "percent_covered": 100.0, "percent_covered_display": "100", "missing_lines": 0, "excluded_lines": 0, "percent_statements_covered": 100.0, "percent_statements_covered_display": "100"}, "missing_lines": [], "excluded_lines": [], "start_line": 1}}}, "src\\howimetyourcorpus\\app\\models_qt.py": {"executed_lines": [3, 5, 6, 12, 14], "summary": {"covered_lines": 5, "num_statements": 5, "percent_covered": 100.0, "percent_covered_display": "100", "missing_lines": 0, "excluded_lines": 0, "percent_statements_covered": 100.0, "percent_statements_covered_display": "100"}, "missing_lines": [], "excluded_lines": [], "functions": {"": {"executed_lines": [3, 5, 6, 12, 14], "summary": {"covered_lines": 5, "num_statements": 5, "percent_covered": 100.0, "percent_covered_display": "100", "missing_lines": 0, "excluded_lines": 0, "percent_statements_covered": 100.0, "percent_statements_covered_display": "100"}, "missing_lines": [], "excluded_lines": [], "start_line": 1}}, "classes": {"": {"executed_lines": [3, 5, 6, 12, 14], "summary": {"covered_lines": 5, "num_statements": 5, "percent_covered": 100.0, "percent_covered_display": "100", "missing_lines": 0, "excluded_lines": 0, "percent_statements_covered": 100.0, "percent_statements_covered_display": "100"}, "missing_lines": [], "excluded_lines": [], "start_line": 1}}}, "src\\howimetyourcorpus\\app\\models_qt_align.py": {"executed_lines": [3, 5, 7, 10, 17, 20, 21, 32, 33, 34, 35, 37, 43, 44, 45, 46, 47, 51, 55, 56, 57, 58, 59, 63, 64, 65, 66, 67, 68, 69, 70, 71, 72, 73, 74, 76, 77, 79, 81, 82, 84, 86, 106, 107, 108, 109, 110, 112], "summary": {"covered_lines": 48, "num_statements": 75, "percent_covered": 64.0, "percent_covered_display": "64", "missing_lines": 27, "excluded_lines": 0, "percent_statements_covered": 64.0, "percent_statements_covered_display": "64"}, "missing_lines": [11, 12, 13, 14, 78, 83, 87, 88, 89, 90, 91, 92, 93, 94, 95, 96, 97, 98, 99, 100, 101, 102, 103, 104, 113, 114, 115], "excluded_lines": [], "functions": {"_truncate": {"executed_lines": [], "summary": {"covered_lines": 0, "num_statements": 4, "percent_covered": 0.0, "percent_covered_display": "0", "missing_lines": 4, "excluded_lines": 0, "percent_statements_covered": 0.0, "percent_statements_covered_display": "0"}, "missing_lines": [11, 12, 13, 14], "excluded_lines": [], "start_line": 10}, "AlignLinksTableModel.__init__": {"executed_lines": [33, 34, 35], "summary": {"covered_lines": 3, "num_statements": 3, "percent_covered": 100.0, "percent_covered_display": "100", "missing_lines": 0, "excluded_lines": 0, "percent_statements_covered": 100.0, "percent_statements_covered_display": "100"}, "missing_lines": [], "excluded_lines": [], "start_line": 32}, "AlignLinksTableModel.set_links": {"executed_lines": [43, 44, 45, 46, 47, 51, 55, 56, 57, 58, 59, 63, 64, 65, 66, 67, 68, 69, 70, 71, 72, 73, 74], "summary": {"covered_lines": 23, "num_statements": 23, "percent_covered": 100.0, "percent_covered_display": "100", "missing_lines": 0, "excluded_lines": 0, "percent_statements_covered": 100.0, "percent_statements_covered_display": "100"}, "missing_lines": [], "excluded_lines": [], "start_line": 37}, "AlignLinksTableModel.rowCount": {"executed_lines": [77, 79], "summary": {"covered_lines": 2, "num_statements": 3, "percent_covered": 66.66666666666667, "percent_covered_display": "67", "missing_lines": 1, "excluded_lines": 0, "percent_statements_covered": 66.66666666666667, "percent_statements_covered_display": "67"}, "missing_lines": [78], "excluded_lines": [], "start_line": 76}, "AlignLinksTableModel.columnCount": {"executed_lines": [82, 84], "summary": {"covered_lines": 2, "num_statements": 3, "percent_covered": 66.66666666666667, "percent_covered_display": "67", "missing_lines": 1, "excluded_lines": 0, "percent_statements_covered": 66.66666666666667, "percent_statements_covered_display": "67"}, "missing_lines": [83], "excluded_lines": [], "start_line": 81}, "AlignLinksTableModel.data": {"executed_lines": [], "summary": {"covered_lines": 0, "num_statements": 18, "percent_covered": 0.0, "percent_covered_display": "0", "missing_lines": 18, "excluded_lines": 0, "percent_statements_covered": 0.0, "percent_statements_covered_display": "0"}, "missing_lines": [87, 88, 89, 90, 91, 92, 93, 94, 95, 96, 97, 98, 99, 100, 101, 102, 103, 104], "excluded_lines": [], "start_line": 86}, "AlignLinksTableModel.headerData": {"executed_lines": [107, 108, 109, 110], "summary": {"covered_lines": 4, "num_statements": 4, "percent_covered": 100.0, "percent_covered_display": "100", "missing_lines": 0, "excluded_lines": 0, "percent_statements_covered": 100.0, "percent_statements_covered_display": "100"}, "missing_lines": [], "excluded_lines": [], "start_line": 106}, "AlignLinksTableModel.get_link_at": {"executed_lines": [], "summary": {"covered_lines": 0, "num_statements": 3, "percent_covered": 0.0, "percent_covered_display": "0", "missing_lines": 3, "excluded_lines": 0, "percent_statements_covered": 0.0, "percent_statements_covered_display": "0"}, "missing_lines": [113, 114, 115], "excluded_lines": [], "start_line": 112}, "": {"executed_lines": [3, 5, 7, 10, 17, 20, 21, 32, 37, 76, 81, 86, 106, 112], "summary": {"covered_lines": 14, "num_statements": 14, "percent_covered": 100.0, "percent_covered_display": "100", "missing_lines": 0, "excluded_lines": 0, "percent_statements_covered": 100.0, "percent_statements_covered_display": "100"}, "missing_lines": [], "excluded_lines": [], "start_line": 1}}, "classes": {"AlignLinksTableModel": {"executed_lines": [33, 34, 35, 43, 44, 45, 46, 47, 51, 55, 56, 57, 58, 59, 63, 64, 65, 66, 67, 68, 69, 70, 71, 72, 73, 74, 77, 79, 82, 84, 107, 108, 109, 110], "summary": {"covered_lines": 34, "num_statements": 57, "percent_covered": 59.64912280701754, "percent_covered_display": "60", "missing_lines": 23, "excluded_lines": 0, "percent_statements_covered": 59.64912280701754, "percent_statements_covered_display": "60"}, "missing_lines": [78, 83, 87, 88, 89, 90, 91, 92, 93, 94, 95, 96, 97, 98, 99, 100, 101, 102, 103, 104, 113, 114, 115], "excluded_lines": [], "start_line": 17}, "": {"executed_lines": [3, 5, 7, 10, 17, 20, 21, 32, 37, 76, 81, 86, 106, 112], "summary": {"covered_lines": 14, "num_statements": 18, "percent_covered": 77.77777777777777, "percent_covered_display": "78", "missing_lines": 4, "excluded_lines": 0, "percent_statements_covered": 77.77777777777777, "percent_statements_covered_display": "78"}, "missing_lines": [11, 12, 13, 14], "excluded_lines": [], "start_line": 1}}}, "src\\howimetyourcorpus\\app\\models_qt_common.py": {"executed_lines": [3, 5, 7, 8, 10, 13, 18, 20, 21, 22, 23, 40, 45, 46, 49, 50, 51, 52, 53, 57, 58, 60, 61, 62, 63, 64, 65], "summary": {"covered_lines": 27, "num_statements": 48, "percent_covered": 56.25, "percent_covered_display": "56", "missing_lines": 21, "excluded_lines": 0, "percent_statements_covered": 56.25, "percent_statements_covered_display": "56"}, "missing_lines": [19, 24, 25, 27, 28, 29, 30, 31, 32, 33, 34, 35, 36, 37, 47, 54, 55, 56, 67, 68, 69], "excluded_lines": [], "functions": {"compute_episode_text_presence": {"executed_lines": [18, 20, 21, 22, 23], "summary": {"covered_lines": 5, "num_statements": 19, "percent_covered": 26.31578947368421, "percent_covered_display": "26", "missing_lines": 14, "excluded_lines": 0, "percent_statements_covered": 26.31578947368421, "percent_statements_covered_display": "26"}, "missing_lines": [19, 24, 25, 27, 28, 29, 30, 31, 32, 33, 34, 35, 36, 37], "excluded_lines": [], "start_line": 13}, "build_episode_series_map": {"executed_lines": [45, 46, 49, 50, 51, 52, 53, 57, 58, 60, 61, 62, 63, 64, 65], "summary": {"covered_lines": 15, "num_statements": 22, "percent_covered": 68.18181818181819, "percent_covered_display": "68", "missing_lines": 7, "excluded_lines": 0, "percent_statements_covered": 68.18181818181819, "percent_statements_covered_display": "68"}, "missing_lines": [47, 54, 55, 56, 67, 68, 69], "excluded_lines": [], "start_line": 40}, "": {"executed_lines": [3, 5, 7, 8, 10, 13, 40], "summary": {"covered_lines": 7, "num_statements": 7, "percent_covered": 100.0, "percent_covered_display": "100", "missing_lines": 0, "excluded_lines": 0, "percent_statements_covered": 100.0, "percent_statements_covered_display": "100"}, "missing_lines": [], "excluded_lines": [], "start_line": 1}}, "classes": {"": {"executed_lines": [3, 5, 7, 8, 10, 13, 18, 20, 21, 22, 23, 40, 45, 46, 49, 50, 51, 52, 53, 57, 58, 60, 61, 62, 63, 64, 65], "summary": {"covered_lines": 27, "num_statements": 48, "percent_covered": 56.25, "percent_covered_display": "56", "missing_lines": 21, "excluded_lines": 0, "percent_statements_covered": 56.25, "percent_statements_covered_display": "56"}, "missing_lines": [19, 24, 25, 27, 28, 29, 30, 31, 32, 33, 34, 35, 36, 37, 47, 54, 55, 56, 67, 68, 69], "excluded_lines": [], "start_line": 1}}}, "src\\howimetyourcorpus\\app\\models_qt_episodes.py": {"executed_lines": [3, 5, 6, 8, 10, 14, 15, 16, 18, 21, 28, 35, 38, 39, 40, 41, 43, 56, 60, 64, 77, 80, 113, 118, 134, 152, 161, 164, 198, 211, 220, 226, 231, 240, 249, 254, 257, 266, 273, 282, 288, 308, 323, 326, 330, 334, 345, 348, 349, 350, 351, 353, 354, 355, 356, 357, 358, 359, 360, 361, 362, 364, 365, 366, 368, 369, 370, 372, 373, 374, 375, 376, 377, 379, 380, 382, 383, 384, 385, 386, 387, 388, 389, 390, 391, 392, 393, 394, 395, 396, 397, 399, 401, 402, 403, 404, 405, 406, 407, 412, 413, 415, 417, 418, 420, 422, 448, 461, 469, 470, 471, 472, 473, 475, 480, 485, 489, 493, 498, 499, 501, 510, 517, 525, 528, 529, 530, 532, 533, 534, 536, 537, 538], "summary": {"covered_lines": 133, "num_statements": 439, "percent_covered": 30.29612756264237, "percent_covered_display": "30", "missing_lines": 306, "excluded_lines": 0, "percent_statements_covered": 30.29612756264237, "percent_statements_covered_display": "30"}, "missing_lines": [23, 24, 25, 30, 31, 32, 44, 45, 46, 47, 48, 49, 50, 51, 52, 53, 54, 57, 58, 61, 62, 65, 66, 67, 68, 69, 70, 71, 72, 73, 74, 75, 78, 81, 82, 83, 84, 85, 86, 87, 88, 89, 90, 91, 92, 93, 94, 95, 96, 97, 98, 99, 100, 101, 102, 103, 104, 105, 106, 108, 109, 110, 111, 114, 115, 116, 119, 120, 121, 122, 123, 124, 125, 126, 127, 128, 129, 130, 131, 132, 135, 136, 137, 138, 139, 140, 141, 142, 143, 144, 150, 153, 154, 155, 156, 157, 158, 159, 162, 165, 166, 167, 168, 169, 170, 171, 172, 173, 174, 175, 176, 177, 178, 179, 180, 181, 182, 183, 184, 185, 186, 187, 188, 189, 190, 191, 192, 193, 194, 195, 196, 199, 200, 201, 202, 203, 204, 205, 207, 208, 209, 212, 213, 214, 215, 216, 217, 218, 221, 222, 223, 224, 228, 229, 232, 233, 234, 235, 236, 237, 238, 242, 243, 244, 245, 246, 247, 250, 251, 252, 255, 258, 259, 260, 261, 263, 264, 267, 268, 270, 271, 274, 275, 276, 277, 278, 279, 280, 284, 285, 286, 290, 291, 292, 293, 294, 295, 296, 297, 298, 299, 300, 301, 302, 303, 304, 305, 306, 310, 311, 312, 313, 314, 315, 320, 327, 328, 331, 332, 335, 336, 337, 338, 339, 340, 341, 342, 398, 400, 409, 410, 414, 419, 423, 424, 425, 426, 427, 428, 429, 430, 431, 432, 433, 434, 435, 436, 437, 438, 439, 440, 441, 442, 443, 444, 445, 446, 449, 450, 451, 452, 453, 454, 455, 457, 458, 459, 462, 463, 464, 465, 466, 467, 476, 477, 478, 482, 483, 486, 487, 491, 494, 495, 496, 502, 503, 504, 505, 507, 508, 511, 512, 514, 515, 518, 519, 520, 521, 522, 539, 540, 541, 542, 543, 544, 545], "excluded_lines": [], "functions": {"_node_season": {"executed_lines": [], "summary": {"covered_lines": 0, "num_statements": 3, "percent_covered": 0.0, "percent_covered_display": "0", "missing_lines": 3, "excluded_lines": 0, "percent_statements_covered": 0.0, "percent_statements_covered_display": "0"}, "missing_lines": [23, 24, 25], "excluded_lines": [], "start_line": 21}, "_node_episode": {"executed_lines": [], "summary": {"covered_lines": 0, "num_statements": 3, "percent_covered": 0.0, "percent_covered_display": "0", "missing_lines": 3, "excluded_lines": 0, "percent_statements_covered": 0.0, "percent_statements_covered_display": "0"}, "missing_lines": [30, 31, 32], "excluded_lines": [], "start_line": 28}, "EpisodesTreeModel.__init__": {"executed_lines": [], "summary": {"covered_lines": 0, "num_statements": 11, "percent_covered": 0.0, "percent_covered_display": "0", "missing_lines": 11, "excluded_lines": 0, "percent_statements_covered": 0.0, "percent_statements_covered_display": "0"}, "missing_lines": [44, 45, 46, 47, 48, 49, 50, 51, 52, 53, 54], "excluded_lines": [], "start_line": 43}, "EpisodesTreeModel.set_store": {"executed_lines": [], "summary": {"covered_lines": 0, "num_statements": 2, "percent_covered": 0.0, "percent_covered_display": "0", "missing_lines": 2, "excluded_lines": 0, "percent_statements_covered": 0.0, "percent_statements_covered_display": "0"}, "missing_lines": [57, 58], "excluded_lines": [], "start_line": 56}, "EpisodesTreeModel.set_db": {"executed_lines": [], "summary": {"covered_lines": 0, "num_statements": 2, "percent_covered": 0.0, "percent_covered_display": "0", "missing_lines": 2, "excluded_lines": 0, "percent_statements_covered": 0.0, "percent_statements_covered_display": "0"}, "missing_lines": [61, 62], "excluded_lines": [], "start_line": 60}, "EpisodesTreeModel.set_episodes": {"executed_lines": [], "summary": {"covered_lines": 0, "num_statements": 11, "percent_covered": 0.0, "percent_covered_display": "0", "missing_lines": 11, "excluded_lines": 0, "percent_statements_covered": 0.0, "percent_statements_covered_display": "0"}, "missing_lines": [65, 66, 67, 68, 69, 70, 71, 72, 73, 74, 75], "excluded_lines": [], "start_line": 64}, "EpisodesTreeModel._build_series_map": {"executed_lines": [], "summary": {"covered_lines": 0, "num_statements": 1, "percent_covered": 0.0, "percent_covered_display": "0", "missing_lines": 1, "excluded_lines": 0, "percent_statements_covered": 0.0, "percent_statements_covered_display": "0"}, "missing_lines": [78], "excluded_lines": [], "start_line": 77}, "EpisodesTreeModel._refresh_status": {"executed_lines": [], "summary": {"covered_lines": 0, "num_statements": 30, "percent_covered": 0.0, "percent_covered_display": "0", "missing_lines": 30, "excluded_lines": 0, "percent_statements_covered": 0.0, "percent_statements_covered_display": "0"}, "missing_lines": [81, 82, 83, 84, 85, 86, 87, 88, 89, 90, 91, 92, 93, 94, 95, 96, 97, 98, 99, 100, 101, 102, 103, 104, 105, 106, 108, 109, 110, 111], "excluded_lines": [], "start_line": 80}, "EpisodesTreeModel._node": {"executed_lines": [], "summary": {"covered_lines": 0, "num_statements": 3, "percent_covered": 0.0, "percent_covered_display": "0", "missing_lines": 3, "excluded_lines": 0, "percent_statements_covered": 0.0, "percent_statements_covered_display": "0"}, "missing_lines": [114, 115, 116], "excluded_lines": [], "start_line": 113}, "EpisodesTreeModel.index": {"executed_lines": [], "summary": {"covered_lines": 0, "num_statements": 14, "percent_covered": 0.0, "percent_covered_display": "0", "missing_lin
[...]
, 107, 109, 110, 111, 112, 113, 114, 115, 116, 117, 122], "summary": {"covered_lines": 17, "num_statements": 23, "percent_covered": 73.91304347826087, "percent_covered_display": "74", "missing_lines": 6, "excluded_lines": 0, "percent_statements_covered": 73.91304347826087, "percent_statements_covered_display": "74"}, "missing_lines": [105, 108, 118, 119, 120, 121], "excluded_lines": [], "start_line": 86}, "": {"executed_lines": [3, 5, 6, 7, 10, 15, 34, 40, 52, 61, 70, 86], "summary": {"covered_lines": 12, "num_statements": 12, "percent_covered": 100.0, "percent_covered_display": "100", "missing_lines": 0, "excluded_lines": 0, "percent_statements_covered": 100.0, "percent_statements_covered_display": "100"}, "missing_lines": [], "excluded_lines": [], "start_line": 1}}, "classes": {"": {"executed_lines": [3, 5, 6, 7, 10, 12, 15, 24, 25, 26, 27, 28, 34, 36, 37, 40, 42, 43, 44, 45, 46, 47, 49, 52, 54, 55, 56, 57, 58, 61, 63, 64, 65, 66, 67, 70, 78, 79, 80, 81, 82, 83, 86, 99, 100, 102, 103, 104, 106, 107, 109, 110, 111, 112, 113, 114, 115, 116, 117, 122], "summary": {"covered_lines": 60, "num_statements": 67, "percent_covered": 89.55223880597015, "percent_covered_display": "90", "missing_lines": 7, "excluded_lines": 0, "percent_statements_covered": 89.55223880597015, "percent_statements_covered_display": "90"}, "missing_lines": [48, 105, 108, 118, 119, 120, 121], "excluded_lines": [], "start_line": 1}}}, "src\\howimetyourcorpus\\core\\subtitles\\__init__.py": {"executed_lines": [3, 13], "summary": {"covered_lines": 2, "num_statements": 2, "percent_covered": 100.0, "percent_covered_display": "100", "missing_lines": 0, "excluded_lines": 0, "percent_statements_covered": 100.0, "percent_statements_covered_display": "100"}, "missing_lines": [], "excluded_lines": [], "functions": {"": {"executed_lines": [3, 13], "summary": {"covered_lines": 2, "num_statements": 2, "percent_covered": 100.0, "percent_covered_display": "100", "missing_lines": 0, "excluded_lines": 0, "percent_statements_covered": 100.0, "percent_statements_covered_display": "100"}, "missing_lines": [], "excluded_lines": [], "start_line": 1}}, "classes": {"": {"executed_lines": [3, 13], "summary": {"covered_lines": 2, "num_statements": 2, "percent_covered": 100.0, "percent_covered_display": "100", "missing_lines": 0, "excluded_lines": 0, "percent_statements_covered": 100.0, "percent_statements_covered_display": "100"}, "missing_lines": [], "excluded_lines": [], "start_line": 1}}}, "src\\howimetyourcorpus\\core\\subtitles\\parsers.py": {"executed_lines": [6, 8, 9, 10, 11, 14, 18, 21, 25, 27, 30, 31, 34, 36, 38, 39, 40, 41, 44, 45, 51, 52, 53, 54, 55, 56, 57, 58, 60, 61, 62, 63, 67, 71, 72, 73, 74, 75, 76, 77, 78, 79, 80, 83, 84, 85, 86, 87, 88, 89, 90, 91, 92, 93, 94, 95, 96, 97, 98, 99, 100, 101, 102, 112, 114, 115, 118, 122, 123, 124, 125, 126, 127, 129, 130, 131, 133, 134, 135, 136, 137, 138, 139, 140, 141, 146, 147, 158, 159, 160, 161, 162, 163, 164, 165, 166, 167, 168, 169, 179, 180, 183, 188, 190, 194, 197, 202, 203, 204, 205, 214, 220, 221, 222, 223, 224, 225, 226, 227, 231, 233, 234, 235, 236, 239, 244, 245, 246, 247, 248, 249, 250, 251, 254, 256], "summary": {"covered_lines": 135, "num_statements": 161, "percent_covered": 83.85093167701864, "percent_covered_display": "84", "missing_lines": 26, "excluded_lines": 0, "percent_statements_covered": 83.85093167701864, "percent_statements_covered_display": "84"}, "missing_lines": [37, 64, 81, 82, 128, 132, 142, 143, 144, 145, 148, 149, 150, 151, 152, 153, 155, 156, 189, 206, 207, 208, 209, 210, 211, 228], "excluded_lines": [], "functions": {"_timecode_to_ms": {"executed_lines": [31], "summary": {"covered_lines": 1, "num_statements": 1, "percent_covered": 100.0, "percent_covered_display": "100", "missing_lines": 0, "excluded_lines": 0, "percent_statements_covered": 100.0, "percent_statements_covered_display": "100"}, "missing_lines": [], "excluded_lines": [], "start_line": 30}, "_normalize_cue_text": {"executed_lines": [36, 38, 39, 40, 41], "summary": {"covered_lines": 5, "num_statements": 6, "percent_covered": 83.33333333333333, "percent_covered_display": "83", "missing_lines": 1, "excluded_lines": 0, "percent_statements_covered": 83.33333333333333, "percent_statements_covered_display": "83"}, "missing_lines": [37], "excluded_lines": [], "start_line": 34}, "Cue.cue_id": {"executed_lines": [62, 63], "summary": {"covered_lines": 2, "num_statements": 3, "percent_covered": 66.66666666666667, "percent_covered_display": "67", "missing_lines": 1, "excluded_lines": 0, "percent_statements_covered": 66.66666666666667, "percent_statements_covered_display": "67"}, "missing_lines": [64], "excluded_lines": [], "start_line": 61}, "parse_srt": {"executed_lines": [71, 72, 73, 74, 75, 76, 77, 78, 79, 80, 83, 84, 85, 86, 87, 88, 89, 90, 91, 92, 93, 94, 95, 96, 97, 98, 99, 100, 101, 102, 112, 114, 115], "summary": {"covered_lines": 33, "num_statements": 35, "percent_covered": 94.28571428571429, "percent_covered_display": "94", "missing_lines": 2, "excluded_lines": 0, "percent_statements_covered": 94.28571428571429, "percent_statements_covered_display": "94"}, "missing_lines": [81, 82], "excluded_lines": [], "start_line": 67}, "parse_vtt": {"executed_lines": [122, 123, 124, 125, 126, 127, 129, 130, 131, 133, 134, 135, 136, 137, 138, 139, 140, 141, 146, 147, 158, 159, 160, 161, 162, 163, 164, 165, 166, 167, 168, 169, 179, 180], "summary": {"covered_lines": 34, "num_statements": 48, "percent_covered": 70.83333333333333, "percent_covered_display": "71", "missing_lines": 14, "excluded_lines": 0, "percent_statements_covered": 70.83333333333333, "percent_statements_covered_display": "71"}, "missing_lines": [128, 132, 142, 143, 144, 145, 148, 149, 150, 151, 152, 153, 155, 156], "excluded_lines": [], "start_line": 118}, "parse_subtitle_content": {"executed_lines": [188, 190], "summary": {"covered_lines": 2, "num_statements": 3, "percent_covered": 66.66666666666667, "percent_covered_display": "67", "missing_lines": 1, "excluded_lines": 0, "percent_statements_covered": 66.66666666666667, "percent_statements_covered_display": "67"}, "missing_lines": [189], "excluded_lines": [], "start_line": 183}, "read_subtitle_file_content": {"executed_lines": [202, 203, 204, 205], "summary": {"covered_lines": 4, "num_statements": 10, "percent_covered": 40.0, "percent_covered_display": "40", "missing_lines": 6, "excluded_lines": 0, "percent_statements_covered": 40.0, "percent_statements_covered_display": "40"}, "missing_lines": [206, 207, 208, 209, 210, 211], "excluded_lines": [], "start_line": 197}, "parse_subtitle_file": {"executed_lines": [220, 221, 222, 223, 224, 225, 226, 227], "summary": {"covered_lines": 8, "num_statements": 9, "percent_covered": 88.88888888888889, "percent_covered_display": "89", "missing_lines": 1, "excluded_lines": 0, "percent_statements_covered": 88.88888888888889, "percent_statements_covered_display": "89"}, "missing_lines": [228], "excluded_lines": [], "start_line": 214}, "_ms_to_srt_time": {"executed_lines": [233, 234, 235, 236], "summary": {"covered_lines": 4, "num_statements": 4, "percent_covered": 100.0, "percent_covered_display": "100", "missing_lines": 0, "excluded_lines": 0, "percent_statements_covered": 100.0, "percent_statements_covered_display": "100"}, "missing_lines": [], "excluded_lines": [], "start_line": 231}, "cues_to_srt": {"executed_lines": [244, 245, 246, 247, 248, 249, 250, 251], "summary": {"covered_lines": 8, "num_statements": 8, "percent_covered": 100.0, "percent_covered_display": "100", "missing_lines": 0, "excluded_lines": 0, "percent_statements_covered": 100.0, "percent_statements_covered_display": "100"}, "missing_lines": [], "excluded_lines": [], "start_line": 239}, "cues_to_audit_rows": {"executed_lines": [256], "summary": {"covered_lines": 1, "num_statements": 1, "percent_covered": 100.0, "percent_covered_display": "100", "missing_lines": 0, "excluded_lines": 0, "percent_statements_covered": 100.0, "percent_statements_covered_display": "100"}, "missing_lines": [], "excluded_lines": [], "start_line": 254}, "": {"executed_lines": [6, 8, 9, 10, 11, 14, 18, 21, 25, 27, 30, 34, 44, 45, 51, 52, 53, 54, 55, 56, 57, 58, 60, 61, 67, 118, 183, 194, 197, 214, 231, 239, 254], "summary": {"covered_lines": 33, "num_statements": 33, "percent_covered": 100.0, "percent_covered_display": "100", "missing_lines": 0, "excluded_lines": 0, "percent_statements_covered": 100.0, "percent_statements_covered_display": "100"}, "missing_lines": [], "excluded_lines": [], "start_line": 1}}, "classes": {"Cue": {"executed_lines": [62, 63], "summary": {"covered_lines": 2, "num_statements": 3, "percent_covered": 66.66666666666667, "percent_covered_display": "67", "missing_lines": 1, "excluded_lines": 0, "percent_statements_covered": 66.66666666666667, "percent_statements_covered_display": "67"}, "missing_lines": [64], "excluded_lines": [], "start_line": 45}, "": {"executed_lines": [6, 8, 9, 10, 11, 14, 18, 21, 25, 27, 30, 31, 34, 36, 38, 39, 40, 41, 44, 45, 51, 52, 53, 54, 55, 56, 57, 58, 60, 61, 67, 71, 72, 73, 74, 75, 76, 77, 78, 79, 80, 83, 84, 85, 86, 87, 88, 89, 90, 91, 92, 93, 94, 95, 96, 97, 98, 99, 100, 101, 102, 112, 114, 115, 118, 122, 123, 124, 125, 126, 127, 129, 130, 131, 133, 134, 135, 136, 137, 138, 139, 140, 141, 146, 147, 158, 159, 160, 161, 162, 163, 164, 165, 166, 167, 168, 169, 179, 180, 183, 188, 190, 194, 197, 202, 203, 204, 205, 214, 220, 221, 222, 223, 224, 225, 226, 227, 231, 233, 234, 235, 236, 239, 244, 245, 246, 247, 248, 249, 250, 251, 254, 256], "summary": {"covered_lines": 133, "num_statements": 158, "percent_covered": 84.17721518987342, "percent_covered_display": "84", "missing_lines": 25, "excluded_lines": 0, "percent_statements_covered": 84.17721518987342, "percent_statements_covered_display": "84"}, "missing_lines": [37, 81, 82, 128, 132, 142, 143, 144, 145, 148, 149, 150, 151, 152, 153, 155, 156, 189, 206, 207, 208, 209, 210, 211, 228], "excluded_lines": [], "start_line": 1}}}, "src\\howimetyourcorpus\\core\\utils\\__init__.py": {"executed_lines": [], "summary": {"covered_lines": 0, "num_statements": 0, "percent_covered": 100.0, "percent_covered_display": "100", "missing_lines": 0, "excluded_lines": 0, "percent_statements_covered": 100.0, "percent_statements_covered_display": "100"}, "missing_lines": [], "excluded_lines": [], "functions": {"": {"executed_lines": [], "summary": {"covered_lines": 0, "num_statements": 0, "percent_covered": 100.0, "percent_covered_display": "100", "missing_lines": 0, "excluded_lines": 0, "percent_statements_covered": 100.0, "percent_statements_covered_display": "100"}, "missing_lines": [], "excluded_lines": [], "start_line": 1}}, "classes": {"": {"executed_lines": [], "summary": {"covered_lines": 0, "num_statements": 0, "percent_covered": 100.0, "percent_covered_display": "100", "missing_lines": 0, "excluded_lines": 0, "percent_statements_covered": 100.0, "percent_statements_covered_display": "100"}, "missing_lines": [], "excluded_lines": [], "start_line": 1}}}, "src\\howimetyourcorpus\\core\\utils\\http.py": {"executed_lines": [], "summary": {"covered_lines": 0, "num_statements": 100, "percent_covered": 0.0, "percent_covered_display": "0", "missing_lines": 100, "excluded_lines": 0, "percent_statements_covered": 0.0, "percent_statements_covered_display": "0"}, "missing_lines": [3, 4, 5, 6, 7, 8, 10, 12, 15, 18, 20, 21, 24, 26, 27, 30, 66, 67, 68, 69, 70, 71, 73, 74, 75, 77, 78, 79, 80, 82, 83, 84, 85, 86, 87, 90, 91, 92, 93, 94, 95, 96, 97, 103, 104, 105, 107, 109, 110, 113, 114, 115, 117, 118, 119, 120, 121, 122, 125, 160, 161, 162, 163, 164, 165, 167, 168, 169, 171, 172, 173, 174, 176, 177, 178, 179, 180, 181, 184, 185, 186, 187, 188, 189, 190, 191, 197, 198, 199, 201, 202, 205, 206, 207, 209, 210, 211, 212, 213, 214], "excluded_lines": [], "functions": {"_cache_path": {"executed_lines": [], "summary": {"covered_lines": 0, "num_statements": 2, "percent_covered": 0.0, "percent_covered_display": "0", "missing_lines": 2, "excluded_lines": 0, "percent_statements_covered": 0.0, "percent_statements_covered_display": "0"}, "missing_lines": [20, 21], "excluded_lines": [], "start_line": 18}, "_cache_path_json": {"executed_lines": [], "summary": {"covered_lines": 0, "num_statements": 2, "percent_covered": 0.0, "percent_covered_display": "0", "missing_lines": 2, "excluded_lines": 0, "percent_statements_covered": 0.0, "percent_statements_covered_display": "0"}, "missing_lines": [26, 27], "excluded_lines": [], "start_line": 24}, "get_html": {"executed_lines": [], "summary": {"covered_lines": 0, "num_statements": 42, "percent_covered": 0.0, "percent_covered_display": "0", "missing_lines": 42, "excluded_lines": 0, "percent_statements_covered": 0.0, "percent_statements_covered_display": "0"}, "missing_lines": [66, 67, 68, 69, 70, 71, 73, 74, 75, 77, 78, 79, 80, 82, 83, 84, 85, 86, 87, 90, 91, 92, 93, 94, 95, 96, 97, 103, 104, 105, 107, 109, 110, 113, 114, 115, 117, 118, 119, 120, 121, 122], "excluded_lines": [], "start_line": 30}, "get_json": {"executed_lines": [], "summary": {"covered_lines": 0, "num_statements": 41, "percent_covered": 0.0, "percent_covered_display": "0", "missing_lines": 41, "excluded_lines": 0, "percent_statements_covered": 0.0, "percent_statements_covered_display": "0"}, "missing_lines": [160, 161, 162, 163, 164, 165, 167, 168, 169, 171, 172, 173, 174, 176, 177, 178, 179, 180, 181, 184, 185, 186, 187, 188, 189, 190, 191, 197, 198, 199, 201, 202, 205, 206, 207, 209, 210, 211, 212, 213, 214], "excluded_lines": [], "start_line": 125}, "": {"executed_lines": [], "summary": {"covered_lines": 0, "num_statements": 13, "percent_covered": 0.0, "percent_covered_display": "0", "missing_lines": 13, "excluded_lines": 0, "percent_statements_covered": 0.0, "percent_statements_covered_display": "0"}, "missing_lines": [3, 4, 5, 6, 7, 8, 10, 12, 15, 18, 24, 30, 125], "excluded_lines": [], "start_line": 1}}, "classes": {"": {"executed_lines": [], "summary": {"covered_lines": 0, "num_statements": 100, "percent_covered": 0.0, "percent_covered_display": "0", "missing_lines": 100, "excluded_lines": 0, "percent_statements_covered": 0.0, "percent_statements_covered_display": "0"}, "missing_lines": [3, 4, 5, 6, 7, 8, 10, 12, 15, 18, 20, 21, 24, 26, 27, 30, 66, 67, 68, 69, 70, 71, 73, 74, 75, 77, 78, 79, 80, 82, 83, 84, 85, 86, 87, 90, 91, 92, 93, 94, 95, 96, 97, 103, 104, 105, 107, 109, 110, 113, 114, 115, 117, 118, 119, 120, 121, 122, 125, 160, 161, 162, 163, 164, 165, 167, 168, 169, 171, 172, 173, 174, 176, 177, 178, 179, 180, 181, 184, 185, 186, 187, 188, 189, 190, 191, 197, 198, 199, 201, 202, 205, 206, 207, 209, 210, 211, 212, 213, 214], "excluded_lines": [], "start_line": 1}}}, "src\\howimetyourcorpus\\core\\utils\\logging.py": {"executed_lines": [3, 4, 5, 6, 9, 53], "summary": {"covered_lines": 6, "num_statements": 26, "percent_covered": 23.076923076923077, "percent_covered_display": "23", "missing_lines": 20, "excluded_lines": 0, "percent_statements_covered": 23.076923076923077, "percent_statements_covered_display": "23"}, "missing_lines": [25, 26, 28, 29, 30, 33, 34, 37, 38, 39, 41, 42, 43, 44, 45, 46, 48, 49, 50, 55], "excluded_lines": [], "functions": {"setup_logging": {"executed_lines": [], "summary": {"covered_lines": 0, "num_statements": 19, "percent_covered": 0.0, "percent_covered_display": "0", "missing_lines": 19, "excluded_lines": 0, "percent_statements_covered": 0.0, "percent_statements_covered_display": "0"}, "missing_lines": [25, 26, 28, 29, 30, 33, 34, 37, 38, 39, 41, 42, 43, 44, 45, 46, 48, 49, 50], "excluded_lines": [], "start_line": 9}, "get_log_file_for_project": {"executed_lines": [], "summary": {"covered_lines": 0, "num_statements": 1, "percent_covered": 0.0, "percent_covered_display": "0", "missing_lines": 1, "excluded_lines": 0, "percent_statements_covered": 0.0, "percent_statements_covered_display": "0"}, "missing_lines": [55], "excluded_lines": [], "start_line": 53}, "": {"executed_lines": [3, 4, 5, 6, 9, 53], "summary": {"covered_lines": 6, "num_statements": 6, "percent_covered": 100.0, "percent_covered_display": "100", "missing_lines": 0, "excluded_lines": 0, "percent_statements_covered": 100.0, "percent_statements_covered_display": "100"}, "missing_lines": [], "excluded_lines": [], "start_line": 1}}, "classes": {"": {"executed_lines": [3, 4, 5, 6, 9, 53], "summary": {"covered_lines": 6, "num_statements": 26, "percent_covered": 23.076923076923077, "percent_covered_display": "23", "missing_lines": 20, "excluded_lines": 0, "percent_statements_covered": 23.076923076923077, "percent_statements_covered_display": "23"}, "missing_lines": [25, 26, 28, 29, 30, 33, 34, 37, 38, 39, 41, 42, 43, 44, 45, 46, 48, 49, 50, 55], "excluded_lines": [], "start_line": 1}}}, "src\\howimetyourcorpus\\core\\utils\\text.py": {"executed_lines": [3, 6, 8, 9, 12, 14, 18, 21, 23, 26, 28, 29, 32, 34, 35, 37], "summary": {"covered_lines": 16, "num_statements": 17, "percent_covered": 94.11764705882354, "percent_covered_display": "94", "missing_lines": 1, "excluded_lines": 0, "percent_statements_covered": 94.11764705882354, "percent_statements_covered_display": "94"}, "missing_lines": [36], "excluded_lines": [], "functions": {"extract_episode_id_from_message": {"executed_lines": [8, 9], "summary": {"covered_lines": 2, "num_statements": 2, "percent_covered": 100.0, "percent_covered_display": "100", "missing_lines": 0, "excluded_lines": 0, "percent_statements_covered": 100.0, "percent_statements_covered_display": "100"}, "missing_lines": [], "excluded_lines": [], "start_line": 6}, "normalize_whitespace": {"executed_lines": [14], "summary": {"covered_lines": 1, "num_statements": 1, "percent_covered": 100.0, "percent_covered_display": "100", "missing_lines": 0, "excluded_lines": 0, "percent_statements_covered": 100.0, "percent_statements_covered_display": "100"}, "missing_lines": [], "excluded_lines": [], "start_line": 12}, "looks_like_speaker_line": {"executed_lines": [23], "summary": {"covered_lines": 1, "num_statements": 1, "percent_covered": 100.0, "percent_covered_display": "100", "missing_lines": 0, "excluded_lines": 0, "percent_statements_covered": 100.0, "percent_statements_covered_display": "100"}, "missing_lines": [], "excluded_lines": [], "start_line": 21}, "ends_with_sentence_boundary": {"executed_lines": [28, 29], "summary": {"covered_lines": 2, "num_statements": 2, "percent_covered": 100.0, "percent_covered_display": "100", "missing_lines": 0, "excluded_lines": 0, "percent_statements_covered": 100.0, "percent_statements_covered_display": "100"}, "missing_lines": [], "excluded_lines": [], "start_line": 26}, "looks_like_didascalia": {"executed_lines": [34, 35, 37], "summary": {"covered_lines": 3, "num_statements": 4, "percent_covered": 75.0, "percent_covered_display": "75", "missing_lines": 1, "excluded_lines": 0, "percent_statements_covered": 75.0, "percent_statements_covered_display": "75"}, "missing_lines": [36], "excluded_lines": [], "start_line": 32}, "": {"executed_lines": [3, 6, 12, 18, 21, 26, 32], "summary": {"covered_lines": 7, "num_statements": 7, "percent_covered": 100.0, "percent_covered_display": "100", "missing_lines": 0, "excluded_lines": 0, "percent_statements_covered": 100.0, "percent_statements_covered_display": "100"}, "missing_lines": [], "excluded_lines": [], "start_line": 1}}, "classes": {"": {"executed_lines": [3, 6, 8, 9, 12, 14, 18, 21, 23, 26, 28, 29, 32, 34, 35, 37], "summary": {"covered_lines": 16, "num_statements": 17, "percent_covered": 94.11764705882354, "percent_covered_display": "94", "missing_lines": 1, "excluded_lines": 0, "percent_statements_covered": 94.11764705882354, "percent_statements_covered_display": "94"}, "missing_lines": [36], "excluded_lines": [], "start_line": 1}}}}, "totals": {"covered_lines": 7758, "num_statements": 11922, "percent_covered": 65.07297433316558, "percent_covered_display": "65", "missing_lines": 4164, "excluded_lines": 18, "percent_statements_covered": 65.07297433316558, "percent_statements_covered_display": "65"}}