============================= test session starts =============================
platform win32 -- Python 3.12.0, pytest-9.0.2, pluggy-1.6.0 -- C:\Program Files\Python312\python.exe
cachedir: .pytest_cache
rootdir: C:\Dev\HIMYC-3
configfile: pyproject.toml
plugins: anyio-4.12.1, cov-7.0.0, respx-0.22.0
collecting ... collected 713 items

tests/test_adapter_subslikescript.py::test_adapter_registered PASSED     [  0%]
tests/test_adapter_subslikescript.py::test_normalize_episode_id PASSED   [  0%]
tests/test_adapter_subslikescript.py::test_adapter_subslikescript_discover PASSED [  0%]
tests/test_adapter_subslikescript.py::test_adapter_subslikescript_parse_episode PASSED [  0%]
tests/test_adapter_subslikescript.py::test_adapter_parse_episode_too_short_raises PASSED [  0%]
tests/test_adapter_subslikescript.py::test_adapter_parse_episode_script_div_too_short_raises PASSED [  0%]
tests/test_adapter_subslikescript.py::test_adapter_discover_broken_html_returns_empty_episodes PASSED [  0%]
tests/test_adapter_subslikescript.py::test_adapter_discover_series_links_changed_returns_empty_episodes PASSED [  1%]
tests/test_adapter_subslikescript.py::test_adapter_parse_episode_structure_changed_raises PASSED [  1%]
tests/test_adapter_tvmaze.py::test_tvmaze_adapter_registered PASSED      [  1%]
tests/test_adapter_tvmaze.py::test_tvmaze_fetch_episode_html_accepts_pipeline_kwargs PASSED [  1%]
tests/test_align.py::test_text_similarity_identical PASSED               [  1%]
tests/test_align.py::test_text_similarity_empty PASSED                   [  1%]
tests/test_align.py::test_text_similarity_partial PASSED                 [  1%]
tests/test_align.py::test_align_segments_to_cues_one_match PASSED        [  2%]
tests/test_align.py::test_align_segments_to_cues_no_match PASSED         [  2%]
tests/test_align.py::test_align_cues_by_time PASSED                      [  2%]
tests/test_align.py::test_cues_have_timecodes PASSED                     [  2%]
tests/test_align.py::test_align_cues_by_order PASSED                     [  2%]
tests/test_align.py::test_align_cues_by_similarity PASSED                [  2%]
tests/test_align.py::test_align_cues_by_order_shorter_target PASSED      [  2%]
tests/test_align.py::test_align_link_to_dict PASSED                      [  3%]
tests/test_align.py::test_align_no_timecodes_order_first_then_similarity PASSED [  3%]
tests/test_align_grouping.py::test_generate_align_grouping_non_destructive_and_assignment_aware PASSED [  3%]
tests/test_align_integrity.py::test_delete_align_runs_for_episode_clears_runs_and_links PASSED [  3%]
tests/test_align_integrity.py::test_after_delete_subtitle_track_then_delete_align_runs_no_orphans PASSED [  3%]
tests/test_align_integrity.py::test_after_resegment_delete_align_runs_no_orphans PASSED [  3%]
tests/test_align_integrity.py::test_batch_get_tracks_and_runs PASSED     [  3%]
tests/test_align_run_metadata.py::test_normalize_segment_kind PASSED     [  4%]
tests/test_align_run_metadata.py::test_parse_run_segment_kind_empty_payload PASSED [  4%]
tests/test_align_run_metadata.py::test_parse_run_segment_kind_valid_payload PASSED [  4%]
tests/test_align_run_metadata.py::test_parse_run_segment_kind_valid_object_without_key PASSED [  4%]
tests/test_align_run_metadata.py::test_parse_run_segment_kind_invalid_payload_logs_debug PASSED [  4%]
tests/test_align_run_metadata.py::test_parse_run_segment_kind_non_object_payload_logs_debug PASSED [  4%]
tests/test_align_run_metadata.py::test_format_segment_kind_label PASSED  [  4%]
tests/test_ci_workflows.py::test_release_workflow_packages_macos_app_zip_and_fails_on_missing_asset PASSED [  5%]
tests/test_ci_workflows.py::test_quality_gate_workflow_runs_required_checks PASSED [  5%]
tests/test_corpus_context.py::test_get_selected_or_checked_episode_ids_prefers_checked_ids PASSED [  5%]
tests/test_corpus_context.py::test_get_selected_or_checked_episode_ids_falls_back_to_selection PASSED [  5%]
tests/test_corpus_context.py::test_get_project_index_context_warns_without_project PASSED [  5%]
tests/test_corpus_context.py::test_get_project_index_context_warns_without_index PASSED [  5%]
tests/test_corpus_context.py::test_get_project_index_context_returns_store_config_and_index PASSED [  5%]
tests/test_corpus_context.py::test_resolve_target_episode_ids_warns_when_selection_empty PASSED [  6%]
tests/test_corpus_context.py::test_resolve_target_episode_ids_returns_selection_or_all PASSED [  6%]
tests/test_corpus_context.py::test_resume_failed_episodes_informs_when_none PASSED [  6%]
tests/test_corpus_context.py::test_resume_failed_episodes_checks_ids_and_stops_when_question_no PASSED [  6%]
tests/test_corpus_context.py::test_resume_failed_episodes_yes_shows_followup_information PASSED [  6%]
tests/test_corpus_sources.py::test_detect_lang_from_stem PASSED          [  6%]
tests/test_corpus_sources.py::test_parse_episode_ids_normalizes_and_filters_invalid PASSED [  6%]
tests/test_corpus_sources.py::test_discover_merge_warns_without_project_context PASSED [  7%]
tests/test_corpus_sources.py::test_discover_merge_returns_when_dialog_cancelled PASSED [  7%]
tests/test_corpus_sources.py::test_discover_merge_warns_when_url_missing PASSED [  7%]
tests/test_corpus_sources.py::test_discover_merge_runs_fetch_and_merge_step PASSED [  7%]
tests/test_corpus_sources.py::test_detect_srt_files_extracts_episode_and_optional_lang PASSED [  7%]
tests/test_corpus_sources.py::test_detect_srt_files_skips_non_episode_named_srt PASSED [  7%]
tests/test_corpus_sources.py::test_add_episodes_manually_cancel_keeps_store_unchanged PASSED [  7%]
tests/test_corpus_sources.py::test_add_episodes_manually_shows_info_when_input_empty PASSED [  7%]
tests/test_corpus_sources.py::test_add_episodes_manually_shows_warning_when_invalid PASSED [  8%]
tests/test_corpus_sources.py::test_add_episodes_manually_adds_only_new_unique_refs PASSED [  8%]
tests/test_corpus_sources.py::test_import_srt_selection_warns_without_episodes PASSED [  8%]
tests/test_corpus_sources.py::test_import_srt_selection_warns_without_checked_ids PASSED [  8%]
tests/test_corpus_sources.py::test_import_srt_selection_informs_and_opens_inspector_on_first_sorted_id PASSED [  8%]
tests/test_corpus_sources.py::test_import_srt_selection_without_inspector_callback_only_informs PASSED [  8%]
tests/test_corpus_sources.py::test_import_srt_batch_runs_import_steps_and_updates_index PASSED [  8%]
tests/test_corpus_sources.py::test_import_srt_batch_returns_when_no_folder_selected PASSED [  9%]
tests/test_corpus_sources.py::test_import_srt_batch_warns_when_no_detected_file PASSED [  9%]
tests/test_corpus_sources.py::test_import_srt_batch_recap_is_truncated_over_ten_entries PASSED [  9%]
tests/test_corpus_sources.py::test_import_srt_batch_stops_when_missing_language_not_confirmed PASSED [  9%]
tests/test_corpus_sources.py::test_import_srt_batch_does_not_save_index_when_no_new_episode PASSED [  9%]
tests/test_corpus_sources.py::test_import_srt_batch_skips_episode_append_when_episode_id_invalid PASSED [  9%]
tests/test_corpus_sources.py::test_open_subtitles_manager_requires_episodes PASSED [  9%]
tests/test_corpus_sources.py::test_open_subtitles_manager_opens_first_episode_when_callback_present PASSED [ 10%]
tests/test_corpus_sources.py::test_open_subtitles_manager_informs_when_no_callback PASSED [ 10%]
tests/test_corpus_view.py::test_on_corpus_ribbon_toggled_updates_visibility_and_button PASSED [ 10%]
tests/test_corpus_view.py::test_set_no_project_state_resets_labels_and_disables_actions PASSED [ 10%]
tests/test_corpus_view.py::test_refresh_calls_set_no_project_state_when_store_or_index_missing PASSED [ 10%]
tests/test_corpus_view.py::test_refresh_updates_statuses_buttons_and_tree_for_partial_progress PASSED [ 10%]
tests/test_corpus_view.py::test_refresh_sets_green_labels_when_transcripts_and_srt_complete PASSED [ 10%]
tests/test_corpus_view.py::test_refresh_handles_exception_with_critical_message PASSED [ 11%]
tests/test_corpus_view.py::test_refresh_season_filter_combo_populates_and_applies_filter PASSED [ 11%]
tests/test_corpus_view.py::test_on_season_filter_changed_expands_and_logs_debug_on_exception PASSED [ 11%]
tests/test_corpus_view.py::test_on_episode_double_clicked_guards_and_success PASSED [ 11%]
tests/test_corpus_view.py::test_check_and_uncheck_season_branches PASSED [ 11%]
tests/test_corpus_workflow.py::test_fetch_episodes_no_payload_noop PASSED [ 11%]
tests/test_corpus_workflow.py::test_fetch_episodes_tvmaze_source_shows_information PASSED [ 11%]
tests/test_corpus_workflow.py::test_fetch_episodes_no_target_ids_noop PASSED [ 12%]
tests/test_corpus_workflow.py::test_fetch_episodes_no_matching_steps_noop PASSED [ 12%]
tests/test_corpus_workflow.py::test_fetch_episodes_runs_fetch_steps_for_selected_ids PASSED [ 12%]
tests/test_corpus_workflow.py::test_normalize_episodes_no_payload_noop PASSED [ 12%]
tests/test_corpus_workflow.py::test_normalize_episodes_no_ids_noop PASSED [ 12%]
tests/test_corpus_workflow.py::test_normalize_episodes_builds_steps_and_uses_profile_resolution PASSED [ 12%]
tests/test_corpus_workflow.py::test_segment_episodes_no_payload_noop PASSED [ 12%]
tests/test_corpus_workflow.py::test_segment_episodes_no_ids_noop PASSED  [ 13%]
tests/test_corpus_workflow.py::test_segment_episodes_warns_when_no_clean_in_selection PASSED [ 13%]
tests/test_corpus_workflow.py::test_segment_episodes_runs_only_for_clean_ids_with_lang_hint PASSED [ 13%]
tests/test_corpus_workflow.py::test_run_all_for_selection_no_payload_noop PASSED [ 13%]
tests/test_corpus_workflow.py::test_run_all_for_selection_tvmaze_shows_information PASSED [ 13%]
tests/test_corpus_workflow.py::test_run_all_for_selection_no_ids_noop PASSED [ 13%]
tests/test_corpus_workflow.py::test_run_all_for_selection_builds_fetch_normalize_segment_and_index_steps PASSED [ 13%]
tests/test_corpus_workflow.py::test_index_db_runs_single_build_step PASSED [ 14%]
tests/test_db_kwic.py::test_db_init PASSED                               [ 14%]
tests/test_db_kwic.py::test_upsert_episode_and_index PASSED              [ 14%]
tests/test_db_kwic.py::test_db_kwic PASSED                               [ 14%]
tests/test_db_kwic.py::test_upsert_segments_and_query_kwic_segments PASSED [ 14%]
tests/test_db_kwic.py::test_upsert_cues_and_query_kwic_cues PASSED       [ 14%]
tests/test_db_kwic.py::test_align_run_and_links PASSED                   [ 14%]
tests/test_db_kwic.py::test_align_stats_and_parallel_concordance PASSED  [ 15%]
tests/test_db_kwic.py::test_kwic_episode_non_regression PASSED           [ 15%]
tests/test_db_kwic.py::test_normalize_subtitle_track_s11 PASSED          [ 15%]
tests/test_db_migrations.py::test_migrate_v1_to_latest_creates_segments_subtitle_tracks_align_runs PASSED [ 15%]
tests/test_db_preparer_api.py::test_update_segment_text PASSED           [ 15%]
tests/test_db_preparer_api.py::test_update_cue_timecodes PASSED          [ 15%]
tests/test_export_phase5.py::test_export_parallel_concordance_csv PASSED [ 15%]
tests/test_export_phase5.py::test_export_parallel_concordance_tsv PASSED [ 15%]
tests/test_export_phase5.py::test_export_parallel_concordance_jsonl PASSED [ 16%]
tests/test_export_phase5.py::test_export_parallel_concordance_txt_accepts_numeric_confidence PASSED [ 16%]
tests/test_export_phase5.py::test_export_align_report_html PASSED        [ 16%]
tests/test_export_phase5.py::test_parallel_concordance_columns PASSED    [ 16%]
tests/test_export_phase5.py::test_export_segments_srt_like PASSED        [ 16%]
tests/test_integration_pipeline.py::test_pipeline_init_project_and_build_db_index PASSED [ 16%]
tests/test_normalize_profiles.py::test_normalize_merge_mid_phrase PASSED [ 16%]
tests/test_normalize_profiles.py::test_normalize_double_break_kept PASSED [ 17%]
tests/test_normalize_profiles.py::test_normalize_didascalia_kept PASSED  [ 17%]
tests/test_normalize_profiles.py::test_normalize_speaker_line_kept PASSED [ 17%]
tests/test_normalize_profiles.py::test_profile_empty_string PASSED       [ 17%]
tests/test_normalize_profiles.py::test_get_profile PASSED                [ 17%]
tests/test_normalize_profiles.py::test_format_profile_rules_summary PASSED [ 17%]
tests/test_normalize_profiles_phase2.py::test_fix_double_spaces PASSED   [ 17%]
tests/test_normalize_profiles_phase2.py::test_french_punctuation PASSED  [ 18%]
tests/test_normalize_profiles_phase2.py::test_normalize_apostrophes PASSED [ 18%]
tests/test_normalize_profiles_phase2.py::test_normalize_quotes PASSED    [ 18%]
tests/test_normalize_profiles_phase2.py::test_strip_line_spaces PASSED   [ 18%]
tests/test_normalize_profiles_phase2.py::test_combined_rules PASSED      [ 18%]
tests/test_normalize_profiles_phase2.py::test_punctuation_fixes_stats PASSED [ 18%]
tests/test_normalize_profiles_phase2.py::test_no_rules_applied PASSED    [ 18%]
tests/test_normalize_profiles_phase2.py::test_default_fr_profile PASSED  [ 19%]
tests/test_normalize_profiles_phase3.py::test_case_transform_lowercase PASSED [ 19%]
tests/test_normalize_profiles_phase3.py::test_case_transform_uppercase PASSED [ 19%]
tests/test_normalize_profiles_phase3.py::test_case_transform_title PASSED [ 19%]
tests/test_normalize_profiles_phase3.py::test_case_transform_sentence PASSED [ 19%]
tests/test_normalize_profiles_phase3.py::test_custom_regex_simple PASSED [ 19%]
tests/test_normalize_profiles_phase3.py::test_custom_regex_multiple PASSED [ 19%]
tests/test_normalize_profiles_phase3.py::test_history_recorded PASSED    [ 20%]
tests/test_normalize_profiles_phase3.py::test_combined_advanced_rules PASSED [ 20%]
tests/test_normalize_profiles_phase3.py::test_regex_stats PASSED         [ 20%]
tests/test_normalize_profiles_phase3.py::test_history_limited PASSED     [ 20%]
tests/test_normalize_profiles_phase3.py::test_invalid_regex_silently_ignored PASSED [ 20%]
tests/test_normalize_profiles_phase3.py::test_case_transform_none PASSED [ 20%]
tests/test_preparer_actions.py::test_normalize_transcript_requires_episode PASSED [ 20%]
tests/test_preparer_actions.py::test_normalize_transcript_requires_transcript_source PASSED [ 21%]
tests/test_preparer_actions.py::test_normalize_transcript_returns_when_dialog_rejected PASSED [ 21%]
tests/test_preparer_actions.py::test_normalize_transcript_warns_when_service_missing PASSED [ 21%]
tests/test_preparer_actions.py::test_normalize_transcript_success_uses_preferred_profile_and_updates_tab PASSED [ 21%]
tests/test_preparer_actions.py::test_normalize_transcript_handles_service_exception PASSED [ 21%]
tests/test_preparer_actions.py::test_search_replace_returns_when_dialog_rejected PASSED [ 21%]
tests/test_preparer_actions.py::test_search_replace_warns_when_needle_empty PASSED [ 21%]
tests/test_preparer_actions.py::test_search_replace_uses_utterance_table_branch PASSED [ 22%]
tests/test_preparer_actions.py::test_search_replace_uses_cue_table_branch_and_informs_when_no_match PASSED [ 22%]
tests/test_preparer_actions.py::test_search_replace_text_branch_pushes_undo_command PASSED [ 22%]
tests/test_preparer_actions.py::test_search_replace_text_branch_without_undo_applies_directly PASSED [ 22%]
tests/test_preparer_actions.py::test_search_replace_warns_on_invalid_regex PASSED [ 22%]
tests/test_preparer_actions.py::test_load_segmentation_options_without_store_returns_default_copy PASSED [ 22%]
tests/test_preparer_actions.py::test_load_segmentation_options_returns_store_value PASSED [ 22%]
tests/test_preparer_actions.py::test_load_segmentation_options_on_error_logs_and_falls_back PASSED [ 23%]
tests/test_preparer_actions.py::test_open_segmentation_options_requires_episode PASSED [ 23%]
tests/test_preparer_actions.py::test_open_segmentation_options_requires_transcript_source PASSED [ 23%]
tests/test_preparer_actions.py::test_open_segmentation_options_returns_when_dialog_rejected PASSED [ 23%]
tests/test_preparer_actions.py::test_open_segmentation_options_reports_save_error PASSED [ 23%]
tests/test_preparer_actions.py::test_open_segmentation_options_saves_normalized_options PASSED [ 23%]
tests/test_preparer_actions.py::test_go_to_alignement_requires_episode PASSED [ 23%]
tests/test_preparer_actions.py::test_go_to_alignement_stops_when_dirty_prompt_cancelled PASSED [ 23%]
tests/test_preparer_actions.py::test_go_to_alignement_transcript_uses_utterance_or_sentence PASSED [ 24%]
tests/test_preparer_actions.py::test_infer_segment_kind_non_transcript_without_db_defaults_sentence PASSED [ 24%]
tests/test_preparer_actions.py::test_infer_segment_kind_non_transcript_reads_db_utterances PASSED [ 24%]
tests/test_preparer_actions.py::test_infer_segment_kind_non_transcript_logs_db_error_and_falls_back PASSED [ 24%]
tests/test_preparer_segmentation.py::test_segment_text_to_utterance_rows_merges_continuation_marker PASSED [ 24%]
tests/test_preparer_segmentation.py::test_validate_segmentation_options_rejects_invalid_regex PASSED [ 24%]
tests/test_preparer_segmentation.py::test_regroup_unknown_speakers_do_not_collapse_into_single_block PASSED [ 24%]
tests/test_preparer_segmentation.py::test_regroup_prefers_assignments_when_present PASSED [ 25%]
tests/test_preparer_segmentation.py::test_regroup_tolerant_merges_unmarked_rows_after_character PASSED [ 25%]
tests/test_preparer_service.py::test_save_cue_edits_syncs_assignments_and_rewrites_srt PASSED [ 25%]
tests/test_preparer_service.py::test_save_cue_edits_rolls_back_on_subtitle_rewrite_failure PASSED [ 25%]
tests/test_preparer_timecodes.py::test_parse_srt_time_to_ms_accepts_comma_and_dot PASSED [ 25%]
tests/test_preparer_timecodes.py::test_parse_srt_time_to_ms_rejects_invalid_ranges PASSED [ 25%]
tests/test_preparer_timecodes.py::test_format_ms_to_srt_time_roundtrip PASSED [ 25%]
tests/test_project_store_config_toml.py::test_save_config_extra_preserves_toml_bool_syntax PASSED [ 26%]
tests/test_project_store_config_toml.py::test_load_project_languages_logs_warning_on_corrupted_json PASSED [ 26%]
tests/test_project_store_config_toml.py::test_get_episode_text_presence_scans_existing_episode_dirs PASSED [ 26%]
tests/test_project_store_config_toml.py::test_save_character_names_rejects_alias_collisions PASSED [ 26%]
tests/test_project_store_config_toml.py::test_save_character_names_rejects_orphan_assignments PASSED [ 26%]
tests/test_project_store_config_toml.py::test_episode_segmentation_options_roundtrip PASSED [ 26%]
tests/test_project_store_config_toml.py::test_episode_segmentation_options_reject_invalid_regex PASSED [ 26%]
tests/test_project_store_prep_status.py::test_project_store_set_get_episode_prep_status PASSED [ 27%]
tests/test_project_store_prep_status.py::test_project_store_save_episode_prep_status_filters_invalid_values PASSED [ 27%]
tests/test_project_store_prep_status.py::test_project_store_set_episode_prep_status_rejects_invalid_status PASSED [ 27%]
tests/test_project_store_prep_status.py::test_project_store_load_episode_prep_status_accepts_legacy_dict_schema PASSED [ 27%]
tests/test_project_store_propagation.py::test_propagation_rewrites_only_selected_languages_and_caches_cues PASSED [ 27%]
tests/test_project_store_propagation.py::test_propagation_rewrites_all_updated_languages_by_default PASSED [ 27%]
tests/test_project_store_robustness.py::test_load_series_index_invalid_json_returns_none PASSED [ 27%]
tests/test_project_store_robustness.py::test_load_episode_transform_meta_invalid_json_returns_none PASSED [ 28%]
tests/test_project_store_robustness.py::test_preparer_clean_state_uses_sanitized_episode_dir PASSED [ 28%]
tests/test_project_store_robustness.py::test_segment_episode_writes_to_sanitized_episode_dir PASSED [ 28%]
tests/test_segment.py::test_segment_dataclass PASSED                     [ 28%]
tests/test_segment.py::test_segmenter_sentences_basic PASSED             [ 28%]
tests/test_segment.py::test_segmenter_sentences_punctuation PASSED       [ 28%]
tests/test_segment.py::test_segmenter_sentences_empty PASSED             [ 28%]
tests/test_segment.py::test_segmenter_utterances_lines PASSED            [ 29%]
tests/test_segment.py::test_segmenter_utterances_speaker_marker PASSED   [ 29%]
tests/test_segment.py::test_segmenter_utterances_double_blank PASSED     [ 29%]
tests/test_segment.py::test_segmenter_utterances_no_speaker_invented PASSED [ 29%]
tests/test_subtitle_batch_parse.py::test_normalize_episode_id[S01E01-S01E01] PASSED [ 29%]
tests/test_subtitle_batch_parse.py::test_normalize_episode_id[s01e01-S01E01] PASSED [ 29%]
tests/test_subtitle_batch_parse.py::test_normalize_episode_id[S1E1-S01E01] PASSED [ 29%]
tests/test_subtitle_batch_parse.py::test_normalize_episode_id[1x01-S01E01] PASSED [ 30%]
tests/test_subtitle_batch_parse.py::test_normalize_episode_id[1x1-S01E01] PASSED [ 30%]
tests/test_subtitle_batch_parse.py::test_normalize_episode_id[10x05-S10E05] PASSED [ 30%]
tests/test_subtitle_batch_parse.py::test_normalize_episode_id[-None] PASSED [ 30%]
tests/test_subtitle_batch_parse.py::test_normalize_episode_id[invalid-None] PASSED [ 30%]
tests/test_subtitle_batch_parse.py::test_parse_subtitle_filename[S01E01_en.srt-S01E01-en] PASSED [ 30%]
tests/test_subtitle_batch_parse.py::test_parse_subtitle_filename[s01e01_fr.srt-S01E01-fr] PASSED [ 30%]
tests/test_subtitle_batch_parse.py::test_parse_subtitle_filename[S01E01.fr.vtt-S01E01-fr] PASSED [ 30%]
tests/test_subtitle_batch_parse.py::test_parse_subtitle_filename[Show - 1x01 - Title.en.srt-S01E01-en] PASSED [ 31%]
tests/test_subtitle_batch_parse.py::test_parse_subtitle_filename[Something_2x03_extra.it.srt-S02E03-it] PASSED [ 31%]
tests/test_subtitle_batch_parse.py::test_parse_subtitle_filename[en.srt-None-None] PASSED [ 31%]
tests/test_subtitle_batch_parse.py::test_parse_subtitle_filename[random.srt-None-None] PASSED [ 31%]
tests/test_subtitles.py::test_cue_dataclass PASSED                       [ 31%]
tests/test_subtitles.py::test_parse_srt_basic PASSED                     [ 31%]
tests/test_subtitles.py::test_parse_srt_multi_line PASSED                [ 31%]
tests/test_subtitles.py::test_parse_vtt_basic PASSED                     [ 32%]
tests/test_subtitles.py::test_parse_vtt_italics PASSED                   [ 32%]
tests/test_subtitles.py::test_parse_subtitle_file_srt PASSED             [ 32%]
tests/test_subtitles.py::test_parse_subtitle_file_vtt PASSED             [ 32%]
tests/test_subtitles.py::test_cues_to_audit_rows PASSED                  [ 32%]
tests/test_tasks_align_episode.py::test_align_episode_supports_cues_only_without_segments PASSED [ 32%]
tests/test_tasks_align_episode.py::test_align_episode_fails_without_segments_and_without_target_language PASSED [ 32%]
tests/test_tasks_align_episode.py::test_align_episode_keeps_existing_pivot_fallback_when_segments_exist PASSED [ 33%]
tests/test_ui_alignement.py::test_bulk_accept_updates_only_candidates PASSED [ 33%]
tests/test_ui_alignement.py::test_bulk_reject_updates_only_candidates PASSED [ 33%]
tests/test_ui_alignement.py::test_delete_current_run_calls_db_delete PASSED [ 33%]
tests/test_ui_alignement.py::test_export_alignment_csv_writes_rows PASSED [ 33%]
tests/test_ui_alignement.py::test_export_alignment_jsonl_writes_rows PASSED [ 33%]
tests/test_ui_alignement.py::test_run_align_episode_uses_selected_languages PASSED [ 33%]
tests/test_ui_alignement.py::test_run_align_episode_forwards_similarity_checkbox PASSED [ 34%]
tests/test_ui_alignement.py::test_run_align_episode_warns_when_no_segments_and_no_target_selected PASSED [ 34%]
tests/test_ui_alignement.py::test_run_align_episode_allows_cues_only_when_segments_missing PASSED [ 34%]
tests/test_ui_alignement.py::test_run_align_episode_warns_cues_only_when_pivot_missing PASSED [ 34%]
tests/test_ui_alignement.py::test_run_align_episode_warns_when_no_subtitles PASSED [ 34%]
tests/test_ui_alignement.py::test_run_align_episode_allows_target_fallback_when_pivot_missing PASSED [ 34%]
tests/test_ui_alignement.py::test_run_align_episode_warns_when_selected_target_missing PASSED [ 34%]
tests/test_ui_alignement.py::test_restore_align_splitter_handles_invalid_qsettings_payload PASSED [ 35%]
tests/test_ui_alignement.py::test_save_state_persists_splitter_sizes PASSED [ 35%]
tests/test_ui_alignement.py::test_restore_align_splitter_ignores_non_sequence_payload PASSED [ 35%]
tests/test_ui_alignement.py::test_refresh_returns_early_when_store_missing PASSED [ 35%]
tests/test_ui_alignement.py::test_refresh_reloads_episodes_and_preserves_current_selection PASSED [ 35%]
tests/test_ui_alignement.py::test_refresh_handles_store_index_without_episodes PASSED [ 35%]
tests/test_ui_alignement.py::test_refresh_rebuilds_episode_list_when_previous_selection_missing PASSED [ 35%]
tests/test_ui_alignement.py::test_refresh_rebuilds_episode_list_without_previous_selection PASSED [ 36%]
tests/test_ui_alignement.py::test_set_episode_and_segment_kind_selects_matching_items PASSED [ 36%]
tests/test_ui_alignement.py::test_set_episode_and_segment_kind_keeps_selection_when_not_found PASSED [ 36%]
tests/test_ui_alignement.py::test_load_project_languages_normalizes_and_falls_back PASSED [ 36%]
tests/test_ui_alignement.py::test_refresh_language_combos_falls_back_to_first_when_en_missing PASSED [ 36%]
tests/test_ui_alignement.py::test_refresh_target_lang_combo_prefers_fr_when_available PASSED [ 36%]
tests/test_ui_alignement.py::test_on_pivot_lang_changed_forwards_current_target PASSED [ 36%]
tests/test_ui_alignement.py::test_on_episode_changed_returns_early_when_db_or_episode_missing PASSED [ 37%]
tests/test_ui_alignement.py::test_on_episode_changed_formats_segment_kind_labels_when_payload_is_valid PASSED [ 37%]
tests/test_ui_alignement.py::test_on_run_changed_toggles_delete_button_and_refreshes_views PASSED [ 37%]
tests/test_ui_alignement.py::test_update_stats_clears_widget_when_context_missing PASSED [ 37%]
tests/test_ui_alignement.py::test_update_stats_uses_accepted_filter_when_checkbox_checked PASSED [ 37%]
tests/test_ui_alignement.py::test_update_stats_logs_and_clears_widget_on_exception PASSED [ 37%]
tests/test_ui_alignement.py::test_fill_links_sets_empty_model_when_episode_or_db_missing PASSED [ 37%]
tests/test_ui_alignement.py::test_table_context_menu_delegates_to_actions_controller PASSED [ 38%]
tests/test_ui_alignement.py::test_wrappers_delegate_to_actions_controller_with_qt_dependencies PASSED [ 38%]
tests/test_ui_alignement_actions.py::test_combo_lang_value_normalizes_data_and_text PASSED [ 38%]
tests/test_ui_alignement_actions.py::test_delete_current_run_informs_when_no_run_selected PASSED [ 38%]
tests/test_ui_alignement_actions.py::test_delete_current_run_falls_back_to_direct_delete_when_undo_fails PASSED [ 38%]
tests/test_ui_alignement_actions.py::test_table_context_menu_accept_without_undo_updates_status PASSED [ 38%]
tests/test_ui_alignement_actions.py::test_table_context_menu_edit_with_undo_pushes_edit_command PASSED [ 38%]
tests/test_ui_alignement_actions.py::test_table_context_menu_reject_with_undo_pushes_status_command PASSED [ 38%]
tests/test_ui_alignement_actions.py::test_generate_alignment_groups_warns_without_episode_or_run PASSED [ 39%]
tests/test_ui_alignement_actions.py::test_generate_alignment_groups_success_and_error PASSED [ 39%]
tests/test_ui_alignement_actions.py::test_export_grouped_alignment_uses_loaded_or_generated_grouping PASSED [ 39%]
tests/test_ui_alignement_actions.py::test_export_grouped_alignment_handles_error PASSED [ 39%]
tests/test_ui_alignement_actions.py::test_export_parallel_concordance_uses_status_filter_and_exports PASSED [ 39%]
tests/test_ui_alignement_actions.py::test_export_align_report_adds_html_suffix_and_handles_error PASSED [ 39%]
tests/test_ui_alignement_actions.py::test_delete_current_run_stops_when_confirmation_declined PASSED [ 39%]
tests/test_ui_alignement_actions.py::test_delete_current_run_pushes_undo_command_when_available PASSED [ 40%]
tests/test_ui_alignement_actions.py::test_delete_current_run_reports_critical_when_fallback_delete_fails PASSED [ 40%]
tests/test_ui_alignement_actions.py::test_delete_current_run_returns_silently_when_db_or_episode_missing PASSED [ 40%]
tests/test_ui_alignement_actions.py::test_bulk_accept_warns_when_episode_or_run_missing PASSED [ 40%]
tests/test_ui_alignement_actions.py::test_bulk_accept_informs_when_no_candidate_matches_threshold PASSED [ 40%]
tests/test_ui_alignement_actions.py::test_bulk_accept_stops_when_confirmation_declined PASSED [ 40%]
tests/test_ui_alignement_actions.py::test_bulk_accept_pushes_undo_command PASSED [ 40%]
tests/test_ui_alignement_actions.py::test_bulk_accept_without_undo_skips_candidates_without_link_id PASSED [ 41%]
tests/test_ui_alignement_actions.py::test_bulk_reject_warns_when_episode_or_run_missing PASSED [ 41%]
tests/test_ui_alignement_actions.py::test_bulk_reject_informs_when_no_candidate_matches_threshold PASSED [ 41%]
tests/test_ui_alignement_actions.py::test_bulk_reject_stops_when_confirmation_declined PASSED [ 41%]
tests/test_ui_alignement_actions.py::test_bulk_reject_pushes_undo_command PASSED [ 41%]
tests/test_ui_alignement_actions.py::test_bulk_reject_without_undo_skips_candidates_without_link_id PASSED [ 41%]
tests/test_ui_alignement_actions.py::test_table_context_menu_returns_early_for_invalid_index PASSED [ 41%]
tests/test_ui_alignement_actions.py::test_table_context_menu_returns_early_when_db_missing_or_model_invalid PASSED [ 42%]
tests/test_ui_alignement_actions.py::test_table_context_menu_returns_early_when_link_without_id PASSED [ 42%]
tests/test_ui_alignement_actions.py::test_table_context_menu_reject_without_undo_updates_status PASSED [ 42%]
tests/test_ui_alignement_actions.py::test_table_context_menu_accept_with_undo_pushes_status_command PASSED [ 42%]
tests/test_ui_alignement_actions.py::test_table_context_menu_edit_cancelled_does_not_refresh PASSED [ 42%]
tests/test_ui_alignement_actions.py::test_table_context_menu_edit_with_no_episode_is_ignored PASSED [ 42%]
tests/test_ui_alignement_actions.py::test_table_context_menu_edit_accepts_but_skips_undo_when_target_unchanged PASSED [ 42%]
tests/test_ui_alignement_actions.py::test_run_align_episode_warns_without_episode PASSED [ 43%]
tests/test_ui_alignement_actions.py::test_run_align_episode_returns_when_db_missing PASSED [ 43%]
tests/test_ui_alignement_actions.py::test_run_align_episode_warns_when_target_equals_pivot PASSED [ 43%]
tests/test_ui_alignement_actions.py::test_run_align_episode_warns_when_srt_only_has_no_target_track PASSED [ 43%]
tests/test_ui_alignement_actions.py::test_run_align_episode_can_run_without_target_lang_when_segments_exist PASSED [ 43%]
tests/test_ui_alignement_actions.py::test_generate_alignment_groups_returns_when_db_or_store_missing PASSED [ 43%]
tests/test_ui_alignement_actions.py::test_export_grouped_alignment_warns_or_returns_for_missing_context PASSED [ 43%]
tests/test_ui_alignement_actions.py::test_export_grouped_alignment_returns_when_dialog_cancelled PASSED [ 44%]
tests/test_ui_alignement_actions.py::test_export_alignment_warns_or_returns_for_missing_selection_and_cancel PASSED [ 44%]
tests/test_ui_alignement_actions.py::test_export_alignment_handles_export_error PASSED [ 44%]
tests/test_ui_alignement_actions.py::test_export_parallel_concordance_warns_or_returns_for_missing_selection_and_cancel PASSED [ 44%]
tests/test_ui_alignement_actions.py::test_export_parallel_concordance_handles_error PASSED [ 44%]
tests/test_ui_alignement_actions.py::test_export_align_report_warns_or_returns_for_missing_selection_and_cancel PASSED [ 44%]
tests/test_ui_alignement_actions.py::test_export_align_report_keeps_html_suffix_when_already_present PASSED [ 44%]
tests/test_ui_concordance.py::test_set_languages_replaces_combo_items PASSED [ 45%]
tests/test_ui_concordance.py::test_refresh_speakers_populates_combo_from_db PASSED [ 45%]
tests/test_ui_concordance.py::test_save_search_history_dedup_and_limit PASSED [ 45%]
tests/test_ui_concordance.py::test_run_kwic_segments_applies_filters_and_updates_model PASSED [ 45%]
tests/test_ui_concordance.py::test_run_kwic_episodes_paginates_results PASSED [ 45%]
tests/test_ui_concordance.py::test_run_kwic_wildcard_filters_hits PASSED [ 45%]
tests/test_ui_concordance.py::test_filter_hits_regex_invalid_warns_and_returns_original PASSED [ 45%]
tests/test_ui_concordance.py::test_filter_hits_by_speaker_returns_only_matching_speaker PASSED [ 46%]
tests/test_ui_concordance.py::test_filter_hits_by_speaker_returns_empty_when_no_match PASSED [ 46%]
tests/test_ui_concordance.py::test_export_kwic_warns_without_hits PASSED [ 46%]
tests/test_ui_concordance.py::test_export_kwic_word_filter_calls_docx_exporter PASSED [ 46%]
tests/test_ui_concordance.py::test_export_kwic_unknown_format_warns PASSED [ 46%]
tests/test_ui_concordance.py::test_export_kwic_exception_shows_critical PASSED [ 46%]
tests/test_ui_concordance.py::test_on_double_click_opens_inspector_with_episode PASSED [ 46%]
tests/test_ui_concordance.py::test_on_double_click_ignores_invalid_index PASSED [ 46%]
tests/test_ui_concordance.py::test_copy_selection_to_clipboard_writes_tsv PASSED [ 47%]
tests/test_ui_concordance.py::test_handle_key_press_ctrl_c_triggers_copy PASSED [ 47%]
tests/test_ui_concordance.py::test_show_frequency_graph_warns_without_results PASSED [ 47%]
tests/test_ui_concordance_p1.py::test_refresh_speakers_returns_early_without_db PASSED [ 47%]
tests/test_ui_concordance_p1.py::test_refresh_speakers_handles_exception PASSED [ 47%]
tests/test_ui_concordance_p1.py::test_on_speaker_changed_runs_search_when_hits_exist PASSED [ 47%]
tests/test_ui_concordance_p1.py::test_load_search_history_ignores_non_list PASSED [ 47%]
tests/test_ui_concordance_p1.py::test_load_search_history_skips_invalid_items PASSED [ 48%]
tests/test_ui_concordance_p1.py::test_save_search_to_history_returns_on_blank_term PASSED [ 48%]
tests/test_ui_concordance_p1.py::test_save_search_to_history_resets_non_list_history PASSED [ 48%]
tests/test_ui_concordance_p1.py::test_run_kwic_returns_early_on_blank_current_text PASSED [ 48%]
tests/test_ui_concordance_p1.py::test_run_kwic_for_term_uses_cues_scope PASSED [ 48%]
tests/test_ui_concordance_p1.py::test_update_stats_clears_label_when_no_hits PASSED [ 48%]
tests/test_ui_concordance_p1.py::test_update_stats_truthy_empty_hits_hits_fallback_text PASSED [ 48%]
tests/test_ui_concordance_p1.py::test_filter_hits_regex_wildcard_returns_input_when_disabled PASSED [ 49%]
tests/test_ui_concordance_p1.py::test_filter_hits_by_speaker_empty_target_returns_original PASSED [ 49%]
tests/test_ui_concordance_p1.py::test_export_kwic_returns_on_cancelled_dialog PASSED [ 49%]
tests/test_ui_concordance_p1.py::test_export_kwic_uses_expected_exporter_for_format[.tsv-TSV (*.tsv)-export_kwic_tsv] PASSED [ 49%]
tests/test_ui_concordance_p1.py::test_export_kwic_uses_expected_exporter_for_format[.json-JSON (*.json)-export_kwic_json] PASSED [ 49%]
tests/test_ui_concordance_p1.py::test_export_kwic_uses_expected_exporter_for_format[-JSONL (*.jsonl)-export_kwic_jsonl] PASSED [ 49%]
tests/test_ui_concordance_p1.py::test_handle_key_press_other_key_delegates_to_qtableview PASSED [ 49%]
tests/test_ui_concordance_p1.py::test_copy_selection_to_clipboard_returns_without_selection_model PASSED [ 50%]
tests/test_ui_concordance_p1.py::test_copy_selection_to_clipboard_returns_when_indexes_empty PASSED [ 50%]
tests/test_ui_concordance_p1.py::test_show_frequency_graph_warns_when_counter_is_empty PASSED [ 50%]
tests/test_ui_concordance_p1.py::test_show_frequency_graph_limits_to_50_items PASSED [ 50%]
tests/test_ui_concordance_p1.py::test_show_frequency_graph_renders_without_limit PASSED [ 50%]
tests/test_ui_concordance_p1.py::test_show_frequency_graph_import_error_warns PASSED [ 50%]
tests/test_ui_concordance_p1.py::test_show_frequency_graph_generic_exception_shows_critical PASSED [ 50%]
tests/test_ui_corpus_tab.py::test_workflow_next_step_hint[0-0-0-0-0-0-] PASSED [ 51%]
tests/test_ui_corpus_tab.py::test_workflow_next_step_hint[10-0-0-0-0-0-T\xe9l\xe9charger] PASSED [ 51%]
tests/test_ui_corpus_tab.py::test_workflow_next_step_hint[10-5-0-0-0-0-Normalisez] PASSED [ 51%]
tests/test_ui_corpus_tab.py::test_workflow_next_step_hint[10-10-5-0-0-0-Normalisez] PASSED [ 51%]
tests/test_ui_corpus_tab.py::test_workflow_next_step_hint[10-10-10-0-0-0-Segmentez] PASSED [ 51%]
tests/test_ui_corpus_tab.py::test_workflow_next_step_hint[10-10-10-10-3-0-SRT] PASSED [ 51%]
tests/test_ui_corpus_tab.py::test_workflow_next_step_hint[10-10-10-10-10-5-alignez] PASSED [ 51%]
tests/test_ui_corpus_tab.py::test_workflow_next_step_hint[10-10-10-10-10-10-\xe0 jour] PASSED [ 52%]
tests/test_ui_corpus_tab.py::test_corpus_ribbon_is_expanded_by_default_and_toggleable PASSED [ 52%]
tests/test_ui_corpus_tab.py::test_corpus_lang_hint_from_profile_handles_default_and_explicit_lang PASSED [ 52%]
tests/test_ui_corpus_tab.py::test_corpus_resolve_episode_profile_priority PASSED [ 52%]
tests/test_ui_corpus_tab.py::test_corpus_resolve_target_episode_ids_returns_all_when_not_selection_only PASSED [ 52%]
tests/test_ui_corpus_tab.py::test_corpus_get_project_index_context_returns_store_config_and_index PASSED [ 52%]
tests/test_ui_corpus_tab_actions.py::test_tab_corpus_delegates_misc_actions_to_controllers PASSED [ 52%]
tests/test_ui_corpus_tab_actions.py::test_discover_episodes_warns_without_config_context PASSED [ 53%]
tests/test_ui_corpus_tab_actions.py::test_discover_episodes_runs_fetch_series_step PASSED [ 53%]
tests/test_ui_corpus_tab_actions.py::test_open_profiles_dialog_executes_and_refreshes_combo PASSED [ 53%]
tests/test_ui_corpus_tab_actions.py::test_refresh_profile_combo_keeps_current_or_uses_fallback PASSED [ 53%]
tests/test_ui_corpus_tab_actions.py::test_export_corpus_warns_when_no_series_index PASSED [ 53%]
tests/test_ui_corpus_tab_actions.py::test_export_corpus_cancel_when_selection_prompt_cancelled PASSED [ 53%]
tests/test_ui_corpus_tab_actions.py::test_export_corpus_warns_when_no_clean_episodes PASSED [ 53%]
tests/test_ui_corpus_tab_actions.py::test_export_corpus_returns_when_save_dialog_cancelled PASSED [ 53%]
tests/test_ui_corpus_tab_actions.py::test_export_corpus_warns_when_format_not_recognized PASSED [ 54%]
tests/test_ui_corpus_tab_actions.py::test_export_corpus_success_shows_information PASSED [ 54%]
tests/test_ui_corpus_tab_actions.py::test_export_corpus_exception_logs_and_shows_critical PASSED [ 54%]
tests/test_ui_dialogs.py::test_normalize_options_dialog_returns_selected_values PASSED [ 54%]
tests/test_ui_dialogs.py::test_search_replace_dialog_get_params_defaults PASSED [ 54%]
tests/test_ui_dialogs.py::test_search_replace_dialog_get_params_with_values PASSED [ 54%]
tests/test_ui_dialogs.py::test_segmentation_options_dialog_warns_on_invalid_regex PASSED [ 54%]
tests/test_ui_dialogs.py::test_segmentation_options_dialog_normalizes_markers_and_accepts PASSED [ 55%]
tests/test_ui_dialogs.py::test_subtitle_batch_import_dialog_warns_without_valid_selection PASSED [ 55%]
tests/test_ui_dialogs.py::test_subtitle_batch_import_dialog_collects_valid_rows PASSED [ 55%]
tests/test_ui_dialogs.py::test_opensubtitles_dialog_validates_required_fields[-tt0460649-True-Indiquez la cl\xe9 API OpenSubtitles.] PASSED [ 55%]
tests/test_ui_dialogs.py::test_opensubtitles_dialog_validates_required_fields[key123--True-Indiquez l'IMDb ID de la s\xe9rie.] PASSED [ 55%]
tests/test_ui_dialogs.py::test_opensubtitles_dialog_validates_required_fields[key123-tt0460649-False-S\xe9lectionnez au moins un \xe9pisode.] PASSED [ 55%]
tests/test_ui_dialogs.py::test_opensubtitles_dialog_select_all_and_accepts PASSED [ 55%]
tests/test_ui_edit_align_link_dialog.py::test_cue_display_truncates_and_flattens_newlines PASSED [ 56%]
tests/test_ui_edit_align_link_dialog.py::test_edit_align_link_dialog_target_role_initializes_target_combo PASSED [ 56%]
tests/test_ui_edit_align_link_dialog.py::test_edit_align_link_dialog_non_target_role_has_no_target_combo PASSED [ 56%]
tests/test_ui_edit_align_link_dialog.py::test_edit_align_link_dialog_apply_updates_db PASSED [ 56%]
tests/test_ui_edit_align_link_dialog.py::test_edit_align_link_dialog_apply_ignores_missing_link_id PASSED [ 56%]
tests/test_ui_edit_align_link_dialog.py::test_edit_align_link_dialog_on_ok_calls_apply_then_accept PASSED [ 56%]
tests/test_ui_guards.py::test_inspector_normalize_warns_without_project PASSED [ 56%]
tests/test_ui_guards.py::test_subtitles_opensubtitles_warns_without_project PASSED [ 57%]
tests/test_ui_guards.py::test_concordance_search_warns_without_db PASSED [ 57%]
tests/test_ui_guards.py::test_alignment_delete_run_warns_without_project PASSED [ 57%]
tests/test_ui_guards.py::test_preparer_normalize_warns_without_project PASSED [ 57%]
tests/test_ui_guards.py::test_project_add_language_warns_without_project PASSED [ 57%]
tests/test_ui_guards_matrix_p1.py::test_guarded_methods_inventory_is_not_empty PASSED [ 57%]
tests/test_ui_guards_matrix_p1.py::test_guarded_method_warns_and_short_circuits_without_project_or_db[AlignmentTabWidget-_bulk_accept] PASSED [ 57%]
tests/test_ui_guards_matrix_p1.py::test_guarded_method_warns_and_short_circuits_without_project_or_db[AlignmentTabWidget-_bulk_reject] PASSED [ 58%]
tests/test_ui_guards_matrix_p1.py::test_guarded_method_warns_and_short_circuits_without_project_or_db[AlignmentTabWidget-_delete_current_run] PASSED [ 58%]
tests/test_ui_guards_matrix_p1.py::test_guarded_method_warns_and_short_circuits_without_project_or_db[AlignmentTabWidget-_export_align_report] PASSED [ 58%]
tests/test_ui_guards_matrix_p1.py::test_guarded_method_warns_and_short_circuits_without_project_or_db[AlignmentTabWidget-_export_alignment] PASSED [ 58%]
tests/test_ui_guards_matrix_p1.py::test_guarded_method_warns_and_short_circuits_without_project_or_db[AlignmentTabWidget-_export_grouped_alignment] PASSED [ 58%]
tests/test_ui_guards_matrix_p1.py::test_guarded_method_warns_and_short_circuits_without_project_or_db[AlignmentTabWidget-_export_parallel_concordance] PASSED [ 58%]
tests/test_ui_guards_matrix_p1.py::test_guarded_method_warns_and_short_circuits_without_project_or_db[AlignmentTabWidget-_generate_alignment_groups] PASSED [ 58%]
tests/test_ui_guards_matrix_p1.py::test_guarded_method_warns_and_short_circuits_without_project_or_db[AlignmentTabWidget-_run_align_episode] PASSED [ 59%]
tests/test_ui_guards_matrix_p1.py::test_guarded_method_warns_and_short_circuits_without_project_or_db[ConcordanceTabWidget-_run_kwic_for_term] PASSED [ 59%]
tests/test_ui_guards_matrix_p1.py::test_guarded_method_warns_and_short_circuits_without_project_or_db[CorpusTabWidget-_add_episodes_manually] PASSED [ 59%]
tests/test_ui_guards_matrix_p1.py::test_guarded_method_warns_and_short_circuits_without_project_or_db[CorpusTabWidget-_discover_episodes] PASSED [ 59%]
tests/test_ui_guards_matrix_p1.py::test_guarded_method_warns_and_short_circuits_without_project_or_db[CorpusTabWidget-_discover_merge] PASSED [ 59%]
tests/test_ui_guards_matrix_p1.py::test_guarded_method_warns_and_short_circuits_without_project_or_db[CorpusTabWidget-_export_corpus] PASSED [ 59%]
tests/test_ui_guards_matrix_p1.py::test_guarded_method_warns_and_short_circuits_without_project_or_db[CorpusTabWidget-_fetch_episodes] PASSED [ 59%]
tests/test_ui_guards_matrix_p1.py::test_guarded_method_warns_and_short_circuits_without_project_or_db[CorpusTabWidget-_import_srt_batch] PASSED [ 60%]
tests/test_ui_guards_matrix_p1.py::test_guarded_method_warns_and_short_circuits_without_project_or_db[CorpusTabWidget-_import_srt_selection] PASSED [ 60%]
tests/test_ui_guards_matrix_p1.py::test_guarded_method_warns_and_short_circuits_without_project_or_db[CorpusTabWidget-_index_db] PASSED [ 60%]
tests/test_ui_guards_matrix_p1.py::test_guarded_method_warns_and_short_circuits_without_project_or_db[CorpusTabWidget-_normalize_episodes] PASSED [ 60%]
tests/test_ui_guards_matrix_p1.py::test_guarded_method_warns_and_short_circuits_without_project_or_db[CorpusTabWidget-_open_profiles_dialog] PASSED [ 60%]
tests/test_ui_guards_matrix_p1.py::test_guarded_method_warns_and_short_circuits_without_project_or_db[CorpusTabWidget-_open_subtitles_manager] PASSED [ 60%]
tests/test_ui_guards_matrix_p1.py::test_guarded_method_warns_and_short_circuits_without_project_or_db[CorpusTabWidget-_run_all_for_selection] PASSED [ 60%]
tests/test_ui_guards_matrix_p1.py::test_guarded_method_warns_and_short_circuits_without_project_or_db[CorpusTabWidget-_segment_episodes] PASSED [ 61%]
tests/test_ui_guards_matrix_p1.py::test_guarded_method_warns_and_short_circuits_without_project_or_db[InspectorTabWidget-_export_segments] PASSED [ 61%]
tests/test_ui_guards_matrix_p1.py::test_guarded_method_warns_and_short_circuits_without_project_or_db[InspectorTabWidget-_open_profiles_dialog] PASSED [ 61%]
tests/test_ui_guards_matrix_p1.py::test_guarded_method_warns_and_short_circuits_without_project_or_db[InspectorTabWidget-_run_normalize] PASSED [ 61%]
tests/test_ui_guards_matrix_p1.py::test_guarded_method_warns_and_short_circuits_without_project_or_db[InspectorTabWidget-_run_segment] PASSED [ 61%]
tests/test_ui_guards_matrix_p1.py::test_guarded_method_warns_and_short_circuits_without_project_or_db[InspectorTabWidget-_set_episode_preferred_profile] PASSED [ 61%]
tests/test_ui_guards_matrix_p1.py::test_guarded_method_warns_and_short_circuits_without_project_or_db[PersonnagesTabWidget-_import_speakers_from_segments] PASSED [ 61%]
tests/test_ui_guards_matrix_p1.py::test_guarded_method_warns_and_short_circuits_without_project_or_db[PersonnagesTabWidget-_load_assignments] PASSED [ 61%]
tests/test_ui_guards_matrix_p1.py::test_guarded_method_warns_and_short_circuits_without_project_or_db[PersonnagesTabWidget-_propagate] PASSED [ 62%]
tests/test_ui_guards_matrix_p1.py::test_guarded_method_warns_and_short_circuits_without_project_or_db[PersonnagesTabWidget-_save] PASSED [ 62%]
tests/test_ui_guards_matrix_p1.py::test_guarded_method_warns_and_short_circuits_without_project_or_db[PersonnagesTabWidget-_save_assignments] PASSED [ 62%]
tests/test_ui_guards_matrix_p1.py::test_guarded_method_warns_and_short_circuits_without_project_or_db[PersonnagesTabWidget-_suggest_by_alias] PASSED [ 62%]
tests/test_ui_guards_matrix_p1.py::test_guarded_method_warns_and_short_circuits_without_project_or_db[PreparerTabWidget-_normalize_transcript] PASSED [ 62%]
tests/test_ui_guards_matrix_p1.py::test_guarded_method_warns_and_short_circuits_without_project_or_db[PreparerTabWidget-_open_segmentation_options] PASSED [ 62%]
tests/test_ui_guards_matrix_p1.py::test_guarded_method_warns_and_short_circuits_without_project_or_db[ProjectTabWidget-_add_language] PASSED [ 62%]
tests/test_ui_guards_matrix_p1.py::test_guarded_method_warns_and_short_circuits_without_project_or_db[ProjectTabWidget-_remove_language] PASSED [ 63%]
tests/test_ui_guards_matrix_p1.py::test_guarded_method_warns_and_short_circuits_without_project_or_db[SubtitleTabWidget-_delete_selected_track] PASSED [ 63%]
tests/test_ui_guards_matrix_p1.py::test_guarded_method_warns_and_short_circuits_without_project_or_db[SubtitleTabWidget-_export_srt_final] PASSED [ 63%]
tests/test_ui_guards_matrix_p1.py::test_guarded_method_warns_and_short_circuits_without_project_or_db[SubtitleTabWidget-_import_batch] PASSED [ 63%]
tests/test_ui_guards_matrix_p1.py::test_guarded_method_warns_and_short_circuits_without_project_or_db[SubtitleTabWidget-_import_file] PASSED [ 63%]
tests/test_ui_guards_matrix_p1.py::test_guarded_method_warns_and_short_circuits_without_project_or_db[SubtitleTabWidget-_import_opensubtitles] PASSED [ 63%]
tests/test_ui_guards_matrix_p1.py::test_guarded_method_warns_and_short_circuits_without_project_or_db[SubtitleTabWidget-_normalize_track] PASSED [ 63%]
tests/test_ui_guards_matrix_p1.py::test_guarded_method_warns_and_short_circuits_without_project_or_db[SubtitleTabWidget-_save_content] PASSED [ 64%]
tests/test_ui_inspecteur_actions.py::test_restore_splitter_sizes_parses_values_and_handles_invalid_types PASSED [ 64%]
tests/test_ui_inspecteur_actions.py::test_refresh_returns_when_store_missing PASSED [ 64%]
tests/test_ui_inspecteur_actions.py::test_refresh_profile_combo_preserves_current_then_uses_fallback PASSED [ 64%]
tests/test_ui_inspecteur_actions.py::test_kind_filter_changed_calls_fill_segments_when_episode_selected PASSED [ 64%]
tests/test_ui_inspecteur_actions.py::test_goto_segment_returns_immediately_when_input_empty PASSED [ 64%]
tests/test_ui_inspecteur_actions.py::test_fill_segments_handles_no_db_and_truncates_long_text PASSED [ 64%]
tests/test_ui_inspecteur_actions.py::test_on_segment_selected_guards_none_or_missing_payload PASSED [ 65%]
tests/test_ui_inspecteur_actions.py::test_run_normalize_warns_on_missing_episode_and_raw_then_runs_job PASSED [ 65%]
tests/test_ui_inspecteur_actions.py::test_set_episode_preferred_profile_warns_without_episode_and_saves_when_valid PASSED [ 65%]
tests/test_ui_inspecteur_actions.py::test_update_profile_rules_preview_clear_and_profile_not_found PASSED [ 65%]
tests/test_ui_inspecteur_actions.py::test_open_profiles_dialog_refreshes_profiles_and_preview PASSED [ 65%]
tests/test_ui_inspecteur_actions.py::test_run_segment_warns_on_missing_episode_and_clean_then_runs_job PASSED [ 65%]
tests/test_ui_inspecteur_actions.py::test_export_segments_routes_to_expected_exporter[out.txt-TXT-txt-.txt] PASSED [ 65%]
tests/test_ui_inspecteur_actions.py::test_export_segments_routes_to_expected_exporter[out.tsv-TSV-tsv-.tsv] PASSED [ 66%]
tests/test_ui_inspecteur_actions.py::test_export_segments_routes_to_expected_exporter[out-SRT-srt-.srt] PASSED [ 66%]
tests/test_ui_inspecteur_actions.py::test_export_segments_routes_to_expected_exporter[out-Word-docx-.docx] PASSED [ 66%]
tests/test_ui_inspecteur_actions.py::test_export_segments_routes_to_expected_exporter[out.csv--csv-.csv] PASSED [ 66%]
tests/test_ui_inspecteur_actions.py::test_export_segments_guard_branches_and_exception PASSED [ 66%]
tests/test_ui_inspecteur_profiles.py::test_inspector_goto_segment_selects_and_reports_errors PASSED [ 66%]
tests/test_ui_inspecteur_profiles.py::test_inspector_profile_priority_episode_source_config PASSED [ 66%]
tests/test_ui_inspecteur_profiles.py::test_profiles_dialog_enables_custom_actions_only_for_custom_items PASSED [ 67%]
tests/test_ui_inspecteur_profiles.py::test_profiles_dialog_new_profile_rejects_duplicate_id PASSED [ 67%]
tests/test_ui_inspecteur_profiles.py::test_profiles_dialog_save_source_defaults_from_table PASSED [ 67%]
tests/test_ui_inspecteur_sous_titres_tab.py::test_wrap_label_embeds_title_and_widget PASSED [ 67%]
tests/test_ui_inspecteur_sous_titres_tab.py::test_init_hides_inner_episode_selectors_and_propagates_undo_stack PASSED [ 67%]
tests/test_ui_inspecteur_sous_titres_tab.py::test_on_episode_changed_returns_when_no_episode PASSED [ 67%]
tests/test_ui_inspecteur_sous_titres_tab.py::test_on_episode_changed_propagates_to_both_tabs PASSED [ 67%]
tests/test_ui_inspecteur_sous_titres_tab.py::test_refresh_handles_missing_store_and_refreshes_children PASSED [ 68%]
tests/test_ui_inspecteur_sous_titres_tab.py::test_refresh_handles_store_with_no_discovered_episodes PASSED [ 68%]
tests/test_ui_inspecteur_sous_titres_tab.py::test_refresh_populates_and_preserves_current_episode PASSED [ 68%]
tests/test_ui_inspecteur_sous_titres_tab.py::test_refresh_when_previous_episode_missing_falls_back_to_first PASSED [ 68%]
tests/test_ui_inspecteur_sous_titres_tab.py::test_restore_combined_splitter_applies_valid_sizes PASSED [ 68%]
tests/test_ui_inspecteur_sous_titres_tab.py::test_restore_combined_splitter_logs_invalid_values PASSED [ 68%]
tests/test_ui_inspecteur_sous_titres_tab.py::test_restore_combined_splitter_ignores_non_list_values PASSED [ 68%]
tests/test_ui_inspecteur_sous_titres_tab.py::test_save_state_persists_splitter_and_delegates_to_inspector PASSED [ 69%]
tests/test_ui_inspecteur_sous_titres_tab.py::test_refresh_profile_combo_delegates PASSED [ 69%]
tests/test_ui_inspecteur_sous_titres_tab.py::test_set_episode_and_load_sets_combo_and_delegates PASSED [ 69%]
tests/test_ui_inspecteur_sous_titres_tab.py::test_set_episode_and_load_still_delegates_when_episode_not_found PASSED [ 69%]
tests/test_ui_logs_tab.py::test_logs_filter_by_level PASSED              [ 69%]
tests/test_ui_logs_tab.py::test_logs_add_entry_keeps_rolling_buffer PASSED [ 69%]
tests/test_ui_logs_tab.py::test_logs_export_writes_file PASSED           [ 69%]
tests/test_ui_logs_tab.py::test_logs_find_dialog_reports_not_found PASSED [ 69%]
tests/test_ui_mainwindow_controllers.py::test_jobs_run_job_returns_when_context_has_no_config PASSED [ 70%]
tests/test_ui_mainwindow_controllers.py::test_jobs_run_job_wires_signals_and_starts_runner PASSED [ 70%]
tests/test_ui_mainwindow_controllers.py::test_jobs_progress_and_logs_update_widgets PASSED [ 70%]
tests/test_ui_mainwindow_controllers.py::test_jobs_log_noop_on_invalid_tab_or_widget PASSED [ 70%]
tests/test_ui_mainwindow_controllers.py::test_jobs_build_summary_collects_failed_episode_ids PASSED [ 70%]
tests/test_ui_mainwindow_controllers.py::test_jobs_build_summary_fallback_first_failure_message PASSED [ 70%]
tests/test_ui_mainwindow_controllers.py::test_jobs_refresh_tabs_after_job_includes_subs_and_warns_on_episode_refresh_error PASSED [ 70%]
tests/test_ui_mainwindow_controllers.py::test_jobs_on_finished_handles_exception_and_resets_runner PASSED [ 71%]
tests/test_ui_mainwindow_controllers.py::test_jobs_on_job_error_handles_unprintable_exception_and_dialog_failure PASSED [ 71%]
tests/test_ui_mainwindow_controllers.py::test_jobs_on_job_error_truncates_long_message PASSED [ 71%]
tests/test_ui_mainwindow_controllers.py::test_jobs_cancel_job_calls_runner_cancel PASSED [ 71%]
tests/test_ui_mainwindow_controllers.py::test_project_refresh_language_combos_updates_all_tabs PASSED [ 71%]
tests/test_ui_mainwindow_controllers.py::test_project_refresh_language_combos_uses_default_when_no_store PASSED [ 71%]
tests/test_ui_mainwindow_controllers.py::test_project_sync_config_rejects_mismatch_and_can_show_status PASSED [ 71%]
tests/test_ui_mainwindow_controllers.py::test_project_sync_config_saves_and_updates_memory PASSED [ 72%]
tests/test_ui_mainwindow_controllers.py::test_project_refresh_tabs_after_open_handles_deferred_and_combined_inspector PASSED [ 72%]
tests/test_ui_mainwindow_controllers.py::test_project_setup_logging_for_project_sets_log_path PASSED [ 72%]
tests/test_ui_mainwindow_controllers.py::test_project_validate_and_init_warns_without_root PASSED [ 72%]
tests/test_ui_mainwindow_controllers.py::test_project_validate_and_init_loads_existing_project_when_config_present PASSED [ 72%]
tests/test_ui_mainwindow_controllers.py::test_project_validate_and_init_new_project_success_with_srt_only PASSED [ 72%]
tests/test_ui_mainwindow_controllers.py::test_project_validate_and_init_handles_errors PASSED [ 72%]
tests/test_ui_mainwindow_controllers.py::test_project_load_existing_project_db_init_or_migrate PASSED [ 73%]
tests/test_ui_mainwindow_controllers.py::test_project_refresh_profile_combos_uses_custom_profiles_and_current PASSED [ 73%]
tests/test_ui_mainwindow_core.py::test_tab_change_stays_on_preparer_when_prompt_cancelled PASSED [ 73%]
tests/test_ui_mainwindow_core.py::test_open_preparer_for_episode_aborts_when_unsaved_cancelled PASSED [ 73%]
tests/test_ui_mainwindow_core.py::test_kwic_open_inspector_aborts_when_preparer_prompt_cancelled PASSED [ 73%]
tests/test_ui_mainwindow_core.py::test_on_job_finished_stores_failed_episode_ids PASSED [ 73%]
tests/test_ui_mainwindow_core.py::test_on_job_finished_success_clears_failed_episode_ids PASSED [ 73%]
tests/test_ui_mainwindow_core.py::test_refresh_tabs_after_job_calls_concordance_refresh_speakers PASSED [ 74%]
tests/test_ui_mainwindow_core.py::test_refresh_tabs_after_job_skips_duplicate_subs_refresh_when_inspector_is_combined PASSED [ 74%]
tests/test_ui_mainwindow_core.py::test_refresh_tabs_after_project_open_skips_duplicate_subs_refresh_when_inspector_is_combined PASSED [ 74%]
tests/test_ui_personnages.py::test_propagate_warns_when_run_not_found PASSED [ 74%]
tests/test_ui_personnages.py::test_propagate_shows_info_when_episode_has_no_assignments PASSED [ 74%]
tests/test_ui_personnages.py::test_propagate_stops_when_language_dialog_cancelled PASSED [ 74%]
tests/test_ui_personnages.py::test_propagate_runs_and_reports_success PASSED [ 74%]
tests/test_ui_personnages.py::test_fill_propagate_run_combo_displays_segment_kind_and_total_links PASSED [ 75%]
tests/test_ui_personnages.py::test_propagate_runs_with_utterance_assignments_when_run_is_utterance PASSED [ 75%]
tests/test_ui_personnages.py::test_propagate_sentence_run_with_utterance_only_assignments_can_be_cancelled PASSED [ 75%]
tests/test_ui_personnages_tab.py::test_refresh_populates_table_sources_and_preserves_episode PASSED [ 75%]
tests/test_ui_personnages_tab.py::test_on_assign_source_changed_sets_and_clears_note PASSED [ 75%]
tests/test_ui_personnages_tab.py::test_ask_languages_to_rewrite_cancel_or_accept PASSED [ 75%]
tests/test_ui_personnages_tab.py::test_add_and_remove_row_updates_table PASSED [ 75%]
tests/test_ui_personnages_tab.py::test_import_speakers_warns_without_episodes PASSED [ 76%]
tests/test_ui_personnages_tab.py::test_import_speakers_infos_when_none_found PASSED [ 76%]
tests/test_ui_personnages_tab.py::test_import_speakers_adds_names_and_skips_existing PASSED [ 76%]
tests/test_ui_personnages_tab.py::test_import_speakers_warns_on_save_validation_error PASSED [ 76%]
tests/test_ui_personnages_tab.py::test_save_builds_characters_with_aliases_and_status PASSED [ 76%]
tests/test_ui_personnages_tab.py::test_save_warns_on_store_validation_error PASSED [ 76%]
tests/test_ui_personnages_tab.py::test_load_assignments_warns_without_episode PASSED [ 76%]
tests/test_ui_personnages_tab.py::test_load_assignments_segments_truncates_text_and_preselects PASSED [ 76%]
tests/test_ui_personnages_tab.py::test_load_assignments_cues_uses_lang_and_cue_source_type PASSED [ 77%]
tests/test_ui_personnages_tab.py::test_suggest_by_alias_infos_when_no_alias_defined PASSED [ 77%]
tests/test_ui_personnages_tab.py::test_suggest_by_alias_fills_assignment_combos PASSED [ 77%]
tests/test_ui_personnages_tab.py::test_save_assignments_warns_without_episode PASSED [ 77%]
tests/test_ui_personnages_tab.py::test_save_assignments_replaces_only_current_source_scope PASSED [ 77%]
tests/test_ui_personnages_tab.py::test_propagate_warns_when_no_episode_or_no_run PASSED [ 77%]
tests/test_ui_personnages_tab.py::test_propagate_can_continue_without_expected_assignments_when_confirmed PASSED [ 77%]
tests/test_ui_personnages_tab.py::test_propagate_exception_shows_critical PASSED [ 78%]
tests/test_ui_personnages_tab.py::test_refresh_returns_without_store PASSED [ 78%]
tests/test_ui_personnages_tab.py::test_fill_propagate_run_combo_handles_invalid_or_unusable_summary_json PASSED [ 78%]
tests/test_ui_personnages_tab.py::test_remove_row_without_selection_is_noop PASSED [ 78%]
tests/test_ui_personnages_tab.py::test_import_speakers_infos_when_all_names_already_exist PASSED [ 78%]
tests/test_ui_personnages_tab.py::test_save_skips_completely_blank_rows PASSED [ 78%]
tests/test_ui_personnages_tab.py::test_load_assignments_segments_utterance_branch_and_combo_defaults PASSED [ 78%]
tests/test_ui_personnages_tab.py::test_load_assignments_cues_truncates_on_raw_text_and_unmatched_assignment PASSED [ 79%]
tests/test_ui_personnages_tab.py::test_suggest_by_alias_skips_rows_without_text_or_combo_and_empty_character_id PASSED [ 79%]
tests/test_ui_personnages_tab.py::test_save_assignments_ignores_invalid_rows_and_uses_current_text_fallback PASSED [ 79%]
tests/test_ui_personnages_tab.py::test_save_assignments_replaces_only_segments_utterance_scope PASSED [ 79%]
tests/test_ui_personnages_tab.py::test_save_assignments_replaces_only_current_cues_language_scope PASSED [ 79%]
tests/test_ui_personnages_tab.py::test_refresh_handles_empty_episode_list_and_missing_previous_episode PASSED [ 79%]
tests/test_ui_personnages_tab.py::test_refresh_with_missing_previous_episode_id_falls_through_selection_loop PASSED [ 79%]
tests/test_ui_personnages_tab.py::test_save_handles_reduced_table_columns PASSED [ 80%]
tests/test_ui_personnages_tab.py::test_load_assignments_sentence_unmatched_character_id_keeps_default_combo PASSED [ 80%]
tests/test_ui_personnages_tab.py::test_load_assignments_cues_unmatched_character_id_keeps_default_combo PASSED [ 80%]
tests/test_ui_personnages_tab.py::test_suggest_by_alias_alias_match_without_combo_entry_does_not_fill PASSED [ 80%]
tests/test_ui_personnages_tab.py::test_save_assignments_keeps_other_episode_records PASSED [ 80%]
tests/test_ui_personnages_tab.py::test_save_assignments_unknown_source_key_keeps_existing_assignments PASSED [ 80%]
tests/test_ui_preparer_navigation.py::test_preparer_tab_inserted_between_inspecteur_and_alignement PASSED [ 80%]
tests/test_ui_preparer_navigation.py::test_navigation_handoff_episode_and_segment_kind PASSED [ 81%]
tests/test_ui_preparer_navigation.py::test_preparer_go_to_alignement_uses_utterance_when_transcript_rows_present PASSED [ 81%]
tests/test_ui_preparer_navigation.py::test_preparer_go_to_alignement_prefers_existing_utterances_from_srt_source PASSED [ 81%]
tests/test_ui_preparer_navigation.py::test_preparer_can_open_srt_source_when_track_exists PASSED [ 81%]
tests/test_ui_preparer_navigation.py::test_preparer_tab_switch_keeps_current_episode_and_source PASSED [ 81%]
tests/test_ui_preparer_navigation.py::test_preparer_tables_resize_with_multiline_content PASSED [ 81%]
tests/test_ui_preparer_navigation.py::test_preparer_srt_timecode_edit_persists_to_db PASSED [ 81%]
tests/test_ui_preparer_navigation.py::test_preparer_personnage_column_has_editable_combo_choices PASSED [ 82%]
tests/test_ui_preparer_navigation.py::test_preparer_srt_timecode_editability_restored_after_source_switch PASSED [ 82%]
tests/test_ui_preparer_navigation.py::test_preparer_srt_timecode_strict_rejects_overlap PASSED [ 82%]
tests/test_ui_preparer_navigation.py::test_preparer_srt_timecode_overlap_allowed_when_strict_disabled PASSED [ 82%]
tests/test_ui_preparer_navigation.py::test_preparer_srt_timecode_rejects_invalid_range PASSED [ 82%]
tests/test_ui_preparer_navigation.py::test_preparer_save_transcript_rejects_unknown_character PASSED [ 82%]
tests/test_ui_preparer_navigation.py::test_preparer_save_cue_rejects_unknown_character PASSED [ 82%]
tests/test_ui_preparer_navigation.py::test_preparer_utterance_cell_edit_undo_redo PASSED [ 83%]
tests/test_ui_preparer_navigation.py::test_preparer_segment_draft_undo_restores_previous_view PASSED [ 83%]
tests/test_ui_preparer_navigation.py::test_preparer_status_combo_persists_and_is_undoable PASSED [ 83%]
tests/test_ui_preparer_navigation.py::test_preparer_default_status_transcript_clean_is_normalized PASSED [ 83%]
tests/test_ui_preparer_navigation.py::test_preparer_default_status_srt_text_clean_diff_is_normalized PASSED [ 83%]
tests/test_ui_preparer_navigation.py::test_preparer_save_transcript_rows_undo_restores_db PASSED [ 83%]
tests/test_ui_preparer_navigation.py::test_preparer_save_srt_undo_restores_db_and_file PASSED [ 83%]
tests/test_ui_preparer_navigation.py::test_preparer_save_clean_file_undo_restores_previous_file_state PASSED [ 84%]
tests/test_ui_preparer_navigation.py::test_refresh_tabs_after_job_preserves_preparer_dirty_draft PASSED [ 84%]
tests/test_ui_preparer_navigation.py::test_personnages_save_assignments_cues_scoped_by_lang PASSED [ 84%]
tests/test_ui_preparer_navigation.py::test_personnages_save_warns_on_character_alias_collision PASSED [ 84%]
tests/test_ui_preparer_navigation.py::test_preparer_segment_uses_saved_segmentation_options PASSED [ 84%]
tests/test_ui_preparer_navigation.py::test_preparer_default_segmentation_does_not_treat_lesson_one_as_speaker PASSED [ 84%]
tests/test_ui_preparer_navigation.py::test_preparer_merge_selected_utterances_with_user_separator PASSED [ 84%]
tests/test_ui_preparer_navigation.py::test_preparer_split_selected_utterance_uses_cursor_position PASSED [ 84%]
tests/test_ui_preparer_navigation.py::test_preparer_renumber_utterances_updates_number_column_and_supports_undo PASSED [ 85%]
tests/test_ui_preparer_navigation.py::test_preparer_group_utterances_by_assignments_tolerant_mode PASSED [ 85%]
tests/test_ui_preparer_navigation.py::test_preparer_group_utterances_uses_segment_assignments_when_labels_do_not_match PASSED [ 85%]
tests/test_ui_preparer_navigation.py::test_preparer_save_transcript_structural_edits_replace_segments PASSED [ 85%]
tests/test_ui_preparer_navigation.py::test_preparer_save_structural_warns_and_can_cancel_run_invalidation PASSED [ 85%]
tests/test_ui_preparer_navigation.py::test_preparer_save_transcript_non_structural_keeps_align_runs PASSED [ 85%]
tests/test_ui_preparer_navigation.py::test_preparer_save_transcript_can_persist_zero_utterance_rows PASSED [ 85%]
tests/test_ui_preparer_navigation.py::test_preparer_reset_utterances_to_text_and_save_clears_segments PASSED [ 86%]
tests/test_ui_preparer_navigation.py::test_refresh_tabs_after_job_updates_personnages_runs PASSED [ 86%]
tests/test_ui_preparer_navigation.py::test_preparer_discard_reloads_persisted_context PASSED [ 86%]
tests/test_ui_preparer_navigation.py::test_preparer_source_combo_includes_project_languages PASSED [ 86%]
tests/test_ui_preparer_navigation.py::test_refresh_language_combos_updates_multilang_tabs PASSED [ 86%]
tests/test_ui_profiles_dialog_p1.py::test_profiles_dialog_handles_validation_error_on_load PASSED [ 86%]
tests/test_ui_profiles_dialog_p1.py::test_profiles_dialog_save_custom_error_then_parent_refresh PASSED [ 86%]
tests/test_ui_profiles_dialog_p1.py::test_profiles_dialog_new_profile_valid_and_empty_id_paths PASSED [ 87%]
tests/test_ui_profiles_dialog_p1.py::test_profiles_dialog_new_profile_rejected_does_nothing PASSED [ 87%]
tests/test_ui_profiles_dialog_p1.py::test_profiles_dialog_edit_and_delete_custom_profile_paths PASSED [ 87%]
tests/test_ui_profiles_dialog_p1.py::test_profiles_dialog_edit_and_delete_guard_paths PASSED [ 87%]
tests/test_ui_profiles_dialog_p1.py::test_profiles_dialog_source_table_save_remove_and_close PASSED [ 87%]
tests/test_ui_profiles_dialog_p1.py::test_profiles_dialog_works_without_store PASSED [ 87%]
tests/test_ui_profiles_dialog_p1.py::test_profiles_dialog_source_table_handles_unknown_source_and_invalid_rows PASSED [ 87%]
tests/test_ui_profiles_dialog_p1.py::test_profiles_dialog_load_list_skips_custom_profiles_with_empty_id PASSED [ 88%]
tests/test_ui_profiles_dialog_p1.py::test_profiles_dialog_edit_profile_rejected_keeps_existing_data PASSED [ 88%]
tests/test_ui_profiles_dialog_p1.py::test_profiles_dialog_save_source_defaults_skips_blank_source_or_profile PASSED [ 88%]
tests/test_ui_profiles_dialog_p1.py::test_profile_editor_dialog_builds_preview_and_exports_form_data PASSED [ 88%]
tests/test_ui_profiles_dialog_p1.py::test_profile_editor_dialog_loads_existing_data_and_regex_variants PASSED [ 88%]
tests/test_ui_profiles_dialog_p1.py::test_profile_editor_dialog_handles_invalid_case_and_truncated_regex_display PASSED [ 88%]
tests/test_ui_profiles_dialog_p1.py::test_profile_editor_update_preview_empty_input_and_diff_paths PASSED [ 88%]
tests/test_ui_profiles_dialog_p1.py::test_profile_editor_add_regex_rule_cancel_empty_invalid_success PASSED [ 89%]
tests/test_ui_profiles_dialog_p1.py::test_profile_editor_edit_and_remove_regex_rule_paths PASSED [ 89%]
tests/test_ui_profiles_dialog_p1.py::test_profile_editor_history_mentions_no_transformations_when_all_disabled PASSED [ 89%]
tests/test_ui_profiles_dialog_p1.py::test_profile_editor_history_handles_merges_without_examples PASSED [ 89%]
tests/test_ui_project_tab_actions.py::test_source_changed_updates_label_and_placeholder PASSED [ 89%]
tests/test_ui_project_tab_actions.py::test_discover_and_fetch_buttons_use_callbacks_or_status PASSED [ 89%]
tests/test_ui_project_tab_actions.py::test_get_form_data_handles_empty_series_url_as_srt_only PASSED [ 89%]
tests/test_ui_project_tab_actions.py::test_save_config_and_emit_helpers_trigger_callbacks PASSED [ 90%]
tests/test_ui_project_tab_actions.py::test_set_project_state_populates_widgets_and_triggers_source_behavior PASSED [ 90%]
tests/test_ui_project_tab_actions.py::test_refresh_languages_list_with_and_without_store PASSED [ 90%]
tests/test_ui_project_tab_actions.py::test_browse_and_browse_and_validate_set_root PASSED [ 90%]
tests/test_ui_project_tab_actions.py::test_languages_selection_changed_enables_remove_only_when_possible PASSED [ 90%]
tests/test_ui_project_tab_actions.py::test_add_language_rejected_or_invalid_or_duplicate PASSED [ 90%]
tests/test_ui_project_tab_actions.py::test_add_language_success_persists_sorted_and_refreshes PASSED [ 90%]
tests/test_ui_project_tab_actions.py::test_remove_language_handles_no_selection_and_cancel PASSED [ 91%]
tests/test_ui_project_tab_actions.py::test_remove_language_success_updates_store_and_callbacks PASSED [ 91%]
tests/test_ui_sous_titres_actions.py::test_subtitles_setters_and_episode_sync PASSED [ 91%]
tests/test_ui_sous_titres_actions.py::test_subtitles_refresh_returns_without_store PASSED [ 91%]
tests/test_ui_sous_titres_actions.py::test_subtitles_refresh_preserves_current_episode_when_still_present PASSED [ 91%]
tests/test_ui_sous_titres_actions.py::test_subtitles_refresh_falls_back_when_current_episode_missing PASSED [ 91%]
tests/test_ui_sous_titres_actions.py::test_subtitles_on_track_selected_guard_without_store PASSED [ 91%]
tests/test_ui_sous_titres_actions.py::test_subtitles_on_track_selected_guard_without_episode PASSED [ 92%]
tests/test_ui_sous_titres_actions.py::test_subtitles_on_track_selected_guard_invalid_payload PASSED [ 92%]
tests/test_ui_sous_titres_actions.py::test_subtitles_on_track_selected_guard_without_track_content PASSED [ 92%]
tests/test_ui_sous_titres_actions.py::test_subtitles_delete_selected_track_returns_without_selection PASSED [ 92%]
tests/test_ui_sous_titres_actions.py::test_subtitles_delete_selected_track_returns_for_invalid_payload PASSED [ 92%]
tests/test_ui_sous_titres_actions.py::test_subtitles_delete_selected_track_returns_for_empty_lang PASSED [ 92%]
tests/test_ui_sous_titres_actions.py::test_subtitles_delete_selected_track_uses_undo_stack_when_available PASSED [ 92%]
tests/test_ui_sous_titres_actions.py::test_subtitles_normalize_track_guard_branches PASSED [ 92%]
tests/test_ui_sous_titres_actions.py::test_subtitles_normalize_track_reports_when_nothing_normalized PASSED [ 93%]
tests/test_ui_sous_titres_actions.py::test_subtitles_normalize_track_success_without_rewrite_message PASSED [ 93%]
tests/test_ui_sous_titres_actions.py::test_subtitles_export_srt_final_guard_branches_and_cancel PASSED [ 93%]
tests/test_ui_sous_titres_actions.py::test_subtitles_export_srt_final_reports_exception PASSED [ 93%]
tests/test_ui_sous_titres_actions.py::test_subtitles_import_file_warns_without_episode PASSED [ 93%]
tests/test_ui_sous_titres_actions.py::test_subtitles_import_file_returns_when_cancelled PASSED [ 93%]
tests/test_ui_sous_titres_actions.py::test_subtitles_import_file_without_profile_keeps_none PASSED [ 93%]
tests/test_ui_sous_titres_actions.py::test_subtitles_import_batch_warns_without_discovered_episodes PASSED [ 94%]
tests/test_ui_sous_titres_actions.py::test_subtitles_import_batch_returns_when_folder_cancelled PASSED [ 94%]
tests/test_ui_sous_titres_actions.py::test_subtitles_import_batch_informs_when_no_files_found PASSED [ 94%]
tests/test_ui_sous_titres_actions.py::test_subtitles_import_batch_returns_when_dialog_rejected PASSED [ 94%]
tests/test_ui_sous_titres_actions.py::test_subtitles_import_batch_runs_pipeline_with_parent_folder_fallback PASSED [ 94%]
tests/test_ui_sous_titres_actions.py::test_subtitles_import_opensubtitles_warns_without_discovered_episodes PASSED [ 94%]
tests/test_ui_sous_titres_actions.py::test_subtitles_import_opensubtitles_returns_when_dialog_rejected PASSED [ 94%]
tests/test_ui_sous_titres_actions.py::test_subtitles_import_opensubtitles_runs_pipeline_and_saves_config PASSED [ 95%]
tests/test_ui_sous_titres_actions.py::test_subtitles_save_content_returns_without_episode PASSED [ 95%]
tests/test_ui_sous_titres_actions.py::test_subtitles_save_content_warns_without_selected_track PASSED [ 95%]
tests/test_ui_sous_titres_actions.py::test_subtitles_save_content_reports_exception PASSED [ 95%]
tests/test_ui_sous_titres_actions.py::test_subtitles_set_episode_and_load_no_match_keeps_selection PASSED [ 95%]
tests/test_ui_sous_titres_actions.py::test_subtitles_import_batch_skips_non_files_and_duplicate_resolve_keys PASSED [ 95%]
tests/test_ui_sous_titres_actions.py::test_subtitles_import_batch_fallback_branch_variants PASSED [ 95%]
tests/test_ui_sous_titres_tab.py::test_subtitles_refresh_populates_episode_and_tracks PASSED [ 96%]
tests/test_ui_sous_titres_tab.py::test_subtitles_track_selection_loads_content_and_enables_actions PASSED [ 96%]
tests/test_ui_sous_titres_tab.py::test_subtitles_import_file_runs_pipeline_with_profile PASSED [ 96%]
tests/test_ui_sous_titres_tab.py::test_subtitles_normalize_track_calls_store_and_reports_status PASSED [ 96%]
tests/test_ui_sous_titres_tab.py::test_subtitles_export_srt_final_writes_file PASSED [ 96%]
tests/test_ui_sous_titres_tab.py::test_subtitles_export_srt_final_warns_without_cues PASSED [ 96%]
tests/test_ui_sous_titres_tab.py::test_subtitles_save_content_reimports_saved_file PASSED [ 96%]
tests/test_ui_sous_titres_tab.py::test_subtitles_delete_selected_track_when_confirmed PASSED [ 97%]
tests/test_ui_sous_titres_tab.py::test_subtitles_delete_selected_track_noop_when_cancelled PASSED [ 97%]
tests/test_ui_utils_p1.py::test_require_project_raises_when_get_store_missing PASSED [ 97%]
tests/test_ui_utils_p1.py::test_require_project_returns_method_value_when_store_exists PASSED [ 97%]
tests/test_ui_utils_p1.py::test_require_db_raises_when_get_db_missing PASSED [ 97%]
tests/test_ui_utils_p1.py::test_require_db_returns_method_value_when_db_exists PASSED [ 97%]
tests/test_ui_utils_p1.py::test_require_project_and_db_raises_when_methods_missing PASSED [ 97%]
tests/test_ui_utils_p1.py::test_require_project_and_db_returns_method_value_when_both_exist PASSED [ 98%]
tests/test_ui_utils_p1.py::test_show_helpers_delegate_to_qmessagebox PASSED [ 98%]
tests/test_ui_utils_p1.py::test_confirm_action_maps_yes_no PASSED        [ 98%]
tests/test_undo_commands.py::test_delete_subtitle_track_command_redo_undo_restores_db_files_and_alignment PASSED [ 98%]
tests/test_utils_text.py::test_extract_episode_id_from_message[-None] PASSED [ 98%]
tests/test_utils_text.py::test_extract_episode_id_from_message[Error: something failed-None] PASSED [ 98%]
tests/test_utils_text.py::test_extract_episode_id_from_message[Fetch failed for S01E01-S01E01] PASSED [ 98%]
tests/test_utils_text.py::test_extract_episode_id_from_message[s02e15: timeout-S02E15] PASSED [ 99%]
tests/test_utils_text.py::test_extract_episode_id_from_message[\xc9chec S01E01 \u2014 connexion refus\xe9e-S01E01] PASSED [ 99%]
tests/test_utils_text.py::test_extract_episode_id_from_message[Multiple S01E01 and S01E02 failed-S01E01] PASSED [ 99%]
tests/test_utils_text.py::test_normalize_whitespace PASSED               [ 99%]
tests/test_workers.py::test_pipeline_worker_success_emits_finished PASSED [ 99%]
tests/test_workers.py::test_pipeline_worker_error_emits_error_and_empty_finished PASSED [ 99%]
tests/test_workers.py::test_job_runner_cancel_calls_runner_cancel PASSED [ 99%]
tests/test_workers.py::test_job_runner_on_progress_emits_signal PASSED   [100%]

=============================== tests coverage ================================
_______________ coverage: platform win32, python 3.12.0-final-0 _______________

Name                                                                  Stmts   Miss  Cover
-----------------------------------------------------------------------------------------
src\howimetyourcorpus\__init__.py                                         1      0   100%
src\howimetyourcorpus\app\__init__.py                                     0      0   100%
src\howimetyourcorpus\app\dialogs\__init__.py                             6      0   100%
src\howimetyourcorpus\app\dialogs\edit_align_link.py                     59      0   100%
src\howimetyourcorpus\app\dialogs\normalize_options.py                   63      1    98%
src\howimetyourcorpus\app\dialogs\opensubtitles_download.py              67      0   100%
src\howimetyourcorpus\app\dialogs\profiles.py                           488      0   100%
src\howimetyourcorpus\app\dialogs\search_replace.py                      30      0   100%
src\howimetyourcorpus\app\dialogs\segmentation_options.py                64      1    98%
src\howimetyourcorpus\app\dialogs\subtitle_batch_import.py               85      7    92%
src\howimetyourcorpus\app\main.py                                        16     16     0%
src\howimetyourcorpus\app\mainwindow_jobs.py                            126      4    97%
src\howimetyourcorpus\app\mainwindow_project.py                         130      2    98%
src\howimetyourcorpus\app\mainwindow_tabs.py                            109      6    94%
src\howimetyourcorpus\app\models_qt.py                                    5      0   100%
src\howimetyourcorpus\app\models_qt_align.py                             75     25    67%
src\howimetyourcorpus\app\models_qt_common.py                            48     21    56%
src\howimetyourcorpus\app\models_qt_episodes.py                         439    306    30%
src\howimetyourcorpus\app\models_qt_kwic.py                              44     11    75%
src\howimetyourcorpus\app\tabs\__init__.py                               11      0   100%
src\howimetyourcorpus\app\tabs\alignement_actions.py                    304      0   100%
src\howimetyourcorpus\app\tabs\alignement_exporters.py                   41     14    66%
src\howimetyourcorpus\app\tabs\corpus_context.py                         54      0   100%
src\howimetyourcorpus\app\tabs\corpus_export.py                          43     37    14%
src\howimetyourcorpus\app\tabs\corpus_sources.py                        188      2    99%
src\howimetyourcorpus\app\tabs\corpus_ui.py                             226      9    96%
src\howimetyourcorpus\app\tabs\corpus_view.py                           150      0   100%
src\howimetyourcorpus\app\tabs\corpus_workflow.py                        78      0   100%
src\howimetyourcorpus\app\tabs\preparer_actions.py                      134      0   100%
src\howimetyourcorpus\app\tabs\preparer_context.py                      185     55    70%
src\howimetyourcorpus\app\tabs\preparer_edit.py                         380    122    68%
src\howimetyourcorpus\app\tabs\preparer_persistence.py                   74      9    88%
src\howimetyourcorpus\app\tabs\preparer_save.py                         148     11    93%
src\howimetyourcorpus\app\tabs\preparer_state.py                        128     25    80%
src\howimetyourcorpus\app\tabs\preparer_ui.py                           110      0   100%
src\howimetyourcorpus\app\tabs\preparer_views.py                        230     32    86%
src\howimetyourcorpus\app\tabs\tab_alignement.py                        277      0   100%
src\howimetyourcorpus\app\tabs\tab_concordance.py                       346      0   100%
src\howimetyourcorpus\app\tabs\tab_corpus.py                            188      0   100%
src\howimetyourcorpus\app\tabs\tab_inspecteur.py                        384      0   100%
src\howimetyourcorpus\app\tabs\tab_inspecteur_sous_titres.py             98      0   100%
src\howimetyourcorpus\app\tabs\tab_logs.py                              115     13    89%
src\howimetyourcorpus\app\tabs\tab_personnages.py                       451      1    99%
src\howimetyourcorpus\app\tabs\tab_preparer.py                          297     32    89%
src\howimetyourcorpus\app\tabs\tab_projet.py                            231      0   100%
src\howimetyourcorpus\app\tabs\tab_sous_titres.py                       384      0   100%
src\howimetyourcorpus\app\ui_mainwindow.py                              254     61    76%
src\howimetyourcorpus\app\ui_utils.py                                    68      0   100%
src\howimetyourcorpus\app\undo_commands.py                              154     36    77%
src\howimetyourcorpus\app\widgets\__init__.py                             2      0   100%
src\howimetyourcorpus\app\widgets\align_stats_widget.py                  59      2    97%
src\howimetyourcorpus\app\workers.py                                     84     31    63%
src\howimetyourcorpus\core\__init__.py                                    0      0   100%
src\howimetyourcorpus\core\adapters\__init__.py                           2      0   100%
src\howimetyourcorpus\core\adapters\base.py                              27      5    81%
src\howimetyourcorpus\core\adapters\subslikescript.py                   100     16    84%
src\howimetyourcorpus\core\adapters\tvmaze.py                            60     43    28%
src\howimetyourcorpus\core\align\__init__.py                              4      0   100%
src\howimetyourcorpus\core\align\aligner.py                             124      9    93%
src\howimetyourcorpus\core\align\run_metadata.py                         24      0   100%
src\howimetyourcorpus\core\align\similarity.py                           24     11    54%
src\howimetyourcorpus\core\export_utils.py                              352    264    25%
src\howimetyourcorpus\core\models.py                                     55      0   100%
src\howimetyourcorpus\core\normalize\__init__.py                          0      0   100%
src\howimetyourcorpus\core\normalize\profiles.py                        225     51    77%
src\howimetyourcorpus\core\normalize\rules.py                            12      1    92%
src\howimetyourcorpus\core\opensubtitles\__init__.py                      2      0   100%
src\howimetyourcorpus\core\opensubtitles\client.py                       86     64    26%
src\howimetyourcorpus\core\pipeline\__init__.py                           0      0   100%
src\howimetyourcorpus\core\pipeline\context.py                           15      0   100%
src\howimetyourcorpus\core\pipeline\runner.py                            46     35    24%
src\howimetyourcorpus\core\pipeline\steps.py                             18      0   100%
src\howimetyourcorpus\core\pipeline\tasks.py                            455    274    40%
src\howimetyourcorpus\core\preparer\__init__.py                           6      0   100%
src\howimetyourcorpus\core\preparer\persistence.py                       67     10    85%
src\howimetyourcorpus\core\preparer\segmentation.py                     104     12    88%
src\howimetyourcorpus\core\preparer\service.py                          173     41    76%
src\howimetyourcorpus\core\preparer\snapshots.py                         36      6    83%
src\howimetyourcorpus\core\preparer\status.py                             8      4    50%
src\howimetyourcorpus\core\preparer\timecodes.py                         17      1    94%
src\howimetyourcorpus\core\segment\__init__.py                            3      0   100%
src\howimetyourcorpus\core\segment\legacy.py                             54     35    35%
src\howimetyourcorpus\core\segment\segmenters.py                         75      7    91%
src\howimetyourcorpus\core\storage\__init__.py                            0      0   100%
src\howimetyourcorpus\core\storage\align_grouping.py                    154     41    73%
src\howimetyourcorpus\core\storage\character_propagation.py              88      2    98%
src\howimetyourcorpus\core\storage\db.py                                301     65    78%
src\howimetyourcorpus\core\storage\db_align.py                          162     18    89%
src\howimetyourcorpus\core\storage\db_kwic.py                           131     23    82%
src\howimetyourcorpus\core\storage\db_segments.py                        29      6    79%
src\howimetyourcorpus\core\storage\db_subtitles.py                       58      6    90%
src\howimetyourcorpus\core\storage\project_store.py                     164     21    87%
src\howimetyourcorpus\core\storage\project_store_align_io.py             36     12    67%
src\howimetyourcorpus\core\storage\project_store_characters.py          122     25    80%
src\howimetyourcorpus\core\storage\project_store_config.py               63     19    70%
src\howimetyourcorpus\core\storage\project_store_custom_profiles.py      33     22    33%
src\howimetyourcorpus\core\storage\project_store_episode_io.py           78     14    82%
src\howimetyourcorpus\core\storage\project_store_prep.py                147     20    86%
src\howimetyourcorpus\core\storage\project_store_profiles.py             31     16    48%
src\howimetyourcorpus\core\storage\project_store_series_index.py         41      9    78%
src\howimetyourcorpus\core\storage\project_store_subtitles.py            67      7    90%
src\howimetyourcorpus\core\subtitles\__init__.py                          2      0   100%
src\howimetyourcorpus\core\subtitles\parsers.py                         161     26    84%
src\howimetyourcorpus\core\utils\__init__.py                              0      0   100%
src\howimetyourcorpus\core\utils\http.py                                100    100     0%
src\howimetyourcorpus\core\utils\logging.py                              26     19    27%
src\howimetyourcorpus\core\utils\text.py                                 17      1    94%
-----------------------------------------------------------------------------------------
TOTAL                                                                 11916   2253    81%
Coverage JSON written to file C:\Dev\HIMYC-3\audit\2026-03-16_e2e_validation\evidence\quality_gate_postfix2\coverage.json
======================= 713 passed in 87.16s (0:01:27) ========================
